MPASM 5.74                  EJEMPLO4_1_3.ASM   5-3-2023  10:04:48         PAGE  1


LOC  OBJECT CODE     LINE SOURCE TEXT
  VALUE

                      00001 ;4.1.3 - Sumar 2 números, almacenar el resultado en 0x0d, 
                      00002 ;borrar el registro SUM y borrar el acumulador W
                      00003 
Warning[205]: Found directive in column 1. (LIST)
                      00004 LIST P=16F84
                      00005 
  0000000C            00006 VAL1 EQU 0X0C
  0000000F            00007 VAL2 EQU 0X0F
  0000000D            00008 SUM EQU 0X0D
                      00009 
Warning[205]: Found directive in column 1. (ORG)
                      00010 ORG 0
                      00011 
                      00012 ;INICIO
0000                  00013 INICIO
                      00014         
Warning[203]: Found opcode in column 1. (MOVLW)
0000   3001           00015 MOVLW D'1';1->W
Warning[203]: Found opcode in column 1. (MOVWF)
0001   008C           00016 MOVWF VAL1;W->VAL1
Warning[203]: Found opcode in column 1. (MOVLW)
0002   3002           00017 MOVLW D'2';2->W
Warning[203]: Found opcode in column 1. (MOVWF)
0003   008F           00018 MOVWF VAL2;W->VAL2
Warning[203]: Found opcode in column 1. (ADDWF)
0004   070C           00019 ADDWF VAL1,W;W+VAL1 RESULTADO EN W
Warning[203]: Found opcode in column 1. (MOVWF)
0005   008D           00020 MOVWF SUM;W->SUM
Warning[203]: Found opcode in column 1. (CLRF)
0006   018D           00021 CLRF SUM;LIMPIAMOS SUM
Warning[203]: Found opcode in column 1. (CLRW)
0007   0103           00022 CLRW;LIMPIAMOSW
                      00023 
Warning[205]: Found directive in column 1. (END)
                      00024 END
MPASM 5.74                  EJEMPLO4_1_3.ASM   5-3-2023  10:04:48         PAGE  2


SYMBOL TABLE
  LABEL                             VALUE 

INICIO                            00000000
SUM                               0000000D
VAL1                              0000000C
VAL2                              0000000F
__16F84A                          00000001

Errors   :     0
Warnings :    11 reported,     0 suppressed
Messages :     0 reported,     0 suppressed

