Warning[205] C:\SP_PROGRAMAS_UNIDAD4\SEMAFORO\SEMAFORO.X\SEMAFORO.ASM 1 : Found directive in column 1. (list)
Warning[205] C:\SP_PROGRAMAS_UNIDAD4\SEMAFORO\SEMAFORO.X\SEMAFORO.ASM 6 : Found directive in column 1. (org)
Warning[203] C:\SP_PROGRAMAS_UNIDAD4\SEMAFORO\SEMAFORO.X\SEMAFORO.ASM 9 : Found opcode in column 1. (bsf)
Warning[203] C:\SP_PROGRAMAS_UNIDAD4\SEMAFORO\SEMAFORO.X\SEMAFORO.ASM 10 : Found opcode in column 1. (movlw)
Warning[203] C:\SP_PROGRAMAS_UNIDAD4\SEMAFORO\SEMAFORO.X\SEMAFORO.ASM 11 : Found opcode in column 1. (movwf)
Warning[203] C:\SP_PROGRAMAS_UNIDAD4\SEMAFORO\SEMAFORO.X\SEMAFORO.ASM 12 : Found opcode in column 1. (movlw)
Warning[203] C:\SP_PROGRAMAS_UNIDAD4\SEMAFORO\SEMAFORO.X\SEMAFORO.ASM 13 : Found opcode in column 1. (movwf)
Warning[203] C:\SP_PROGRAMAS_UNIDAD4\SEMAFORO\SEMAFORO.X\SEMAFORO.ASM 14 : Found opcode in column 1. (bcf)
Warning[203] C:\SP_PROGRAMAS_UNIDAD4\SEMAFORO\SEMAFORO.X\SEMAFORO.ASM 15 : Found opcode in column 1. (clrf)
Warning[203] C:\SP_PROGRAMAS_UNIDAD4\SEMAFORO\SEMAFORO.X\SEMAFORO.ASM 18 : Found opcode in column 1. (bsf)
Warning[203] C:\SP_PROGRAMAS_UNIDAD4\SEMAFORO\SEMAFORO.X\SEMAFORO.ASM 19 : Found opcode in column 1. (bcf)
Warning[203] C:\SP_PROGRAMAS_UNIDAD4\SEMAFORO\SEMAFORO.X\SEMAFORO.ASM 20 : Found opcode in column 1. (bcf)
Warning[203] C:\SP_PROGRAMAS_UNIDAD4\SEMAFORO\SEMAFORO.X\SEMAFORO.ASM 22 : Found opcode in column 1. (call)
Warning[203] C:\SP_PROGRAMAS_UNIDAD4\SEMAFORO\SEMAFORO.X\SEMAFORO.ASM 23 : Found opcode in column 1. (call)
Warning[203] C:\SP_PROGRAMAS_UNIDAD4\SEMAFORO\SEMAFORO.X\SEMAFORO.ASM 24 : Found opcode in column 1. (call)
Warning[203] C:\SP_PROGRAMAS_UNIDAD4\SEMAFORO\SEMAFORO.X\SEMAFORO.ASM 25 : Found opcode in column 1. (call)
Warning[203] C:\SP_PROGRAMAS_UNIDAD4\SEMAFORO\SEMAFORO.X\SEMAFORO.ASM 26 : Found opcode in column 1. (call)
Warning[203] C:\SP_PROGRAMAS_UNIDAD4\SEMAFORO\SEMAFORO.X\SEMAFORO.ASM 27 : Found opcode in column 1. (call)
Warning[203] C:\SP_PROGRAMAS_UNIDAD4\SEMAFORO\SEMAFORO.X\SEMAFORO.ASM 28 : Found opcode in column 1. (call)
Warning[203] C:\SP_PROGRAMAS_UNIDAD4\SEMAFORO\SEMAFORO.X\SEMAFORO.ASM 29 : Found opcode in column 1. (call)
Warning[203] C:\SP_PROGRAMAS_UNIDAD4\SEMAFORO\SEMAFORO.X\SEMAFORO.ASM 30 : Found opcode in column 1. (call)
Warning[203] C:\SP_PROGRAMAS_UNIDAD4\SEMAFORO\SEMAFORO.X\SEMAFORO.ASM 31 : Found opcode in column 1. (call)
Warning[203] C:\SP_PROGRAMAS_UNIDAD4\SEMAFORO\SEMAFORO.X\SEMAFORO.ASM 32 : Found opcode in column 1. (call)
Warning[203] C:\SP_PROGRAMAS_UNIDAD4\SEMAFORO\SEMAFORO.X\SEMAFORO.ASM 33 : Found opcode in column 1. (call)
Warning[203] C:\SP_PROGRAMAS_UNIDAD4\SEMAFORO\SEMAFORO.X\SEMAFORO.ASM 34 : Found opcode in column 1. (call)
Warning[203] C:\SP_PROGRAMAS_UNIDAD4\SEMAFORO\SEMAFORO.X\SEMAFORO.ASM 35 : Found opcode in column 1. (call)
Warning[203] C:\SP_PROGRAMAS_UNIDAD4\SEMAFORO\SEMAFORO.X\SEMAFORO.ASM 36 : Found opcode in column 1. (call)
Warning[203] C:\SP_PROGRAMAS_UNIDAD4\SEMAFORO\SEMAFORO.X\SEMAFORO.ASM 37 : Found opcode in column 1. (call)
Warning[203] C:\SP_PROGRAMAS_UNIDAD4\SEMAFORO\SEMAFORO.X\SEMAFORO.ASM 38 : Found opcode in column 1. (call)
Warning[203] C:\SP_PROGRAMAS_UNIDAD4\SEMAFORO\SEMAFORO.X\SEMAFORO.ASM 39 : Found opcode in column 1. (call)
Warning[203] C:\SP_PROGRAMAS_UNIDAD4\SEMAFORO\SEMAFORO.X\SEMAFORO.ASM 41 : Found opcode in column 1. (bcf)
Warning[203] C:\SP_PROGRAMAS_UNIDAD4\SEMAFORO\SEMAFORO.X\SEMAFORO.ASM 42 : Found opcode in column 1. (bsf)
Warning[203] C:\SP_PROGRAMAS_UNIDAD4\SEMAFORO\SEMAFORO.X\SEMAFORO.ASM 44 : Found opcode in column 1. (call)
Warning[203] C:\SP_PROGRAMAS_UNIDAD4\SEMAFORO\SEMAFORO.X\SEMAFORO.ASM 45 : Found opcode in column 1. (call)
Warning[203] C:\SP_PROGRAMAS_UNIDAD4\SEMAFORO\SEMAFORO.X\SEMAFORO.ASM 46 : Found opcode in column 1. (call)
Warning[203] C:\SP_PROGRAMAS_UNIDAD4\SEMAFORO\SEMAFORO.X\SEMAFORO.ASM 47 : Found opcode in column 1. (call)
Warning[203] C:\SP_PROGRAMAS_UNIDAD4\SEMAFORO\SEMAFORO.X\SEMAFORO.ASM 48 : Found opcode in column 1. (call)
Warning[203] C:\SP_PROGRAMAS_UNIDAD4\SEMAFORO\SEMAFORO.X\SEMAFORO.ASM 49 : Found opcode in column 1. (call)
Warning[203] C:\SP_PROGRAMAS_UNIDAD4\SEMAFORO\SEMAFORO.X\SEMAFORO.ASM 50 : Found opcode in column 1. (call)
Warning[203] C:\SP_PROGRAMAS_UNIDAD4\SEMAFORO\SEMAFORO.X\SEMAFORO.ASM 51 : Found opcode in column 1. (call)
Warning[203] C:\SP_PROGRAMAS_UNIDAD4\SEMAFORO\SEMAFORO.X\SEMAFORO.ASM 53 : Found opcode in column 1. (bcf)
Warning[203] C:\SP_PROGRAMAS_UNIDAD4\SEMAFORO\SEMAFORO.X\SEMAFORO.ASM 54 : Found opcode in column 1. (bsf)
Warning[203] C:\SP_PROGRAMAS_UNIDAD4\SEMAFORO\SEMAFORO.X\SEMAFORO.ASM 56 : Found opcode in column 1. (call)
Warning[203] C:\SP_PROGRAMAS_UNIDAD4\SEMAFORO\SEMAFORO.X\SEMAFORO.ASM 57 : Found opcode in column 1. (call)
Warning[203] C:\SP_PROGRAMAS_UNIDAD4\SEMAFORO\SEMAFORO.X\SEMAFORO.ASM 58 : Found opcode in column 1. (call)
Warning[203] C:\SP_PROGRAMAS_UNIDAD4\SEMAFORO\SEMAFORO.X\SEMAFORO.ASM 59 : Found opcode in column 1. (call)
Warning[203] C:\SP_PROGRAMAS_UNIDAD4\SEMAFORO\SEMAFORO.X\SEMAFORO.ASM 60 : Found opcode in column 1. (call)
Warning[203] C:\SP_PROGRAMAS_UNIDAD4\SEMAFORO\SEMAFORO.X\SEMAFORO.ASM 61 : Found opcode in column 1. (call)
Warning[203] C:\SP_PROGRAMAS_UNIDAD4\SEMAFORO\SEMAFORO.X\SEMAFORO.ASM 62 : Found opcode in column 1. (call)
Warning[203] C:\SP_PROGRAMAS_UNIDAD4\SEMAFORO\SEMAFORO.X\SEMAFORO.ASM 63 : Found opcode in column 1. (call)
Warning[203] C:\SP_PROGRAMAS_UNIDAD4\SEMAFORO\SEMAFORO.X\SEMAFORO.ASM 64 : Found opcode in column 1. (call)
Warning[203] C:\SP_PROGRAMAS_UNIDAD4\SEMAFORO\SEMAFORO.X\SEMAFORO.ASM 65 : Found opcode in column 1. (call)
Warning[203] C:\SP_PROGRAMAS_UNIDAD4\SEMAFORO\SEMAFORO.X\SEMAFORO.ASM 66 : Found opcode in column 1. (call)
Warning[203] C:\SP_PROGRAMAS_UNIDAD4\SEMAFORO\SEMAFORO.X\SEMAFORO.ASM 67 : Found opcode in column 1. (call)
Warning[203] C:\SP_PROGRAMAS_UNIDAD4\SEMAFORO\SEMAFORO.X\SEMAFORO.ASM 68 : Found opcode in column 1. (call)
Warning[203] C:\SP_PROGRAMAS_UNIDAD4\SEMAFORO\SEMAFORO.X\SEMAFORO.ASM 70 : Found opcode in column 1. (goto)
Warning[203] C:\SP_PROGRAMAS_UNIDAD4\SEMAFORO\SEMAFORO.X\SEMAFORO.ASM 74 : Found opcode in column 1. (goto)
Warning[203] C:\SP_PROGRAMAS_UNIDAD4\SEMAFORO\SEMAFORO.X\SEMAFORO.ASM 75 : Found opcode in column 1. (return)
Warning[205] C:\SP_PROGRAMAS_UNIDAD4\SEMAFORO\SEMAFORO.X\SEMAFORO.ASM 76 : Found directive in column 1. (end)
