
ROM used:   217/1024 (21%)
            217/1024 (21%) including unused fragments

            0.4 Average locations per line
            4.1 Average locations per statement

RAM used:   5/68 (7%) at main() level
            6/68 (9%) worst case

Stack used: 2 worst case (2 in main + 0 for interrupts)
Stack size: 8

Lines Stmts  %   Files
----- ----- ---  -----
   98    53 100  main.c
  404     0   0  ..\..\..\..\Program Files (x86)\PICC\Devices\16f84a.h
----- -----
  502    53 Total

Page ROM  %  RAM   Vol Diff  Functions:
---- --- --- ---   --- ----  ----------
0     20   9    1             @delay_ms1
0     22  10    1   143  2.6  main
0     77  35    1   467  1.4  pasos_izquierda
0     77  35    1   467  1.4  pasos_derecha
0     17   8    0    72  1.2  pasos_off
 Inline         0             @cinit1

Program metrics:
    Functions               4
    Statements              53
    Comments                69
    Volume (V)              1545
    Difficulty (D)          6.8
    Effort to implement (E) 10579
    Time to implement (T)   10 minutes
    Est Delivered Bugs (B)  0
    Cyclomatic Complexity   2
    Maintainability (MI)    106

 Segment     Used  Free
-----------  ----  ----
00000-00003     4  0  
00004-003FF   213  807  



