Warning[205] C:\SP_PROGRAMAS_UNIDAD4\LUCES_NAVIDEÒAS\LUCES_NAVIDENAS.X\LUCES_NAVIDENAS.ASM 1 : Found directive in column 1. (list)
Warning[205] C:\SP_PROGRAMAS_UNIDAD4\LUCES_NAVIDEÒAS\LUCES_NAVIDENAS.X\LUCES_NAVIDENAS.ASM 7 : Found directive in column 1. (org)
Warning[203] C:\SP_PROGRAMAS_UNIDAD4\LUCES_NAVIDEÒAS\LUCES_NAVIDENAS.X\LUCES_NAVIDENAS.ASM 8 : Found opcode in column 1. (bsf)
Warning[203] C:\SP_PROGRAMAS_UNIDAD4\LUCES_NAVIDEÒAS\LUCES_NAVIDENAS.X\LUCES_NAVIDENAS.ASM 10 : Found opcode in column 1. (movlw)
Warning[203] C:\SP_PROGRAMAS_UNIDAD4\LUCES_NAVIDEÒAS\LUCES_NAVIDENAS.X\LUCES_NAVIDENAS.ASM 11 : Found opcode in column 1. (movwf)
Warning[203] C:\SP_PROGRAMAS_UNIDAD4\LUCES_NAVIDEÒAS\LUCES_NAVIDENAS.X\LUCES_NAVIDENAS.ASM 13 : Found opcode in column 1. (movlw)
Warning[203] C:\SP_PROGRAMAS_UNIDAD4\LUCES_NAVIDEÒAS\LUCES_NAVIDENAS.X\LUCES_NAVIDENAS.ASM 14 : Found opcode in column 1. (movwf)
Warning[203] C:\SP_PROGRAMAS_UNIDAD4\LUCES_NAVIDEÒAS\LUCES_NAVIDENAS.X\LUCES_NAVIDENAS.ASM 16 : Found opcode in column 1. (movlw)
Warning[203] C:\SP_PROGRAMAS_UNIDAD4\LUCES_NAVIDEÒAS\LUCES_NAVIDENAS.X\LUCES_NAVIDENAS.ASM 18 : Found opcode in column 1. (bcf)
Warning[203] C:\SP_PROGRAMAS_UNIDAD4\LUCES_NAVIDEÒAS\LUCES_NAVIDENAS.X\LUCES_NAVIDENAS.ASM 19 : Found opcode in column 1. (clrf)
Warning[203] C:\SP_PROGRAMAS_UNIDAD4\LUCES_NAVIDEÒAS\LUCES_NAVIDENAS.X\LUCES_NAVIDENAS.ASM 23 : Found opcode in column 1. (bsf)
Warning[203] C:\SP_PROGRAMAS_UNIDAD4\LUCES_NAVIDEÒAS\LUCES_NAVIDENAS.X\LUCES_NAVIDENAS.ASM 24 : Found opcode in column 1. (bcf)
Warning[203] C:\SP_PROGRAMAS_UNIDAD4\LUCES_NAVIDEÒAS\LUCES_NAVIDENAS.X\LUCES_NAVIDENAS.ASM 25 : Found opcode in column 1. (bcf)
Warning[203] C:\SP_PROGRAMAS_UNIDAD4\LUCES_NAVIDEÒAS\LUCES_NAVIDENAS.X\LUCES_NAVIDENAS.ASM 26 : Found opcode in column 1. (bcf)
Warning[203] C:\SP_PROGRAMAS_UNIDAD4\LUCES_NAVIDEÒAS\LUCES_NAVIDENAS.X\LUCES_NAVIDENAS.ASM 27 : Found opcode in column 1. (bcf)
Warning[203] C:\SP_PROGRAMAS_UNIDAD4\LUCES_NAVIDEÒAS\LUCES_NAVIDENAS.X\LUCES_NAVIDENAS.ASM 28 : Found opcode in column 1. (bcf)
Warning[203] C:\SP_PROGRAMAS_UNIDAD4\LUCES_NAVIDEÒAS\LUCES_NAVIDENAS.X\LUCES_NAVIDENAS.ASM 29 : Found opcode in column 1. (bcf)
Warning[203] C:\SP_PROGRAMAS_UNIDAD4\LUCES_NAVIDEÒAS\LUCES_NAVIDENAS.X\LUCES_NAVIDENAS.ASM 30 : Found opcode in column 1. (bcf)
Warning[203] C:\SP_PROGRAMAS_UNIDAD4\LUCES_NAVIDEÒAS\LUCES_NAVIDENAS.X\LUCES_NAVIDENAS.ASM 31 : Found opcode in column 1. (call)
Warning[203] C:\SP_PROGRAMAS_UNIDAD4\LUCES_NAVIDEÒAS\LUCES_NAVIDENAS.X\LUCES_NAVIDENAS.ASM 32 : Found opcode in column 1. (call)
Warning[203] C:\SP_PROGRAMAS_UNIDAD4\LUCES_NAVIDEÒAS\LUCES_NAVIDENAS.X\LUCES_NAVIDENAS.ASM 33 : Found opcode in column 1. (call)
Warning[203] C:\SP_PROGRAMAS_UNIDAD4\LUCES_NAVIDEÒAS\LUCES_NAVIDENAS.X\LUCES_NAVIDENAS.ASM 34 : Found opcode in column 1. (call)
Warning[203] C:\SP_PROGRAMAS_UNIDAD4\LUCES_NAVIDEÒAS\LUCES_NAVIDENAS.X\LUCES_NAVIDENAS.ASM 35 : Found opcode in column 1. (bcf)
Warning[203] C:\SP_PROGRAMAS_UNIDAD4\LUCES_NAVIDEÒAS\LUCES_NAVIDENAS.X\LUCES_NAVIDENAS.ASM 36 : Found opcode in column 1. (bsf)
Warning[203] C:\SP_PROGRAMAS_UNIDAD4\LUCES_NAVIDEÒAS\LUCES_NAVIDENAS.X\LUCES_NAVIDENAS.ASM 37 : Found opcode in column 1. (bcf)
Warning[203] C:\SP_PROGRAMAS_UNIDAD4\LUCES_NAVIDEÒAS\LUCES_NAVIDENAS.X\LUCES_NAVIDENAS.ASM 38 : Found opcode in column 1. (bcf)
Warning[203] C:\SP_PROGRAMAS_UNIDAD4\LUCES_NAVIDEÒAS\LUCES_NAVIDENAS.X\LUCES_NAVIDENAS.ASM 39 : Found opcode in column 1. (bcf)
Warning[203] C:\SP_PROGRAMAS_UNIDAD4\LUCES_NAVIDEÒAS\LUCES_NAVIDENAS.X\LUCES_NAVIDENAS.ASM 40 : Found opcode in column 1. (bcf)
Warning[203] C:\SP_PROGRAMAS_UNIDAD4\LUCES_NAVIDEÒAS\LUCES_NAVIDENAS.X\LUCES_NAVIDENAS.ASM 41 : Found opcode in column 1. (bcf)
Warning[203] C:\SP_PROGRAMAS_UNIDAD4\LUCES_NAVIDEÒAS\LUCES_NAVIDENAS.X\LUCES_NAVIDENAS.ASM 42 : Found opcode in column 1. (bcf)
Warning[203] C:\SP_PROGRAMAS_UNIDAD4\LUCES_NAVIDEÒAS\LUCES_NAVIDENAS.X\LUCES_NAVIDENAS.ASM 43 : Found opcode in column 1. (call)
Warning[203] C:\SP_PROGRAMAS_UNIDAD4\LUCES_NAVIDEÒAS\LUCES_NAVIDENAS.X\LUCES_NAVIDENAS.ASM 44 : Found opcode in column 1. (call)
Warning[203] C:\SP_PROGRAMAS_UNIDAD4\LUCES_NAVIDEÒAS\LUCES_NAVIDENAS.X\LUCES_NAVIDENAS.ASM 45 : Found opcode in column 1. (call)
Warning[203] C:\SP_PROGRAMAS_UNIDAD4\LUCES_NAVIDEÒAS\LUCES_NAVIDENAS.X\LUCES_NAVIDENAS.ASM 46 : Found opcode in column 1. (call)
Warning[203] C:\SP_PROGRAMAS_UNIDAD4\LUCES_NAVIDEÒAS\LUCES_NAVIDENAS.X\LUCES_NAVIDENAS.ASM 47 : Found opcode in column 1. (bcf)
Warning[203] C:\SP_PROGRAMAS_UNIDAD4\LUCES_NAVIDEÒAS\LUCES_NAVIDENAS.X\LUCES_NAVIDENAS.ASM 48 : Found opcode in column 1. (bcf)
Warning[203] C:\SP_PROGRAMAS_UNIDAD4\LUCES_NAVIDEÒAS\LUCES_NAVIDENAS.X\LUCES_NAVIDENAS.ASM 49 : Found opcode in column 1. (bsf)
Warning[203] C:\SP_PROGRAMAS_UNIDAD4\LUCES_NAVIDEÒAS\LUCES_NAVIDENAS.X\LUCES_NAVIDENAS.ASM 50 : Found opcode in column 1. (bcf)
Warning[203] C:\SP_PROGRAMAS_UNIDAD4\LUCES_NAVIDEÒAS\LUCES_NAVIDENAS.X\LUCES_NAVIDENAS.ASM 51 : Found opcode in column 1. (bcf)
Warning[203] C:\SP_PROGRAMAS_UNIDAD4\LUCES_NAVIDEÒAS\LUCES_NAVIDENAS.X\LUCES_NAVIDENAS.ASM 52 : Found opcode in column 1. (bcf)
Warning[203] C:\SP_PROGRAMAS_UNIDAD4\LUCES_NAVIDEÒAS\LUCES_NAVIDENAS.X\LUCES_NAVIDENAS.ASM 53 : Found opcode in column 1. (bcf)
Warning[203] C:\SP_PROGRAMAS_UNIDAD4\LUCES_NAVIDEÒAS\LUCES_NAVIDENAS.X\LUCES_NAVIDENAS.ASM 54 : Found opcode in column 1. (bcf)
Warning[203] C:\SP_PROGRAMAS_UNIDAD4\LUCES_NAVIDEÒAS\LUCES_NAVIDENAS.X\LUCES_NAVIDENAS.ASM 55 : Found opcode in column 1. (call)
Warning[203] C:\SP_PROGRAMAS_UNIDAD4\LUCES_NAVIDEÒAS\LUCES_NAVIDENAS.X\LUCES_NAVIDENAS.ASM 57 : Found opcode in column 1. (call)
Warning[203] C:\SP_PROGRAMAS_UNIDAD4\LUCES_NAVIDEÒAS\LUCES_NAVIDENAS.X\LUCES_NAVIDENAS.ASM 58 : Found opcode in column 1. (call)
Warning[203] C:\SP_PROGRAMAS_UNIDAD4\LUCES_NAVIDEÒAS\LUCES_NAVIDENAS.X\LUCES_NAVIDENAS.ASM 59 : Found opcode in column 1. (bcf)
Warning[203] C:\SP_PROGRAMAS_UNIDAD4\LUCES_NAVIDEÒAS\LUCES_NAVIDENAS.X\LUCES_NAVIDENAS.ASM 60 : Found opcode in column 1. (bcf)
Warning[203] C:\SP_PROGRAMAS_UNIDAD4\LUCES_NAVIDEÒAS\LUCES_NAVIDENAS.X\LUCES_NAVIDENAS.ASM 61 : Found opcode in column 1. (bcf)
Warning[203] C:\SP_PROGRAMAS_UNIDAD4\LUCES_NAVIDEÒAS\LUCES_NAVIDENAS.X\LUCES_NAVIDENAS.ASM 62 : Found opcode in column 1. (bsf)
Warning[203] C:\SP_PROGRAMAS_UNIDAD4\LUCES_NAVIDEÒAS\LUCES_NAVIDENAS.X\LUCES_NAVIDENAS.ASM 63 : Found opcode in column 1. (bcf)
Warning[203] C:\SP_PROGRAMAS_UNIDAD4\LUCES_NAVIDEÒAS\LUCES_NAVIDENAS.X\LUCES_NAVIDENAS.ASM 64 : Found opcode in column 1. (bcf)
Warning[203] C:\SP_PROGRAMAS_UNIDAD4\LUCES_NAVIDEÒAS\LUCES_NAVIDENAS.X\LUCES_NAVIDENAS.ASM 65 : Found opcode in column 1. (bcf)
Warning[203] C:\SP_PROGRAMAS_UNIDAD4\LUCES_NAVIDEÒAS\LUCES_NAVIDENAS.X\LUCES_NAVIDENAS.ASM 66 : Found opcode in column 1. (bcf)
Warning[203] C:\SP_PROGRAMAS_UNIDAD4\LUCES_NAVIDEÒAS\LUCES_NAVIDENAS.X\LUCES_NAVIDENAS.ASM 67 : Found opcode in column 1. (call)
Warning[203] C:\SP_PROGRAMAS_UNIDAD4\LUCES_NAVIDEÒAS\LUCES_NAVIDENAS.X\LUCES_NAVIDENAS.ASM 68 : Found opcode in column 1. (call)
Warning[203] C:\SP_PROGRAMAS_UNIDAD4\LUCES_NAVIDEÒAS\LUCES_NAVIDENAS.X\LUCES_NAVIDENAS.ASM 69 : Found opcode in column 1. (call)
Warning[203] C:\SP_PROGRAMAS_UNIDAD4\LUCES_NAVIDEÒAS\LUCES_NAVIDENAS.X\LUCES_NAVIDENAS.ASM 70 : Found opcode in column 1. (call)
Warning[203] C:\SP_PROGRAMAS_UNIDAD4\LUCES_NAVIDEÒAS\LUCES_NAVIDENAS.X\LUCES_NAVIDENAS.ASM 71 : Found opcode in column 1. (bcf)
Warning[203] C:\SP_PROGRAMAS_UNIDAD4\LUCES_NAVIDEÒAS\LUCES_NAVIDENAS.X\LUCES_NAVIDENAS.ASM 72 : Found opcode in column 1. (bcf)
Warning[203] C:\SP_PROGRAMAS_UNIDAD4\LUCES_NAVIDEÒAS\LUCES_NAVIDENAS.X\LUCES_NAVIDENAS.ASM 73 : Found opcode in column 1. (bcf)
Warning[203] C:\SP_PROGRAMAS_UNIDAD4\LUCES_NAVIDEÒAS\LUCES_NAVIDENAS.X\LUCES_NAVIDENAS.ASM 74 : Found opcode in column 1. (bcf)
Warning[203] C:\SP_PROGRAMAS_UNIDAD4\LUCES_NAVIDEÒAS\LUCES_NAVIDENAS.X\LUCES_NAVIDENAS.ASM 75 : Found opcode in column 1. (bsf)
Warning[203] C:\SP_PROGRAMAS_UNIDAD4\LUCES_NAVIDEÒAS\LUCES_NAVIDENAS.X\LUCES_NAVIDENAS.ASM 76 : Found opcode in column 1. (bcf)
Warning[203] C:\SP_PROGRAMAS_UNIDAD4\LUCES_NAVIDEÒAS\LUCES_NAVIDENAS.X\LUCES_NAVIDENAS.ASM 77 : Found opcode in column 1. (bcf)
Warning[203] C:\SP_PROGRAMAS_UNIDAD4\LUCES_NAVIDEÒAS\LUCES_NAVIDENAS.X\LUCES_NAVIDENAS.ASM 78 : Found opcode in column 1. (bcf)
Warning[203] C:\SP_PROGRAMAS_UNIDAD4\LUCES_NAVIDEÒAS\LUCES_NAVIDENAS.X\LUCES_NAVIDENAS.ASM 79 : Found opcode in column 1. (call)
Warning[203] C:\SP_PROGRAMAS_UNIDAD4\LUCES_NAVIDEÒAS\LUCES_NAVIDENAS.X\LUCES_NAVIDENAS.ASM 80 : Found opcode in column 1. (call)
Warning[203] C:\SP_PROGRAMAS_UNIDAD4\LUCES_NAVIDEÒAS\LUCES_NAVIDENAS.X\LUCES_NAVIDENAS.ASM 81 : Found opcode in column 1. (call)
Warning[203] C:\SP_PROGRAMAS_UNIDAD4\LUCES_NAVIDEÒAS\LUCES_NAVIDENAS.X\LUCES_NAVIDENAS.ASM 82 : Found opcode in column 1. (call)
Warning[203] C:\SP_PROGRAMAS_UNIDAD4\LUCES_NAVIDEÒAS\LUCES_NAVIDENAS.X\LUCES_NAVIDENAS.ASM 83 : Found opcode in column 1. (bcf)
Warning[203] C:\SP_PROGRAMAS_UNIDAD4\LUCES_NAVIDEÒAS\LUCES_NAVIDENAS.X\LUCES_NAVIDENAS.ASM 84 : Found opcode in column 1. (bcf)
Warning[203] C:\SP_PROGRAMAS_UNIDAD4\LUCES_NAVIDEÒAS\LUCES_NAVIDENAS.X\LUCES_NAVIDENAS.ASM 85 : Found opcode in column 1. (bcf)
Warning[203] C:\SP_PROGRAMAS_UNIDAD4\LUCES_NAVIDEÒAS\LUCES_NAVIDENAS.X\LUCES_NAVIDENAS.ASM 86 : Found opcode in column 1. (bcf)
Warning[203] C:\SP_PROGRAMAS_UNIDAD4\LUCES_NAVIDEÒAS\LUCES_NAVIDENAS.X\LUCES_NAVIDENAS.ASM 87 : Found opcode in column 1. (bcf)
Warning[203] C:\SP_PROGRAMAS_UNIDAD4\LUCES_NAVIDEÒAS\LUCES_NAVIDENAS.X\LUCES_NAVIDENAS.ASM 88 : Found opcode in column 1. (bsf)
Warning[203] C:\SP_PROGRAMAS_UNIDAD4\LUCES_NAVIDEÒAS\LUCES_NAVIDENAS.X\LUCES_NAVIDENAS.ASM 89 : Found opcode in column 1. (bcf)
Warning[203] C:\SP_PROGRAMAS_UNIDAD4\LUCES_NAVIDEÒAS\LUCES_NAVIDENAS.X\LUCES_NAVIDENAS.ASM 90 : Found opcode in column 1. (bcf)
Warning[203] C:\SP_PROGRAMAS_UNIDAD4\LUCES_NAVIDEÒAS\LUCES_NAVIDENAS.X\LUCES_NAVIDENAS.ASM 91 : Found opcode in column 1. (call)
Warning[203] C:\SP_PROGRAMAS_UNIDAD4\LUCES_NAVIDEÒAS\LUCES_NAVIDENAS.X\LUCES_NAVIDENAS.ASM 92 : Found opcode in column 1. (call)
Warning[203] C:\SP_PROGRAMAS_UNIDAD4\LUCES_NAVIDEÒAS\LUCES_NAVIDENAS.X\LUCES_NAVIDENAS.ASM 93 : Found opcode in column 1. (call)
Warning[203] C:\SP_PROGRAMAS_UNIDAD4\LUCES_NAVIDEÒAS\LUCES_NAVIDENAS.X\LUCES_NAVIDENAS.ASM 94 : Found opcode in column 1. (call)
Warning[203] C:\SP_PROGRAMAS_UNIDAD4\LUCES_NAVIDEÒAS\LUCES_NAVIDENAS.X\LUCES_NAVIDENAS.ASM 95 : Found opcode in column 1. (bcf)
Warning[203] C:\SP_PROGRAMAS_UNIDAD4\LUCES_NAVIDEÒAS\LUCES_NAVIDENAS.X\LUCES_NAVIDENAS.ASM 97 : Found opcode in column 1. (bcf)
Warning[203] C:\SP_PROGRAMAS_UNIDAD4\LUCES_NAVIDEÒAS\LUCES_NAVIDENAS.X\LUCES_NAVIDENAS.ASM 98 : Found opcode in column 1. (bcf)
Warning[203] C:\SP_PROGRAMAS_UNIDAD4\LUCES_NAVIDEÒAS\LUCES_NAVIDENAS.X\LUCES_NAVIDENAS.ASM 99 : Found opcode in column 1. (bcf)
Warning[203] C:\SP_PROGRAMAS_UNIDAD4\LUCES_NAVIDEÒAS\LUCES_NAVIDENAS.X\LUCES_NAVIDENAS.ASM 100 : Found opcode in column 1. (bcf)
Warning[203] C:\SP_PROGRAMAS_UNIDAD4\LUCES_NAVIDEÒAS\LUCES_NAVIDENAS.X\LUCES_NAVIDENAS.ASM 101 : Found opcode in column 1. (bsf)
Warning[203] C:\SP_PROGRAMAS_UNIDAD4\LUCES_NAVIDEÒAS\LUCES_NAVIDENAS.X\LUCES_NAVIDENAS.ASM 102 : Found opcode in column 1. (bcf)
Warning[203] C:\SP_PROGRAMAS_UNIDAD4\LUCES_NAVIDEÒAS\LUCES_NAVIDENAS.X\LUCES_NAVIDENAS.ASM 103 : Found opcode in column 1. (call)
Warning[203] C:\SP_PROGRAMAS_UNIDAD4\LUCES_NAVIDEÒAS\LUCES_NAVIDENAS.X\LUCES_NAVIDENAS.ASM 104 : Found opcode in column 1. (call)
Warning[203] C:\SP_PROGRAMAS_UNIDAD4\LUCES_NAVIDEÒAS\LUCES_NAVIDENAS.X\LUCES_NAVIDENAS.ASM 105 : Found opcode in column 1. (call)
Warning[203] C:\SP_PROGRAMAS_UNIDAD4\LUCES_NAVIDEÒAS\LUCES_NAVIDENAS.X\LUCES_NAVIDENAS.ASM 106 : Found opcode in column 1. (call)
Warning[203] C:\SP_PROGRAMAS_UNIDAD4\LUCES_NAVIDEÒAS\LUCES_NAVIDENAS.X\LUCES_NAVIDENAS.ASM 107 : Found opcode in column 1. (bcf)
Warning[203] C:\SP_PROGRAMAS_UNIDAD4\LUCES_NAVIDEÒAS\LUCES_NAVIDENAS.X\LUCES_NAVIDENAS.ASM 108 : Found opcode in column 1. (bcf)
Warning[203] C:\SP_PROGRAMAS_UNIDAD4\LUCES_NAVIDEÒAS\LUCES_NAVIDENAS.X\LUCES_NAVIDENAS.ASM 109 : Found opcode in column 1. (bcf)
Warning[203] C:\SP_PROGRAMAS_UNIDAD4\LUCES_NAVIDEÒAS\LUCES_NAVIDENAS.X\LUCES_NAVIDENAS.ASM 110 : Found opcode in column 1. (bcf)
Warning[203] C:\SP_PROGRAMAS_UNIDAD4\LUCES_NAVIDEÒAS\LUCES_NAVIDENAS.X\LUCES_NAVIDENAS.ASM 111 : Found opcode in column 1. (bcf)
Warning[203] C:\SP_PROGRAMAS_UNIDAD4\LUCES_NAVIDEÒAS\LUCES_NAVIDENAS.X\LUCES_NAVIDENAS.ASM 112 : Found opcode in column 1. (bcf)
Warning[203] C:\SP_PROGRAMAS_UNIDAD4\LUCES_NAVIDEÒAS\LUCES_NAVIDENAS.X\LUCES_NAVIDENAS.ASM 113 : Found opcode in column 1. (bcf)
Warning[203] C:\SP_PROGRAMAS_UNIDAD4\LUCES_NAVIDEÒAS\LUCES_NAVIDENAS.X\LUCES_NAVIDENAS.ASM 114 : Found opcode in column 1. (bsf)
Warning[203] C:\SP_PROGRAMAS_UNIDAD4\LUCES_NAVIDEÒAS\LUCES_NAVIDENAS.X\LUCES_NAVIDENAS.ASM 115 : Found opcode in column 1. (call)
Warning[203] C:\SP_PROGRAMAS_UNIDAD4\LUCES_NAVIDEÒAS\LUCES_NAVIDENAS.X\LUCES_NAVIDENAS.ASM 116 : Found opcode in column 1. (call)
Warning[203] C:\SP_PROGRAMAS_UNIDAD4\LUCES_NAVIDEÒAS\LUCES_NAVIDENAS.X\LUCES_NAVIDENAS.ASM 117 : Found opcode in column 1. (call)
Warning[203] C:\SP_PROGRAMAS_UNIDAD4\LUCES_NAVIDEÒAS\LUCES_NAVIDENAS.X\LUCES_NAVIDENAS.ASM 118 : Found opcode in column 1. (call)
Warning[203] C:\SP_PROGRAMAS_UNIDAD4\LUCES_NAVIDEÒAS\LUCES_NAVIDENAS.X\LUCES_NAVIDENAS.ASM 119 : Found opcode in column 1. (BTFSC)
Warning[203] C:\SP_PROGRAMAS_UNIDAD4\LUCES_NAVIDEÒAS\LUCES_NAVIDENAS.X\LUCES_NAVIDENAS.ASM 120 : Found opcode in column 1. (call)
Warning[203] C:\SP_PROGRAMAS_UNIDAD4\LUCES_NAVIDEÒAS\LUCES_NAVIDENAS.X\LUCES_NAVIDENAS.ASM 121 : Found opcode in column 1. (BTFSC)
Warning[203] C:\SP_PROGRAMAS_UNIDAD4\LUCES_NAVIDEÒAS\LUCES_NAVIDENAS.X\LUCES_NAVIDENAS.ASM 122 : Found opcode in column 1. (call)
Warning[203] C:\SP_PROGRAMAS_UNIDAD4\LUCES_NAVIDEÒAS\LUCES_NAVIDENAS.X\LUCES_NAVIDENAS.ASM 123 : Found opcode in column 1. (BTFSC)
Warning[203] C:\SP_PROGRAMAS_UNIDAD4\LUCES_NAVIDEÒAS\LUCES_NAVIDENAS.X\LUCES_NAVIDENAS.ASM 124 : Found opcode in column 1. (call)
Warning[203] C:\SP_PROGRAMAS_UNIDAD4\LUCES_NAVIDEÒAS\LUCES_NAVIDENAS.X\LUCES_NAVIDENAS.ASM 125 : Found opcode in column 1. (BTFSC)
Warning[203] C:\SP_PROGRAMAS_UNIDAD4\LUCES_NAVIDEÒAS\LUCES_NAVIDENAS.X\LUCES_NAVIDENAS.ASM 126 : Found opcode in column 1. (call)
Warning[203] C:\SP_PROGRAMAS_UNIDAD4\LUCES_NAVIDEÒAS\LUCES_NAVIDENAS.X\LUCES_NAVIDENAS.ASM 127 : Found opcode in column 1. (call)
Warning[203] C:\SP_PROGRAMAS_UNIDAD4\LUCES_NAVIDEÒAS\LUCES_NAVIDENAS.X\LUCES_NAVIDENAS.ASM 130 : Found opcode in column 1. (bcf)
Warning[203] C:\SP_PROGRAMAS_UNIDAD4\LUCES_NAVIDEÒAS\LUCES_NAVIDENAS.X\LUCES_NAVIDENAS.ASM 131 : Found opcode in column 1. (bcf)
Warning[203] C:\SP_PROGRAMAS_UNIDAD4\LUCES_NAVIDEÒAS\LUCES_NAVIDENAS.X\LUCES_NAVIDENAS.ASM 132 : Found opcode in column 1. (bcf)
Warning[203] C:\SP_PROGRAMAS_UNIDAD4\LUCES_NAVIDEÒAS\LUCES_NAVIDENAS.X\LUCES_NAVIDENAS.ASM 133 : Found opcode in column 1. (bcf)
Warning[203] C:\SP_PROGRAMAS_UNIDAD4\LUCES_NAVIDEÒAS\LUCES_NAVIDENAS.X\LUCES_NAVIDENAS.ASM 134 : Found opcode in column 1. (bsf)
Warning[203] C:\SP_PROGRAMAS_UNIDAD4\LUCES_NAVIDEÒAS\LUCES_NAVIDENAS.X\LUCES_NAVIDENAS.ASM 135 : Found opcode in column 1. (bcf)
Warning[203] C:\SP_PROGRAMAS_UNIDAD4\LUCES_NAVIDEÒAS\LUCES_NAVIDENAS.X\LUCES_NAVIDENAS.ASM 137 : Found opcode in column 1. (bcf)
Warning[203] C:\SP_PROGRAMAS_UNIDAD4\LUCES_NAVIDEÒAS\LUCES_NAVIDENAS.X\LUCES_NAVIDENAS.ASM 138 : Found opcode in column 1. (call)
Warning[203] C:\SP_PROGRAMAS_UNIDAD4\LUCES_NAVIDEÒAS\LUCES_NAVIDENAS.X\LUCES_NAVIDENAS.ASM 139 : Found opcode in column 1. (call)
Warning[203] C:\SP_PROGRAMAS_UNIDAD4\LUCES_NAVIDEÒAS\LUCES_NAVIDENAS.X\LUCES_NAVIDENAS.ASM 140 : Found opcode in column 1. (call)
Warning[203] C:\SP_PROGRAMAS_UNIDAD4\LUCES_NAVIDEÒAS\LUCES_NAVIDENAS.X\LUCES_NAVIDENAS.ASM 141 : Found opcode in column 1. (call)
Warning[203] C:\SP_PROGRAMAS_UNIDAD4\LUCES_NAVIDEÒAS\LUCES_NAVIDENAS.X\LUCES_NAVIDENAS.ASM 142 : Found opcode in column 1. (bcf)
Warning[203] C:\SP_PROGRAMAS_UNIDAD4\LUCES_NAVIDEÒAS\LUCES_NAVIDENAS.X\LUCES_NAVIDENAS.ASM 143 : Found opcode in column 1. (bcf)
Warning[203] C:\SP_PROGRAMAS_UNIDAD4\LUCES_NAVIDEÒAS\LUCES_NAVIDENAS.X\LUCES_NAVIDENAS.ASM 144 : Found opcode in column 1. (bcf)
Warning[203] C:\SP_PROGRAMAS_UNIDAD4\LUCES_NAVIDEÒAS\LUCES_NAVIDENAS.X\LUCES_NAVIDENAS.ASM 145 : Found opcode in column 1. (bsf)
Warning[203] C:\SP_PROGRAMAS_UNIDAD4\LUCES_NAVIDEÒAS\LUCES_NAVIDENAS.X\LUCES_NAVIDENAS.ASM 146 : Found opcode in column 1. (bcf)
Warning[203] C:\SP_PROGRAMAS_UNIDAD4\LUCES_NAVIDEÒAS\LUCES_NAVIDENAS.X\LUCES_NAVIDENAS.ASM 147 : Found opcode in column 1. (bsf)
Warning[203] C:\SP_PROGRAMAS_UNIDAD4\LUCES_NAVIDEÒAS\LUCES_NAVIDENAS.X\LUCES_NAVIDENAS.ASM 148 : Found opcode in column 1. (bcf)
Warning[203] C:\SP_PROGRAMAS_UNIDAD4\LUCES_NAVIDEÒAS\LUCES_NAVIDENAS.X\LUCES_NAVIDENAS.ASM 149 : Found opcode in column 1. (bcf)
Warning[203] C:\SP_PROGRAMAS_UNIDAD4\LUCES_NAVIDEÒAS\LUCES_NAVIDENAS.X\LUCES_NAVIDENAS.ASM 150 : Found opcode in column 1. (call)
Warning[203] C:\SP_PROGRAMAS_UNIDAD4\LUCES_NAVIDEÒAS\LUCES_NAVIDENAS.X\LUCES_NAVIDENAS.ASM 151 : Found opcode in column 1. (call)
Warning[203] C:\SP_PROGRAMAS_UNIDAD4\LUCES_NAVIDEÒAS\LUCES_NAVIDENAS.X\LUCES_NAVIDENAS.ASM 152 : Found opcode in column 1. (call)
Warning[203] C:\SP_PROGRAMAS_UNIDAD4\LUCES_NAVIDEÒAS\LUCES_NAVIDENAS.X\LUCES_NAVIDENAS.ASM 153 : Found opcode in column 1. (call)
Warning[203] C:\SP_PROGRAMAS_UNIDAD4\LUCES_NAVIDEÒAS\LUCES_NAVIDENAS.X\LUCES_NAVIDENAS.ASM 154 : Found opcode in column 1. (bcf)
Warning[203] C:\SP_PROGRAMAS_UNIDAD4\LUCES_NAVIDEÒAS\LUCES_NAVIDENAS.X\LUCES_NAVIDENAS.ASM 155 : Found opcode in column 1. (bcf)
Warning[203] C:\SP_PROGRAMAS_UNIDAD4\LUCES_NAVIDEÒAS\LUCES_NAVIDENAS.X\LUCES_NAVIDENAS.ASM 156 : Found opcode in column 1. (bsf)
Warning[203] C:\SP_PROGRAMAS_UNIDAD4\LUCES_NAVIDEÒAS\LUCES_NAVIDENAS.X\LUCES_NAVIDENAS.ASM 157 : Found opcode in column 1. (bcf)
Warning[203] C:\SP_PROGRAMAS_UNIDAD4\LUCES_NAVIDEÒAS\LUCES_NAVIDENAS.X\LUCES_NAVIDENAS.ASM 158 : Found opcode in column 1. (bcf)
Warning[203] C:\SP_PROGRAMAS_UNIDAD4\LUCES_NAVIDEÒAS\LUCES_NAVIDENAS.X\LUCES_NAVIDENAS.ASM 159 : Found opcode in column 1. (bcf)
Warning[203] C:\SP_PROGRAMAS_UNIDAD4\LUCES_NAVIDEÒAS\LUCES_NAVIDENAS.X\LUCES_NAVIDENAS.ASM 160 : Found opcode in column 1. (bsf)
Warning[203] C:\SP_PROGRAMAS_UNIDAD4\LUCES_NAVIDEÒAS\LUCES_NAVIDENAS.X\LUCES_NAVIDENAS.ASM 161 : Found opcode in column 1. (bcf)
Warning[203] C:\SP_PROGRAMAS_UNIDAD4\LUCES_NAVIDEÒAS\LUCES_NAVIDENAS.X\LUCES_NAVIDENAS.ASM 162 : Found opcode in column 1. (call)
Warning[203] C:\SP_PROGRAMAS_UNIDAD4\LUCES_NAVIDEÒAS\LUCES_NAVIDENAS.X\LUCES_NAVIDENAS.ASM 163 : Found opcode in column 1. (call)
Warning[203] C:\SP_PROGRAMAS_UNIDAD4\LUCES_NAVIDEÒAS\LUCES_NAVIDENAS.X\LUCES_NAVIDENAS.ASM 164 : Found opcode in column 1. (call)
Warning[203] C:\SP_PROGRAMAS_UNIDAD4\LUCES_NAVIDEÒAS\LUCES_NAVIDENAS.X\LUCES_NAVIDENAS.ASM 165 : Found opcode in column 1. (call)
Warning[203] C:\SP_PROGRAMAS_UNIDAD4\LUCES_NAVIDEÒAS\LUCES_NAVIDENAS.X\LUCES_NAVIDENAS.ASM 166 : Found opcode in column 1. (bsf)
Warning[203] C:\SP_PROGRAMAS_UNIDAD4\LUCES_NAVIDEÒAS\LUCES_NAVIDENAS.X\LUCES_NAVIDENAS.ASM 167 : Found opcode in column 1. (bsf)
Warning[203] C:\SP_PROGRAMAS_UNIDAD4\LUCES_NAVIDEÒAS\LUCES_NAVIDENAS.X\LUCES_NAVIDENAS.ASM 168 : Found opcode in column 1. (bcf)
Warning[203] C:\SP_PROGRAMAS_UNIDAD4\LUCES_NAVIDEÒAS\LUCES_NAVIDENAS.X\LUCES_NAVIDENAS.ASM 169 : Found opcode in column 1. (bcf)
Warning[203] C:\SP_PROGRAMAS_UNIDAD4\LUCES_NAVIDEÒAS\LUCES_NAVIDENAS.X\LUCES_NAVIDENAS.ASM 170 : Found opcode in column 1. (bcf)
Warning[203] C:\SP_PROGRAMAS_UNIDAD4\LUCES_NAVIDEÒAS\LUCES_NAVIDENAS.X\LUCES_NAVIDENAS.ASM 171 : Found opcode in column 1. (bcf)
Warning[203] C:\SP_PROGRAMAS_UNIDAD4\LUCES_NAVIDEÒAS\LUCES_NAVIDENAS.X\LUCES_NAVIDENAS.ASM 172 : Found opcode in column 1. (bcf)
Warning[203] C:\SP_PROGRAMAS_UNIDAD4\LUCES_NAVIDEÒAS\LUCES_NAVIDENAS.X\LUCES_NAVIDENAS.ASM 173 : Found opcode in column 1. (bsf)
Warning[203] C:\SP_PROGRAMAS_UNIDAD4\LUCES_NAVIDEÒAS\LUCES_NAVIDENAS.X\LUCES_NAVIDENAS.ASM 174 : Found opcode in column 1. (call)
Warning[203] C:\SP_PROGRAMAS_UNIDAD4\LUCES_NAVIDEÒAS\LUCES_NAVIDENAS.X\LUCES_NAVIDENAS.ASM 175 : Found opcode in column 1. (call)
Warning[203] C:\SP_PROGRAMAS_UNIDAD4\LUCES_NAVIDEÒAS\LUCES_NAVIDENAS.X\LUCES_NAVIDENAS.ASM 177 : Found opcode in column 1. (call)
Warning[203] C:\SP_PROGRAMAS_UNIDAD4\LUCES_NAVIDEÒAS\LUCES_NAVIDENAS.X\LUCES_NAVIDENAS.ASM 178 : Found opcode in column 1. (BTFSC)
Warning[203] C:\SP_PROGRAMAS_UNIDAD4\LUCES_NAVIDEÒAS\LUCES_NAVIDENAS.X\LUCES_NAVIDENAS.ASM 179 : Found opcode in column 1. (call)
Warning[203] C:\SP_PROGRAMAS_UNIDAD4\LUCES_NAVIDEÒAS\LUCES_NAVIDENAS.X\LUCES_NAVIDENAS.ASM 180 : Found opcode in column 1. (BTFSC)
Warning[203] C:\SP_PROGRAMAS_UNIDAD4\LUCES_NAVIDEÒAS\LUCES_NAVIDENAS.X\LUCES_NAVIDENAS.ASM 181 : Found opcode in column 1. (call)
Warning[203] C:\SP_PROGRAMAS_UNIDAD4\LUCES_NAVIDEÒAS\LUCES_NAVIDENAS.X\LUCES_NAVIDENAS.ASM 182 : Found opcode in column 1. (BTFSC)
Warning[203] C:\SP_PROGRAMAS_UNIDAD4\LUCES_NAVIDEÒAS\LUCES_NAVIDENAS.X\LUCES_NAVIDENAS.ASM 183 : Found opcode in column 1. (call)
Warning[203] C:\SP_PROGRAMAS_UNIDAD4\LUCES_NAVIDEÒAS\LUCES_NAVIDENAS.X\LUCES_NAVIDENAS.ASM 184 : Found opcode in column 1. (BTFSC)
Warning[203] C:\SP_PROGRAMAS_UNIDAD4\LUCES_NAVIDEÒAS\LUCES_NAVIDENAS.X\LUCES_NAVIDENAS.ASM 185 : Found opcode in column 1. (call)
Warning[203] C:\SP_PROGRAMAS_UNIDAD4\LUCES_NAVIDEÒAS\LUCES_NAVIDENAS.X\LUCES_NAVIDENAS.ASM 186 : Found opcode in column 1. (call)
Warning[203] C:\SP_PROGRAMAS_UNIDAD4\LUCES_NAVIDEÒAS\LUCES_NAVIDENAS.X\LUCES_NAVIDENAS.ASM 189 : Found opcode in column 1. (bsf)
Warning[203] C:\SP_PROGRAMAS_UNIDAD4\LUCES_NAVIDEÒAS\LUCES_NAVIDENAS.X\LUCES_NAVIDENAS.ASM 190 : Found opcode in column 1. (bsf)
Warning[203] C:\SP_PROGRAMAS_UNIDAD4\LUCES_NAVIDEÒAS\LUCES_NAVIDENAS.X\LUCES_NAVIDENAS.ASM 191 : Found opcode in column 1. (bcf)
Warning[203] C:\SP_PROGRAMAS_UNIDAD4\LUCES_NAVIDEÒAS\LUCES_NAVIDENAS.X\LUCES_NAVIDENAS.ASM 192 : Found opcode in column 1. (bcf)
Warning[203] C:\SP_PROGRAMAS_UNIDAD4\LUCES_NAVIDEÒAS\LUCES_NAVIDENAS.X\LUCES_NAVIDENAS.ASM 193 : Found opcode in column 1. (bcf)
Warning[203] C:\SP_PROGRAMAS_UNIDAD4\LUCES_NAVIDEÒAS\LUCES_NAVIDENAS.X\LUCES_NAVIDENAS.ASM 194 : Found opcode in column 1. (bcf)
Warning[203] C:\SP_PROGRAMAS_UNIDAD4\LUCES_NAVIDEÒAS\LUCES_NAVIDENAS.X\LUCES_NAVIDENAS.ASM 195 : Found opcode in column 1. (bcf)
Warning[203] C:\SP_PROGRAMAS_UNIDAD4\LUCES_NAVIDEÒAS\LUCES_NAVIDENAS.X\LUCES_NAVIDENAS.ASM 196 : Found opcode in column 1. (bsf)
Warning[203] C:\SP_PROGRAMAS_UNIDAD4\LUCES_NAVIDEÒAS\LUCES_NAVIDENAS.X\LUCES_NAVIDENAS.ASM 197 : Found opcode in column 1. (call)
Warning[203] C:\SP_PROGRAMAS_UNIDAD4\LUCES_NAVIDEÒAS\LUCES_NAVIDENAS.X\LUCES_NAVIDENAS.ASM 198 : Found opcode in column 1. (call)
Warning[203] C:\SP_PROGRAMAS_UNIDAD4\LUCES_NAVIDEÒAS\LUCES_NAVIDENAS.X\LUCES_NAVIDENAS.ASM 199 : Found opcode in column 1. (call)
Warning[203] C:\SP_PROGRAMAS_UNIDAD4\LUCES_NAVIDEÒAS\LUCES_NAVIDENAS.X\LUCES_NAVIDENAS.ASM 200 : Found opcode in column 1. (call)
Warning[203] C:\SP_PROGRAMAS_UNIDAD4\LUCES_NAVIDEÒAS\LUCES_NAVIDENAS.X\LUCES_NAVIDENAS.ASM 201 : Found opcode in column 1. (bcf)
Warning[203] C:\SP_PROGRAMAS_UNIDAD4\LUCES_NAVIDEÒAS\LUCES_NAVIDENAS.X\LUCES_NAVIDENAS.ASM 202 : Found opcode in column 1. (bcf)
Warning[203] C:\SP_PROGRAMAS_UNIDAD4\LUCES_NAVIDEÒAS\LUCES_NAVIDENAS.X\LUCES_NAVIDENAS.ASM 203 : Found opcode in column 1. (bsf)
Warning[203] C:\SP_PROGRAMAS_UNIDAD4\LUCES_NAVIDEÒAS\LUCES_NAVIDENAS.X\LUCES_NAVIDENAS.ASM 204 : Found opcode in column 1. (bcf)
Warning[203] C:\SP_PROGRAMAS_UNIDAD4\LUCES_NAVIDEÒAS\LUCES_NAVIDENAS.X\LUCES_NAVIDENAS.ASM 205 : Found opcode in column 1. (bcf)
Warning[203] C:\SP_PROGRAMAS_UNIDAD4\LUCES_NAVIDEÒAS\LUCES_NAVIDENAS.X\LUCES_NAVIDENAS.ASM 206 : Found opcode in column 1. (bcf)
Warning[203] C:\SP_PROGRAMAS_UNIDAD4\LUCES_NAVIDEÒAS\LUCES_NAVIDENAS.X\LUCES_NAVIDENAS.ASM 207 : Found opcode in column 1. (bsf)
Warning[203] C:\SP_PROGRAMAS_UNIDAD4\LUCES_NAVIDEÒAS\LUCES_NAVIDENAS.X\LUCES_NAVIDENAS.ASM 208 : Found opcode in column 1. (bcf)
Warning[203] C:\SP_PROGRAMAS_UNIDAD4\LUCES_NAVIDEÒAS\LUCES_NAVIDENAS.X\LUCES_NAVIDENAS.ASM 209 : Found opcode in column 1. (call)
Warning[203] C:\SP_PROGRAMAS_UNIDAD4\LUCES_NAVIDEÒAS\LUCES_NAVIDENAS.X\LUCES_NAVIDENAS.ASM 210 : Found opcode in column 1. (call)
Warning[203] C:\SP_PROGRAMAS_UNIDAD4\LUCES_NAVIDEÒAS\LUCES_NAVIDENAS.X\LUCES_NAVIDENAS.ASM 211 : Found opcode in column 1. (call)
Warning[203] C:\SP_PROGRAMAS_UNIDAD4\LUCES_NAVIDEÒAS\LUCES_NAVIDENAS.X\LUCES_NAVIDENAS.ASM 212 : Found opcode in column 1. (call)
Warning[203] C:\SP_PROGRAMAS_UNIDAD4\LUCES_NAVIDEÒAS\LUCES_NAVIDENAS.X\LUCES_NAVIDENAS.ASM 213 : Found opcode in column 1. (bcf)
Warning[203] C:\SP_PROGRAMAS_UNIDAD4\LUCES_NAVIDEÒAS\LUCES_NAVIDENAS.X\LUCES_NAVIDENAS.ASM 214 : Found opcode in column 1. (bcf)
Warning[203] C:\SP_PROGRAMAS_UNIDAD4\LUCES_NAVIDEÒAS\LUCES_NAVIDENAS.X\LUCES_NAVIDENAS.ASM 215 : Found opcode in column 1. (bcf)
Warning[203] C:\SP_PROGRAMAS_UNIDAD4\LUCES_NAVIDEÒAS\LUCES_NAVIDENAS.X\LUCES_NAVIDENAS.ASM 217 : Found opcode in column 1. (bcf)
Warning[203] C:\SP_PROGRAMAS_UNIDAD4\LUCES_NAVIDEÒAS\LUCES_NAVIDENAS.X\LUCES_NAVIDENAS.ASM 218 : Found opcode in column 1. (bsf)
Warning[203] C:\SP_PROGRAMAS_UNIDAD4\LUCES_NAVIDEÒAS\LUCES_NAVIDENAS.X\LUCES_NAVIDENAS.ASM 219 : Found opcode in column 1. (bcf)
Warning[203] C:\SP_PROGRAMAS_UNIDAD4\LUCES_NAVIDEÒAS\LUCES_NAVIDENAS.X\LUCES_NAVIDENAS.ASM 220 : Found opcode in column 1. (bcf)
Warning[203] C:\SP_PROGRAMAS_UNIDAD4\LUCES_NAVIDEÒAS\LUCES_NAVIDENAS.X\LUCES_NAVIDENAS.ASM 221 : Found opcode in column 1. (call)
Warning[203] C:\SP_PROGRAMAS_UNIDAD4\LUCES_NAVIDEÒAS\LUCES_NAVIDENAS.X\LUCES_NAVIDENAS.ASM 222 : Found opcode in column 1. (call)
Warning[203] C:\SP_PROGRAMAS_UNIDAD4\LUCES_NAVIDEÒAS\LUCES_NAVIDENAS.X\LUCES_NAVIDENAS.ASM 223 : Found opcode in column 1. (call)
Warning[203] C:\SP_PROGRAMAS_UNIDAD4\LUCES_NAVIDEÒAS\LUCES_NAVIDENAS.X\LUCES_NAVIDENAS.ASM 224 : Found opcode in column 1. (call)
Warning[203] C:\SP_PROGRAMAS_UNIDAD4\LUCES_NAVIDEÒAS\LUCES_NAVIDENAS.X\LUCES_NAVIDENAS.ASM 225 : Found opcode in column 1. (bcf)
Warning[203] C:\SP_PROGRAMAS_UNIDAD4\LUCES_NAVIDEÒAS\LUCES_NAVIDENAS.X\LUCES_NAVIDENAS.ASM 226 : Found opcode in column 1. (bcf)
Warning[203] C:\SP_PROGRAMAS_UNIDAD4\LUCES_NAVIDEÒAS\LUCES_NAVIDENAS.X\LUCES_NAVIDENAS.ASM 227 : Found opcode in column 1. (bcf)
Warning[203] C:\SP_PROGRAMAS_UNIDAD4\LUCES_NAVIDEÒAS\LUCES_NAVIDENAS.X\LUCES_NAVIDENAS.ASM 228 : Found opcode in column 1. (bcf)
Warning[203] C:\SP_PROGRAMAS_UNIDAD4\LUCES_NAVIDEÒAS\LUCES_NAVIDENAS.X\LUCES_NAVIDENAS.ASM 229 : Found opcode in column 1. (bsf)
Warning[203] C:\SP_PROGRAMAS_UNIDAD4\LUCES_NAVIDEÒAS\LUCES_NAVIDENAS.X\LUCES_NAVIDENAS.ASM 230 : Found opcode in column 1. (bcf)
Warning[203] C:\SP_PROGRAMAS_UNIDAD4\LUCES_NAVIDEÒAS\LUCES_NAVIDENAS.X\LUCES_NAVIDENAS.ASM 231 : Found opcode in column 1. (bcf)
Warning[203] C:\SP_PROGRAMAS_UNIDAD4\LUCES_NAVIDEÒAS\LUCES_NAVIDENAS.X\LUCES_NAVIDENAS.ASM 232 : Found opcode in column 1. (bcf)
Warning[203] C:\SP_PROGRAMAS_UNIDAD4\LUCES_NAVIDEÒAS\LUCES_NAVIDENAS.X\LUCES_NAVIDENAS.ASM 233 : Found opcode in column 1. (call)
Warning[203] C:\SP_PROGRAMAS_UNIDAD4\LUCES_NAVIDEÒAS\LUCES_NAVIDENAS.X\LUCES_NAVIDENAS.ASM 234 : Found opcode in column 1. (call)
Warning[203] C:\SP_PROGRAMAS_UNIDAD4\LUCES_NAVIDEÒAS\LUCES_NAVIDENAS.X\LUCES_NAVIDENAS.ASM 235 : Found opcode in column 1. (call)
Warning[203] C:\SP_PROGRAMAS_UNIDAD4\LUCES_NAVIDEÒAS\LUCES_NAVIDENAS.X\LUCES_NAVIDENAS.ASM 236 : Found opcode in column 1. (call)
Warning[203] C:\SP_PROGRAMAS_UNIDAD4\LUCES_NAVIDEÒAS\LUCES_NAVIDENAS.X\LUCES_NAVIDENAS.ASM 237 : Found opcode in column 1. (BTFSC)
Warning[203] C:\SP_PROGRAMAS_UNIDAD4\LUCES_NAVIDEÒAS\LUCES_NAVIDENAS.X\LUCES_NAVIDENAS.ASM 238 : Found opcode in column 1. (call)
Warning[203] C:\SP_PROGRAMAS_UNIDAD4\LUCES_NAVIDEÒAS\LUCES_NAVIDENAS.X\LUCES_NAVIDENAS.ASM 239 : Found opcode in column 1. (BTFSC)
Warning[203] C:\SP_PROGRAMAS_UNIDAD4\LUCES_NAVIDEÒAS\LUCES_NAVIDENAS.X\LUCES_NAVIDENAS.ASM 240 : Found opcode in column 1. (call)
Warning[203] C:\SP_PROGRAMAS_UNIDAD4\LUCES_NAVIDEÒAS\LUCES_NAVIDENAS.X\LUCES_NAVIDENAS.ASM 241 : Found opcode in column 1. (BTFSC)
Warning[203] C:\SP_PROGRAMAS_UNIDAD4\LUCES_NAVIDEÒAS\LUCES_NAVIDENAS.X\LUCES_NAVIDENAS.ASM 242 : Found opcode in column 1. (call)
Warning[203] C:\SP_PROGRAMAS_UNIDAD4\LUCES_NAVIDEÒAS\LUCES_NAVIDENAS.X\LUCES_NAVIDENAS.ASM 243 : Found opcode in column 1. (BTFSC)
Warning[203] C:\SP_PROGRAMAS_UNIDAD4\LUCES_NAVIDEÒAS\LUCES_NAVIDENAS.X\LUCES_NAVIDENAS.ASM 244 : Found opcode in column 1. (call)
Warning[203] C:\SP_PROGRAMAS_UNIDAD4\LUCES_NAVIDEÒAS\LUCES_NAVIDENAS.X\LUCES_NAVIDENAS.ASM 245 : Found opcode in column 1. (call)
Warning[203] C:\SP_PROGRAMAS_UNIDAD4\LUCES_NAVIDEÒAS\LUCES_NAVIDENAS.X\LUCES_NAVIDENAS.ASM 248 : Found opcode in column 1. (bcf)
Warning[203] C:\SP_PROGRAMAS_UNIDAD4\LUCES_NAVIDEÒAS\LUCES_NAVIDENAS.X\LUCES_NAVIDENAS.ASM 249 : Found opcode in column 1. (bcf)
Warning[203] C:\SP_PROGRAMAS_UNIDAD4\LUCES_NAVIDEÒAS\LUCES_NAVIDENAS.X\LUCES_NAVIDENAS.ASM 250 : Found opcode in column 1. (bcf)
Warning[203] C:\SP_PROGRAMAS_UNIDAD4\LUCES_NAVIDEÒAS\LUCES_NAVIDENAS.X\LUCES_NAVIDENAS.ASM 251 : Found opcode in column 1. (bcf)
Warning[203] C:\SP_PROGRAMAS_UNIDAD4\LUCES_NAVIDEÒAS\LUCES_NAVIDENAS.X\LUCES_NAVIDENAS.ASM 252 : Found opcode in column 1. (bsf)
Warning[203] C:\SP_PROGRAMAS_UNIDAD4\LUCES_NAVIDEÒAS\LUCES_NAVIDENAS.X\LUCES_NAVIDENAS.ASM 253 : Found opcode in column 1. (bsf)
Warning[203] C:\SP_PROGRAMAS_UNIDAD4\LUCES_NAVIDEÒAS\LUCES_NAVIDENAS.X\LUCES_NAVIDENAS.ASM 254 : Found opcode in column 1. (bsf)
Warning[203] C:\SP_PROGRAMAS_UNIDAD4\LUCES_NAVIDEÒAS\LUCES_NAVIDENAS.X\LUCES_NAVIDENAS.ASM 255 : Found opcode in column 1. (bsf)
Warning[203] C:\SP_PROGRAMAS_UNIDAD4\LUCES_NAVIDEÒAS\LUCES_NAVIDENAS.X\LUCES_NAVIDENAS.ASM 257 : Found opcode in column 1. (call)
Warning[203] C:\SP_PROGRAMAS_UNIDAD4\LUCES_NAVIDEÒAS\LUCES_NAVIDENAS.X\LUCES_NAVIDENAS.ASM 258 : Found opcode in column 1. (call)
Warning[203] C:\SP_PROGRAMAS_UNIDAD4\LUCES_NAVIDEÒAS\LUCES_NAVIDENAS.X\LUCES_NAVIDENAS.ASM 259 : Found opcode in column 1. (call)
Warning[203] C:\SP_PROGRAMAS_UNIDAD4\LUCES_NAVIDEÒAS\LUCES_NAVIDENAS.X\LUCES_NAVIDENAS.ASM 260 : Found opcode in column 1. (bsf)
Warning[203] C:\SP_PROGRAMAS_UNIDAD4\LUCES_NAVIDEÒAS\LUCES_NAVIDENAS.X\LUCES_NAVIDENAS.ASM 261 : Found opcode in column 1. (bsf)
Warning[203] C:\SP_PROGRAMAS_UNIDAD4\LUCES_NAVIDEÒAS\LUCES_NAVIDENAS.X\LUCES_NAVIDENAS.ASM 262 : Found opcode in column 1. (bsf)
Warning[203] C:\SP_PROGRAMAS_UNIDAD4\LUCES_NAVIDEÒAS\LUCES_NAVIDENAS.X\LUCES_NAVIDENAS.ASM 263 : Found opcode in column 1. (bsf)
Warning[203] C:\SP_PROGRAMAS_UNIDAD4\LUCES_NAVIDEÒAS\LUCES_NAVIDENAS.X\LUCES_NAVIDENAS.ASM 264 : Found opcode in column 1. (bcf)
Warning[203] C:\SP_PROGRAMAS_UNIDAD4\LUCES_NAVIDEÒAS\LUCES_NAVIDENAS.X\LUCES_NAVIDENAS.ASM 265 : Found opcode in column 1. (bcf)
Warning[203] C:\SP_PROGRAMAS_UNIDAD4\LUCES_NAVIDEÒAS\LUCES_NAVIDENAS.X\LUCES_NAVIDENAS.ASM 266 : Found opcode in column 1. (bcf)
Warning[203] C:\SP_PROGRAMAS_UNIDAD4\LUCES_NAVIDEÒAS\LUCES_NAVIDENAS.X\LUCES_NAVIDENAS.ASM 267 : Found opcode in column 1. (bcf)
Warning[203] C:\SP_PROGRAMAS_UNIDAD4\LUCES_NAVIDEÒAS\LUCES_NAVIDENAS.X\LUCES_NAVIDENAS.ASM 268 : Found opcode in column 1. (call)
Warning[203] C:\SP_PROGRAMAS_UNIDAD4\LUCES_NAVIDEÒAS\LUCES_NAVIDENAS.X\LUCES_NAVIDENAS.ASM 269 : Found opcode in column 1. (call)
Warning[203] C:\SP_PROGRAMAS_UNIDAD4\LUCES_NAVIDEÒAS\LUCES_NAVIDENAS.X\LUCES_NAVIDENAS.ASM 270 : Found opcode in column 1. (call)
Warning[203] C:\SP_PROGRAMAS_UNIDAD4\LUCES_NAVIDEÒAS\LUCES_NAVIDENAS.X\LUCES_NAVIDENAS.ASM 271 : Found opcode in column 1. (call)
Warning[203] C:\SP_PROGRAMAS_UNIDAD4\LUCES_NAVIDEÒAS\LUCES_NAVIDENAS.X\LUCES_NAVIDENAS.ASM 272 : Found opcode in column 1. (bcf)
Warning[203] C:\SP_PROGRAMAS_UNIDAD4\LUCES_NAVIDEÒAS\LUCES_NAVIDENAS.X\LUCES_NAVIDENAS.ASM 273 : Found opcode in column 1. (bcf)
Warning[203] C:\SP_PROGRAMAS_UNIDAD4\LUCES_NAVIDEÒAS\LUCES_NAVIDENAS.X\LUCES_NAVIDENAS.ASM 274 : Found opcode in column 1. (bcf)
Warning[203] C:\SP_PROGRAMAS_UNIDAD4\LUCES_NAVIDEÒAS\LUCES_NAVIDENAS.X\LUCES_NAVIDENAS.ASM 275 : Found opcode in column 1. (bcf)
Warning[203] C:\SP_PROGRAMAS_UNIDAD4\LUCES_NAVIDEÒAS\LUCES_NAVIDENAS.X\LUCES_NAVIDENAS.ASM 276 : Found opcode in column 1. (bsf)
Warning[203] C:\SP_PROGRAMAS_UNIDAD4\LUCES_NAVIDEÒAS\LUCES_NAVIDENAS.X\LUCES_NAVIDENAS.ASM 277 : Found opcode in column 1. (bsf)
Warning[203] C:\SP_PROGRAMAS_UNIDAD4\LUCES_NAVIDEÒAS\LUCES_NAVIDENAS.X\LUCES_NAVIDENAS.ASM 278 : Found opcode in column 1. (bsf)
Warning[203] C:\SP_PROGRAMAS_UNIDAD4\LUCES_NAVIDEÒAS\LUCES_NAVIDENAS.X\LUCES_NAVIDENAS.ASM 279 : Found opcode in column 1. (bsf)
Warning[203] C:\SP_PROGRAMAS_UNIDAD4\LUCES_NAVIDEÒAS\LUCES_NAVIDENAS.X\LUCES_NAVIDENAS.ASM 280 : Found opcode in column 1. (call)
Warning[203] C:\SP_PROGRAMAS_UNIDAD4\LUCES_NAVIDEÒAS\LUCES_NAVIDENAS.X\LUCES_NAVIDENAS.ASM 281 : Found opcode in column 1. (call)
Warning[203] C:\SP_PROGRAMAS_UNIDAD4\LUCES_NAVIDEÒAS\LUCES_NAVIDENAS.X\LUCES_NAVIDENAS.ASM 282 : Found opcode in column 1. (call)
Warning[203] C:\SP_PROGRAMAS_UNIDAD4\LUCES_NAVIDEÒAS\LUCES_NAVIDENAS.X\LUCES_NAVIDENAS.ASM 283 : Found opcode in column 1. (call)
Warning[203] C:\SP_PROGRAMAS_UNIDAD4\LUCES_NAVIDEÒAS\LUCES_NAVIDENAS.X\LUCES_NAVIDENAS.ASM 284 : Found opcode in column 1. (bsf)
Warning[203] C:\SP_PROGRAMAS_UNIDAD4\LUCES_NAVIDEÒAS\LUCES_NAVIDENAS.X\LUCES_NAVIDENAS.ASM 285 : Found opcode in column 1. (bsf)
Warning[203] C:\SP_PROGRAMAS_UNIDAD4\LUCES_NAVIDEÒAS\LUCES_NAVIDENAS.X\LUCES_NAVIDENAS.ASM 286 : Found opcode in column 1. (bsf)
Warning[203] C:\SP_PROGRAMAS_UNIDAD4\LUCES_NAVIDEÒAS\LUCES_NAVIDENAS.X\LUCES_NAVIDENAS.ASM 287 : Found opcode in column 1. (bsf)
Warning[203] C:\SP_PROGRAMAS_UNIDAD4\LUCES_NAVIDEÒAS\LUCES_NAVIDENAS.X\LUCES_NAVIDENAS.ASM 288 : Found opcode in column 1. (bcf)
Warning[203] C:\SP_PROGRAMAS_UNIDAD4\LUCES_NAVIDEÒAS\LUCES_NAVIDENAS.X\LUCES_NAVIDENAS.ASM 289 : Found opcode in column 1. (bcf)
Warning[203] C:\SP_PROGRAMAS_UNIDAD4\LUCES_NAVIDEÒAS\LUCES_NAVIDENAS.X\LUCES_NAVIDENAS.ASM 290 : Found opcode in column 1. (bcf)
Warning[203] C:\SP_PROGRAMAS_UNIDAD4\LUCES_NAVIDEÒAS\LUCES_NAVIDENAS.X\LUCES_NAVIDENAS.ASM 291 : Found opcode in column 1. (bcf)
Warning[203] C:\SP_PROGRAMAS_UNIDAD4\LUCES_NAVIDEÒAS\LUCES_NAVIDENAS.X\LUCES_NAVIDENAS.ASM 292 : Found opcode in column 1. (call)
Warning[203] C:\SP_PROGRAMAS_UNIDAD4\LUCES_NAVIDEÒAS\LUCES_NAVIDENAS.X\LUCES_NAVIDENAS.ASM 293 : Found opcode in column 1. (call)
Warning[203] C:\SP_PROGRAMAS_UNIDAD4\LUCES_NAVIDEÒAS\LUCES_NAVIDENAS.X\LUCES_NAVIDENAS.ASM 294 : Found opcode in column 1. (call)
Warning[203] C:\SP_PROGRAMAS_UNIDAD4\LUCES_NAVIDEÒAS\LUCES_NAVIDENAS.X\LUCES_NAVIDENAS.ASM 295 : Found opcode in column 1. (call)
Warning[203] C:\SP_PROGRAMAS_UNIDAD4\LUCES_NAVIDEÒAS\LUCES_NAVIDENAS.X\LUCES_NAVIDENAS.ASM 297 : Found opcode in column 1. (bcf)
Warning[203] C:\SP_PROGRAMAS_UNIDAD4\LUCES_NAVIDEÒAS\LUCES_NAVIDENAS.X\LUCES_NAVIDENAS.ASM 298 : Found opcode in column 1. (bcf)
Warning[203] C:\SP_PROGRAMAS_UNIDAD4\LUCES_NAVIDEÒAS\LUCES_NAVIDENAS.X\LUCES_NAVIDENAS.ASM 299 : Found opcode in column 1. (bcf)
Warning[203] C:\SP_PROGRAMAS_UNIDAD4\LUCES_NAVIDEÒAS\LUCES_NAVIDENAS.X\LUCES_NAVIDENAS.ASM 300 : Found opcode in column 1. (bsf)
Warning[203] C:\SP_PROGRAMAS_UNIDAD4\LUCES_NAVIDEÒAS\LUCES_NAVIDENAS.X\LUCES_NAVIDENAS.ASM 301 : Found opcode in column 1. (bsf)
Warning[203] C:\SP_PROGRAMAS_UNIDAD4\LUCES_NAVIDEÒAS\LUCES_NAVIDENAS.X\LUCES_NAVIDENAS.ASM 302 : Found opcode in column 1. (bsf)
Warning[203] C:\SP_PROGRAMAS_UNIDAD4\LUCES_NAVIDEÒAS\LUCES_NAVIDENAS.X\LUCES_NAVIDENAS.ASM 303 : Found opcode in column 1. (bsf)
Warning[203] C:\SP_PROGRAMAS_UNIDAD4\LUCES_NAVIDEÒAS\LUCES_NAVIDENAS.X\LUCES_NAVIDENAS.ASM 304 : Found opcode in column 1. (call)
Warning[203] C:\SP_PROGRAMAS_UNIDAD4\LUCES_NAVIDEÒAS\LUCES_NAVIDENAS.X\LUCES_NAVIDENAS.ASM 305 : Found opcode in column 1. (call)
Warning[203] C:\SP_PROGRAMAS_UNIDAD4\LUCES_NAVIDEÒAS\LUCES_NAVIDENAS.X\LUCES_NAVIDENAS.ASM 306 : Found opcode in column 1. (call)
Warning[203] C:\SP_PROGRAMAS_UNIDAD4\LUCES_NAVIDEÒAS\LUCES_NAVIDENAS.X\LUCES_NAVIDENAS.ASM 307 : Found opcode in column 1. (call)
Warning[203] C:\SP_PROGRAMAS_UNIDAD4\LUCES_NAVIDEÒAS\LUCES_NAVIDENAS.X\LUCES_NAVIDENAS.ASM 308 : Found opcode in column 1. (bsf)
Warning[203] C:\SP_PROGRAMAS_UNIDAD4\LUCES_NAVIDEÒAS\LUCES_NAVIDENAS.X\LUCES_NAVIDENAS.ASM 309 : Found opcode in column 1. (bsf)
Warning[203] C:\SP_PROGRAMAS_UNIDAD4\LUCES_NAVIDEÒAS\LUCES_NAVIDENAS.X\LUCES_NAVIDENAS.ASM 310 : Found opcode in column 1. (bsf)
Warning[203] C:\SP_PROGRAMAS_UNIDAD4\LUCES_NAVIDEÒAS\LUCES_NAVIDENAS.X\LUCES_NAVIDENAS.ASM 311 : Found opcode in column 1. (bsf)
Warning[203] C:\SP_PROGRAMAS_UNIDAD4\LUCES_NAVIDEÒAS\LUCES_NAVIDENAS.X\LUCES_NAVIDENAS.ASM 312 : Found opcode in column 1. (bcf)
Warning[203] C:\SP_PROGRAMAS_UNIDAD4\LUCES_NAVIDEÒAS\LUCES_NAVIDENAS.X\LUCES_NAVIDENAS.ASM 313 : Found opcode in column 1. (bcf)
Warning[203] C:\SP_PROGRAMAS_UNIDAD4\LUCES_NAVIDEÒAS\LUCES_NAVIDENAS.X\LUCES_NAVIDENAS.ASM 314 : Found opcode in column 1. (bcf)
Warning[203] C:\SP_PROGRAMAS_UNIDAD4\LUCES_NAVIDEÒAS\LUCES_NAVIDENAS.X\LUCES_NAVIDENAS.ASM 315 : Found opcode in column 1. (bcf)
Warning[203] C:\SP_PROGRAMAS_UNIDAD4\LUCES_NAVIDEÒAS\LUCES_NAVIDENAS.X\LUCES_NAVIDENAS.ASM 316 : Found opcode in column 1. (call)
Warning[203] C:\SP_PROGRAMAS_UNIDAD4\LUCES_NAVIDEÒAS\LUCES_NAVIDENAS.X\LUCES_NAVIDENAS.ASM 317 : Found opcode in column 1. (call)
Warning[203] C:\SP_PROGRAMAS_UNIDAD4\LUCES_NAVIDEÒAS\LUCES_NAVIDENAS.X\LUCES_NAVIDENAS.ASM 318 : Found opcode in column 1. (call)
Warning[203] C:\SP_PROGRAMAS_UNIDAD4\LUCES_NAVIDEÒAS\LUCES_NAVIDENAS.X\LUCES_NAVIDENAS.ASM 319 : Found opcode in column 1. (call)
Warning[203] C:\SP_PROGRAMAS_UNIDAD4\LUCES_NAVIDEÒAS\LUCES_NAVIDENAS.X\LUCES_NAVIDENAS.ASM 320 : Found opcode in column 1. (BTFSC)
Warning[203] C:\SP_PROGRAMAS_UNIDAD4\LUCES_NAVIDEÒAS\LUCES_NAVIDENAS.X\LUCES_NAVIDENAS.ASM 321 : Found opcode in column 1. (call)
Warning[203] C:\SP_PROGRAMAS_UNIDAD4\LUCES_NAVIDEÒAS\LUCES_NAVIDENAS.X\LUCES_NAVIDENAS.ASM 322 : Found opcode in column 1. (BTFSC)
Warning[203] C:\SP_PROGRAMAS_UNIDAD4\LUCES_NAVIDEÒAS\LUCES_NAVIDENAS.X\LUCES_NAVIDENAS.ASM 323 : Found opcode in column 1. (call)
Warning[203] C:\SP_PROGRAMAS_UNIDAD4\LUCES_NAVIDEÒAS\LUCES_NAVIDENAS.X\LUCES_NAVIDENAS.ASM 324 : Found opcode in column 1. (BTFSC)
Warning[203] C:\SP_PROGRAMAS_UNIDAD4\LUCES_NAVIDEÒAS\LUCES_NAVIDENAS.X\LUCES_NAVIDENAS.ASM 325 : Found opcode in column 1. (call)
Warning[203] C:\SP_PROGRAMAS_UNIDAD4\LUCES_NAVIDEÒAS\LUCES_NAVIDENAS.X\LUCES_NAVIDENAS.ASM 326 : Found opcode in column 1. (BTFSC)
Warning[203] C:\SP_PROGRAMAS_UNIDAD4\LUCES_NAVIDEÒAS\LUCES_NAVIDENAS.X\LUCES_NAVIDENAS.ASM 327 : Found opcode in column 1. (call)
Warning[203] C:\SP_PROGRAMAS_UNIDAD4\LUCES_NAVIDEÒAS\LUCES_NAVIDENAS.X\LUCES_NAVIDENAS.ASM 328 : Found opcode in column 1. (call)
Warning[203] C:\SP_PROGRAMAS_UNIDAD4\LUCES_NAVIDEÒAS\LUCES_NAVIDENAS.X\LUCES_NAVIDENAS.ASM 332 : Found opcode in column 1. (goto)
Warning[203] C:\SP_PROGRAMAS_UNIDAD4\LUCES_NAVIDEÒAS\LUCES_NAVIDENAS.X\LUCES_NAVIDENAS.ASM 333 : Found opcode in column 1. (return)
Warning[205] C:\SP_PROGRAMAS_UNIDAD4\LUCES_NAVIDEÒAS\LUCES_NAVIDENAS.X\LUCES_NAVIDENAS.ASM 334 : Found directive in column 1. (end)
