MPASM 5.74                 EJERCICIO_5_3.ASM   5-2-2023  17:44:26         PAGE  1


LOC  OBJECT CODE     LINE SOURCE TEXT
  VALUE

                      00001 ; -----------------------------------
                      00002 ; -- Programa para leer entradas
                      00003 ; -- y obtener salidas complementadas
                      00004 ; ------------------------------------
Warning[205]: Found directive in column 1. (list)
                      00005 list p=16f84A
                      00006     #include "p16f84a.inc"
                      00001         LIST
                      00002 
                      00003 ;==========================================================================
                      00004 ; Build date : May 17 2017
                      00005 ;  MPASM PIC16F84A processor include
                      00006 ; 
                      00007 ;  (c) Copyright 1999-2017 Microchip Technology, All rights reserved
                      00008 ;==========================================================================
                      00009 
                      00209         LIST
Warning[205]: Found directive in column 1. (org)
                      00007 org 0
                      00008 ; -- configuramos porta y portb -----
Warning[203]: Found opcode in column 1. (bsf)
0000   1683           00009 bsf STATUS,RP0 
Warning[203]: Found opcode in column 1. (movlw)
0001   30FF           00010 movlw b'11111111' 
Warning[203]: Found opcode in column 1. (movwf)
0002   0086           00011 movwf PORTB 
Warning[203]: Found opcode in column 1. (movlw)
0003   3000           00012 movlw b'00000000'
Warning[203]: Found opcode in column 1. (movwf)
0004   0085           00013 movwf PORTA 
Warning[203]: Found opcode in column 1. (bcf)
0005   1283           00014 bcf STATUS,RP0
                      00015     
0006                  00016 inicio 
Warning[203]: Found opcode in column 1. (comf)
0006   0906           00017 comf PORTB,0 
Warning[203]: Found opcode in column 1. (movwf)
0007   0085           00018 movwf PORTA 
Warning[203]: Found opcode in column 1. (goto)
0008   2???           00019 goto inicio
Warning[205]: Found directive in column 1. (end)
                      00020 end
MPASM 5.74                 EJERCICIO_5_3.ASM   5-2-2023  17:44:26         PAGE  2


SYMBOL TABLE
  LABEL                             VALUE 

C                                 00000000
DC                                00000001
EEADR                             00000009
EECON1                            00000088
EECON2                            00000089
EEDATA                            00000008
EEIE                              00000006
EEIF                              00000004
F                                 00000001
FSR                               00000004
GIE                               00000007
INDF                              00000000
INTCON                            0000000B
INTE                              00000004
INTEDG                            00000006
INTF                              00000001
IRP                               00000007
NOT_PD                            00000003
NOT_RBPU                          00000007
NOT_TO                            00000004
OPTION_REG                        00000081
PCL                               00000002
PCLATH                            0000000A
PORTA                             00000005
PORTB                             00000006
PS0                               00000000
PS1                               00000001
PS2                               00000002
PSA                               00000003
RA0                               00000000
RA1                               00000001
RA2                               00000002
RA3                               00000003
RA4                               00000004
RB0                               00000000
RB1                               00000001
RB2                               00000002
RB3                               00000003
RB4                               00000004
RB5                               00000005
RB6                               00000006
RB7                               00000007
RBIE                              00000003
RBIF                              00000000
RD                                00000000
RP0                               00000005
RP1                               00000006
STATUS                            00000003
T0CS                              00000005
T0IE                              00000005
T0IF                              00000002
T0SE                              00000004
TMR0                              00000001
MPASM 5.74                 EJERCICIO_5_3.ASM   5-2-2023  17:44:26         PAGE  3


SYMBOL TABLE
  LABEL                             VALUE 

TMR0IE                            00000005
TMR0IF                            00000002
TRISA                             00000085
TRISA0                            00000000
TRISA1                            00000001
TRISA2                            00000002
TRISA3                            00000003
TRISA4                            00000004
TRISB                             00000086
TRISB0                            00000000
TRISB1                            00000001
TRISB2                            00000002
TRISB3                            00000003
TRISB4                            00000004
TRISB5                            00000005
TRISB6                            00000006
TRISB7                            00000007
W                                 00000000
WR                                00000001
WREN                              00000002
WRERR                             00000003
Z                                 00000002
_CONFIG                           00002007
_CP_OFF                           00003FFF
_CP_ON                            0000000F
_DEVID1                           00002006
_FOSC_EXTRC                       00003FFF
_FOSC_HS                          00003FFE
_FOSC_LP                          00003FFC
_FOSC_XT                          00003FFD
_HS_OSC                           00003FFE
_IDLOC0                           00002000
_IDLOC1                           00002001
_IDLOC2                           00002002
_IDLOC3                           00002003
_LP_OSC                           00003FFC
_PWRTE_OFF                        00003FFF
_PWRTE_ON                         00003FF7
_RC_OSC                           00003FFF
_WDTE_OFF                         00003FFB
_WDTE_ON                          00003FFF
_WDT_OFF                          00003FFB
_WDT_ON                           00003FFF
_XT_OSC                           00003FFD
__16F84A                          00000001
inicio                            00000006

Errors   :     0
Warnings :    12 reported,     0 suppressed
Messages :     0 reported,     0 suppressed

