
ROM used:   52/1024 (5%)
            52/1024 (5%) including unused fragments

            0.1 Average locations per line
            1.9 Average locations per statement

RAM used:   5/68 (7%) at main() level
            5/68 (7%) worst case

Stack used: 1 worst case (1 in main + 0 for interrupts)
Stack size: 8

Lines Stmts  %   Files
----- ----- ---  -----
   70    28 100  seguidor_linea.c
  404     0   0  ..\..\..\..\Program Files (x86)\PICC\Devices\16F84A.h
----- -----
  474    28 Total

Page ROM  %  RAM   Vol Diff  Functions:
---- --- --- ---   --- ----  ----------
0      3   6    0    37  1.1  frente
0      3   6    0    37  1.1  izquierda
0      3   6    0    37  1.1  derecha
0      3   6    0    37  1.1  detener
0      3   6    0    37  1.1  arrancar
0     33  63    1   407  3.3  MAIN
 Inline         0   898  4.4  @cinit1

Program metrics:
    Functions               7
    Statements              28
    Comments                76
    Volume (V)              2031
    Difficulty (D)          13.9
    Effort to implement (E) 28162
    Time to implement (T)   26 minutes
    Est Delivered Bugs (B)  0
    Cyclomatic Complexity   11
    Maintainability (MI)    72

 Segment     Used  Free
-----------  ----  ----
00000-00003     4  0  
00004-003FF    48  972  



