MPASM 5.74   SERVOMOTOR_DIFERENTES_PINES.ASM   5-15-2023  18:30:11         PAGE  1


LOC  OBJECT CODE     LINE SOURCE TEXT
  VALUE

Warning[205]: Found directive in column 1. (__CONFIG)
2007   3FF1           00001 __CONFIG _XT_OSC &_WDT_OFF & _PWRTE_ON
                      00002 
Warning[205]: Found directive in column 1. (LIST)
                      00003 LIST P=16F84A
Warning[205]: Found directive in column 1. (INCLUDE)
                      00004 INCLUDE <P16F84A.INC>
                      00001         LIST
                      00002 
                      00003 ;==========================================================================
                      00004 ; Build date : May 17 2017
                      00005 ;  MPASM PIC16F84A processor include
                      00006 ; 
                      00007 ;  (c) Copyright 1999-2017 Microchip Technology, All rights reserved
                      00008 ;==========================================================================
                      00009 
                      00209         LIST
                      00005 
Warning[205]: Found directive in column 1. (CBLOCK)
                      00006 CBLOCK 0X0C
Warning[205]: Found directive in column 1. (ENDC)
                      00007 ENDC
                      00008 
Warning[205]: Found directive in column 1. (ORG)
                      00009 ORG 0
                      00010 ;CONFIGURACION DE PUERTOS
0000   1683           00011         BSF     STATUS,RP0
                      00012 ;CONFIGURACION DE RBO PARA SALIDA PWM
                      00013 
Message[302]: Register in operand not in bank 0.  Ensure that bank bits are correct.
0001   1306           00014         BCF     TRISB,6
                      00015 ;CONFICURACION DE RBA0,1,2 PARA CAMBIAR POSICION
                      00016         
Message[302]: Register in operand not in bank 0.  Ensure that bank bits are correct.
0002   1505           00017         BSF     TRISA,2
Message[302]: Register in operand not in bank 0.  Ensure that bank bits are correct.
0003   1605           00018         BSF     TRISA,4
                      00019         
                      00020 ;TIMER 0 ASIGNACION DE PRESCALER DE 64
0004   3005           00021         MOVLW   B'00000101'
Message[302]: Register in operand not in bank 0.  Ensure that bank bits are correct.
0005   0081           00022         MOVWF   OPTION_REG
                      00023 ;FIN DE CONFIGURACION
0006   1283           00024         BCF     STATUS,RP0
                      00025 
                      00026 ;INICIO DE PROGRAMA 
                      00027 
Warning[203]: Found opcode in column 1. (GOTO)
0007   2???           00028 GOTO HOME
                      00029 
                      00030 
                      00031 ;**** TIEMPOS **
                      00032 ;** 0.5 MS
MPASM 5.74   SERVOMOTOR_DIFERENTES_PINES.ASM   5-15-2023  18:30:11         PAGE  2


LOC  OBJECT CODE     LINE SOURCE TEXT
  VALUE

                      00033 
  000000F8            00034 TIME_500US      EQU     D'248'
                      00035 
0008   30F8           00036 TIMEOF_500US    MOVLW   TIME_500US
0009   0081           00037                                 MOVWF   TMR0
000A   110B           00038                                 BCF             INTCON,T0IF
000B   1D0B           00039 TIME_REB                BTFSS   INTCON,T0IF;DETECTA SI SE DESBORDO EL TEMPORIZADOR
000C   2???           00040                                 GOTO    TIME_REB
000D   0008           00041                                 RETURN
                      00042 
                      00043 ;*** 1MS ****
                      00044 
  000000F0            00045 TIME_1MS        EQU     D'240'
                      00046 
000E   30F0           00047 TIMEOF_1MS              MOVLW   TIME_1MS
000F   0081           00048                                 MOVWF   TMR0
0010   110B           00049                                 BCF             INTCON,T0IF
0011   1D0B           00050 TIME_REB2               BTFSS   INTCON,T0IF
0012   2???           00051                                 GOTO    TIME_REB2
0013   0008           00052                                 RETURN
                      00053 
                      00054 ;*** 2MS ****
                      00055 
  000000E1            00056 TIME_2MS        EQU     D'225'
                      00057 
0014   30E1           00058 TIMEOF_2MS      MOVLW   TIME_2MS
0015   0081           00059                         MOVWF   TMR0
0016   110B           00060                         BCF             INTCON,T0IF
0017   1D0B           00061 TIME_REB3       BTFSS   INTCON,T0IF
0018   2???           00062                         GOTO    TIME_REB3
0019   0008           00063                         RETURN
                      00064 
                      00065 ;*** 4MS ****
                      00066 
  000000C1            00067 TIME_4MS        EQU     D'193'
                      00068 
001A   30C1           00069 TIMEOF_4MS      MOVLW   TIME_4MS
001B   0081           00070                         MOVWF   TMR0
001C   110B           00071                         BCF             INTCON,T0IF
001D   1D0B           00072 TIME_REB4       BTFSS   INTCON,T0IF
001E   2???           00073                         GOTO    TIME_REB4
001F   0008           00074                         RETURN
                      00075 
                      00076 ; *** 15 MS ****
                      00077 
  00000015            00078 TIME_15MS       EQU D'21'
                      00079 
0020   3015           00080 TIMEOF_15MS     MOVLW   TIME_15MS
0021   0081           00081                         MOVWF   TMR0
0022   110B           00082                         BCF             INTCON,T0IF
0023   1D0B           00083 TIME_REB5       BTFSS   INTCON,T0IF
0024   2???           00084                         GOTO    TIME_REB5
0025   0008           00085                         RETURN
MPASM 5.74   SERVOMOTOR_DIFERENTES_PINES.ASM   5-15-2023  18:30:11         PAGE  3


LOC  OBJECT CODE     LINE SOURCE TEXT
  VALUE

                      00086 
                      00087 ;*** 16 MS ***
                      00088 
  00000006            00089 TIME_16MS       EQU     D'6'
                      00090 
0026   3006           00091 TIMEOF_16MS     MOVLW   TIME_16MS
0027   0081           00092                         MOVWF   TMR0
0028   110B           00093                         BCF             INTCON,T0IF
0029   1D0B           00094 TIME_REB6       BTFSS   INTCON,T0IF
002A   2???           00095                         GOTO    TIME_REB6
002B   0008           00096                         RETURN
                      00097 
                      00098 ;** DEFINICION DE POSICIONES **
                      00099 
                      00100 ;CERO GRADOS
002C                  00101 HOME
002C   1D05           00102                 BTFSS   PORTA,2
002D   2???           00103                 GOTO    HOME_2
002E   1706           00104 ZER             BSF             PORTB,6
002F   2???           00105                 CALL    TIMEOF_500US
0030   1306           00106                 BCF             PORTB,6
0031   2???           00107                 CALL    TIMEOF_15MS
0032   2???           00108                 CALL    TIMEOF_4MS
0033   2???           00109                 CALL    TIMEOF_500US
0034   1E05           00110 HOME_2  BTFSS   PORTA,4
0035   2???           00111                 GOTO    HOME
                      00112 ;NOVENTA GRADOS
                      00113 
0036   1706           00114 NOV             BSF             PORTB,6
0037   2???           00115                 CALL    TIMEOF_1MS
0038   2???           00116                 CALL    TIMEOF_500US
0039   1306           00117                 BCF             PORTB,6
003A   2???           00118                 CALL    TIMEOF_16MS
003B   2???           00119                 CALL    TIMEOF_2MS
003C   2???           00120                 CALL    TIMEOF_500US
003D   2???           00121                 GOTO    HOME
                      00122 
                      00123 
                      00124 
Warning[205]: Found directive in column 1. (END)
3FF1                  00125 END
MPASM 5.74   SERVOMOTOR_DIFERENTES_PINES.ASM   5-15-2023  18:30:11         PAGE  4


SYMBOL TABLE
  LABEL                             VALUE 

C                                 00000000
DC                                00000001
EEADR                             00000009
EECON1                            00000088
EECON2                            00000089
EEDATA                            00000008
EEIE                              00000006
EEIF                              00000004
F                                 00000001
FSR                               00000004
GIE                               00000007
HOME                              0000002C
HOME_2                            00000034
INDF                              00000000
INTCON                            0000000B
INTE                              00000004
INTEDG                            00000006
INTF                              00000001
IRP                               00000007
NOT_PD                            00000003
NOT_RBPU                          00000007
NOT_TO                            00000004
NOV                               00000036
OPTION_REG                        00000081
PCL                               00000002
PCLATH                            0000000A
PORTA                             00000005
PORTB                             00000006
PS0                               00000000
PS1                               00000001
PS2                               00000002
PSA                               00000003
RA0                               00000000
RA1                               00000001
RA2                               00000002
RA3                               00000003
RA4                               00000004
RB0                               00000000
RB1                               00000001
RB2                               00000002
RB3                               00000003
RB4                               00000004
RB5                               00000005
RB6                               00000006
RB7                               00000007
RBIE                              00000003
RBIF                              00000000
RD                                00000000
RP0                               00000005
RP1                               00000006
STATUS                            00000003
T0CS                              00000005
T0IE                              00000005
MPASM 5.74   SERVOMOTOR_DIFERENTES_PINES.ASM   5-15-2023  18:30:11         PAGE  5


SYMBOL TABLE
  LABEL                             VALUE 

T0IF                              00000002
T0SE                              00000004
TIMEOF_15MS                       00000020
TIMEOF_16MS                       00000026
TIMEOF_1MS                        0000000E
TIMEOF_2MS                        00000014
TIMEOF_4MS                        0000001A
TIMEOF_500US                      00000008
TIME_15MS                         00000015
TIME_16MS                         00000006
TIME_1MS                          000000F0
TIME_2MS                          000000E1
TIME_4MS                          000000C1
TIME_500US                        000000F8
TIME_REB                          0000000B
TIME_REB2                         00000011
TIME_REB3                         00000017
TIME_REB4                         0000001D
TIME_REB5                         00000023
TIME_REB6                         00000029
TMR0                              00000001
TMR0IE                            00000005
TMR0IF                            00000002
TRISA                             00000085
TRISA0                            00000000
TRISA1                            00000001
TRISA2                            00000002
TRISA3                            00000003
TRISA4                            00000004
TRISB                             00000086
TRISB0                            00000000
TRISB1                            00000001
TRISB2                            00000002
TRISB3                            00000003
TRISB4                            00000004
TRISB5                            00000005
TRISB6                            00000006
TRISB7                            00000007
W                                 00000000
WR                                00000001
WREN                              00000002
WRERR                             00000003
Z                                 00000002
ZER                               0000002E
_CONFIG                           00002007
_CP_OFF                           00003FFF
_CP_ON                            0000000F
_DEVID1                           00002006
_FOSC_EXTRC                       00003FFF
_FOSC_HS                          00003FFE
_FOSC_LP                          00003FFC
_FOSC_XT                          00003FFD
_HS_OSC                           00003FFE
MPASM 5.74   SERVOMOTOR_DIFERENTES_PINES.ASM   5-15-2023  18:30:11         PAGE  6


SYMBOL TABLE
  LABEL                             VALUE 

_IDLOC0                           00002000
_IDLOC1                           00002001
_IDLOC2                           00002002
_IDLOC3                           00002003
_LP_OSC                           00003FFC
_PWRTE_OFF                        00003FFF
_PWRTE_ON                         00003FF7
_RC_OSC                           00003FFF
_WDTE_OFF                         00003FFB
_WDTE_ON                          00003FFF
_WDT_OFF                          00003FFB
_WDT_ON                           00003FFF
_XT_OSC                           00003FFD
__16F84A                          00000001

Errors   :     0
Warnings :     8 reported,     0 suppressed
Messages :     4 reported,     0 suppressed

