MPASM 5.74                           ALU.ASM   5-5-2023  11:11:56         PAGE  1


LOC  OBJECT CODE     LINE SOURCE TEXT
  VALUE

Warning[205]: Found directive in column 1. (ORG)
                      00001 ORG 0x00
                      00002 ;VARIABLES
  0000000C            00003 operador1 EQU 0x0c
  0000000D            00004 operador2 EQU 0x0d
  0000000E            00005 resul EQU 0x0e
  0000000F            00006 cont EQU 0X0f
Warning[205]: Found directive in column 1. (list)
                      00007 list p=16f84
Warning[207]: Found label after column 1. (portb)
  00000006            00008  portb equ h'06'
  00000005            00009 porta equ h'05'
  00000001            00010 timer equ h'01'
  00000003            00011 estatus equ h'03'
  00000020            00012 residuo EQU 0x20
  00000021            00013 dividendo EQU 0x21
  00000022            00014 divisor EQU 0x22
                      00015 ; SE DEFINEN LOS PUERTOS, ENTRADAS, SALIDAS Y TIPO DE TIMER
Warning[203]: Found opcode in column 1. (bsf)
0000   1683           00016 bsf estatus,5
Warning[203]: Found opcode in column 1. (movlw)
0001   30D7           00017 movlw b'11010111'
Warning[203]: Found opcode in column 1. (movwf)
0002   0081           00018 movwf timer
Warning[203]: Found opcode in column 1. (movlw)
0003   30FF           00019 movlw b'11111111'
Warning[203]: Found opcode in column 1. (movwf)
0004   0086           00020 movwf portb
Warning[203]: Found opcode in column 1. (movlw)
0005   3000           00021 movlw b'00000000'
Warning[203]: Found opcode in column 1. (movwf)
0006   0085           00022 movwf porta
Warning[203]: Found opcode in column 1. (bcf)
0007   1283           00023 bcf estatus,5
Warning[203]: Found opcode in column 1. (clrf)
0008   0186           00024 clrf portb
                      00025 ;REVISIÓN DE BOTONES, DEPENDIENDO DE LO QUE CONTENGAN SE DEFINEN LOS BITS DE OPERADOR 1 Y OPERADOR 2
                      00026 ;ENTRADA A
Warning[203]: Found opcode in column 1. (BTFSS)
0009   1C06           00027 BTFSS portb,0
Warning[203]: Found opcode in column 1. (bsf)
000A   140C           00028 bsf operador1, 0
Warning[203]: Found opcode in column 1. (BTFSS)
000B   1C86           00029 BTFSS portb,1
Warning[203]: Found opcode in column 1. (bsf)
000C   148C           00030 bsf operador1, 1
Warning[203]: Found opcode in column 1. (BTFSS)
000D   1D06           00031 BTFSS portb,2
Warning[203]: Found opcode in column 1. (bsf)
000E   150C           00032 bsf operador1, 2
Warning[203]: Found opcode in column 1. (BTFSS)
000F   1D86           00033 BTFSS portb,3
Warning[203]: Found opcode in column 1. (bsf)
MPASM 5.74                           ALU.ASM   5-5-2023  11:11:56         PAGE  2


LOC  OBJECT CODE     LINE SOURCE TEXT
  VALUE

0010   158C           00034 bsf operador1, 3
                      00035 ;ENTRADA B
Warning[203]: Found opcode in column 1. (BTFSS)
0011   1E06           00036 BTFSS portb,4
Warning[203]: Found opcode in column 1. (bsf)
0012   140D           00037 bsf operador2, 0
Warning[203]: Found opcode in column 1. (BTFSS)
0013   1E86           00038 BTFSS portb,5
Warning[203]: Found opcode in column 1. (bsf)
0014   148D           00039 bsf operador2, 1
Warning[203]: Found opcode in column 1. (BTFSS)
0015   1F06           00040 BTFSS portb,6
Warning[203]: Found opcode in column 1. (bsf)
0016   150D           00041 bsf operador2, 2
Warning[203]: Found opcode in column 1. (BTFSS)
0017   1F86           00042 BTFSS portb,7
Warning[203]: Found opcode in column 1. (bsf)
0018   158D           00043 bsf operador2, 3
                      00044 ;SUMA
Warning[203]: Found opcode in column 1. (MOVF)
0019   080D           00045 MOVF operador2,0
Warning[203]: Found opcode in column 1. (ADDWF)
001A   070C           00046 ADDWF operador1,0
001B   008E           00047  MOVWF resul
Warning[203]: Found opcode in column 1. (CLRW)
001C   0103           00048 CLRW
                      00049 ;APAGAMOS TODOS LOS LEDS
Warning[203]: Found opcode in column 1. (bcf)
001D   1005           00050 bcf porta,0
Warning[203]: Found opcode in column 1. (bcf)
001E   1085           00051 bcf porta,1
Warning[203]: Found opcode in column 1. (bcf)
001F   1105           00052 bcf porta,2
Warning[203]: Found opcode in column 1. (bcf)
0020   1185           00053 bcf porta,3
Warning[203]: Found opcode in column 1. (bcf)
0021   1205           00054 bcf porta,4
                      00055 ;REVISAMOS QUE BITS DE resul ESTÁN ENCENDENDIDOS PARA ARROJAR LA SALIDA
Warning[203]: Found opcode in column 1. (BTFSC)
0022   180E           00056 BTFSC resul,0
Warning[203]: Found opcode in column 1. (bsf)
0023   1405           00057 bsf porta,0
Warning[203]: Found opcode in column 1. (BTFSC)
0024   188E           00058 BTFSC resul,1
Warning[203]: Found opcode in column 1. (bsf)
0025   1485           00059 bsf porta,1
Warning[203]: Found opcode in column 1. (BTFSC)
0026   190E           00060 BTFSC resul,2
Warning[203]: Found opcode in column 1. (bsf)
0027   1505           00061 bsf porta,2
Warning[203]: Found opcode in column 1. (BTFSC)
0028   198E           00062 BTFSC resul,3
Warning[203]: Found opcode in column 1. (bsf)
MPASM 5.74                           ALU.ASM   5-5-2023  11:11:56         PAGE  3


LOC  OBJECT CODE     LINE SOURCE TEXT
  VALUE

0029   1585           00063 bsf porta,3
Warning[203]: Found opcode in column 1. (CLRF)
002A   018E           00064 CLRF resul
                      00065 ;MANDAMOS A LLAMAR AL TIMER
Warning[203]: Found opcode in column 1. (call)
002B   2???           00066 call temp
Warning[203]: Found opcode in column 1. (call)
002C   2???           00067 call temp
Warning[203]: Found opcode in column 1. (call)
002D   2???           00068 call temp
Warning[203]: Found opcode in column 1. (call)
002E   2???           00069 call temp
Warning[203]: Found opcode in column 1. (call)
002F   2???           00070 call temp
Warning[203]: Found opcode in column 1. (call)
0030   2???           00071 call temp
Warning[203]: Found opcode in column 1. (call)
0031   2???           00072 call temp
Warning[203]: Found opcode in column 1. (call)
0032   2???           00073 call temp
                      00074 ;RESTA
Warning[203]: Found opcode in column 1. (MOVF)
0033   080D           00075 MOVF operador2,0
Warning[203]: Found opcode in column 1. (SUBWF)
0034   020C           00076 SUBWF operador1,0
Warning[203]: Found opcode in column 1. (MOVWF)
0035   008E           00077 MOVWF resul
Warning[203]: Found opcode in column 1. (CLRW)
0036   0103           00078 CLRW
                      00079 ;APAGAMOS TODOS LOS LEDS
Warning[203]: Found opcode in column 1. (bcf)
0037   1005           00080 bcf porta,0
Warning[203]: Found opcode in column 1. (bcf)
0038   1085           00081 bcf porta,1
Warning[203]: Found opcode in column 1. (bcf)
0039   1105           00082 bcf porta,2
Warning[203]: Found opcode in column 1. (bcf)
003A   1185           00083 bcf porta,3
Warning[203]: Found opcode in column 1. (bcf)
003B   1205           00084 bcf porta,4
                      00085 ;REVISAMOS QUE BITS DE resul ESTÁN ENCENDENDIDOS PARA ARROJAR LA SALIDA
Warning[203]: Found opcode in column 1. (BTFSC)
003C   180E           00086 BTFSC resul,0
003D   1405           00087  bsf porta,0
Warning[203]: Found opcode in column 1. (BTFSC)
003E   188E           00088 BTFSC resul,1
Warning[203]: Found opcode in column 1. (bsf)
003F   1485           00089 bsf porta,1
Warning[203]: Found opcode in column 1. (BTFSC)
0040   190E           00090 BTFSC resul,2
Warning[203]: Found opcode in column 1. (bsf)
0041   1505           00091 bsf porta,2
Warning[203]: Found opcode in column 1. (BTFSC)
MPASM 5.74                           ALU.ASM   5-5-2023  11:11:56         PAGE  4


LOC  OBJECT CODE     LINE SOURCE TEXT
  VALUE

0042   198E           00092 BTFSC resul,3
Warning[203]: Found opcode in column 1. (bsf)
0043   1585           00093 bsf porta,3
Warning[203]: Found opcode in column 1. (CLRF)
0044   018E           00094 CLRF resul
                      00095 ;LLAMAMOS AL TIMER
Warning[203]: Found opcode in column 1. (call)
0045   2???           00096 call temp
Warning[203]: Found opcode in column 1. (call)
0046   2???           00097 call temp
Warning[203]: Found opcode in column 1. (call)
0047   2???           00098 call temp
Warning[203]: Found opcode in column 1. (call)
0048   2???           00099 call temp
Warning[203]: Found opcode in column 1. (call)
0049   2???           00100 call temp
Warning[203]: Found opcode in column 1. (call)
004A   2???           00101 call temp
Warning[203]: Found opcode in column 1. (call)
004B   2???           00102 call temp
Warning[203]: Found opcode in column 1. (call)
004C   2???           00103 call temp
                      00104 ;INCREMENTO
Warning[203]: Found opcode in column 1. (INCF)
004D   0A0C           00105 INCF operador1,0
Warning[203]: Found opcode in column 1. (MOVWF)
004E   008E           00106 MOVWF resul
Warning[203]: Found opcode in column 1. (CLRW)
004F   0103           00107 CLRW
                      00108 ;APAGAMOS LOS LEDS
Warning[203]: Found opcode in column 1. (bcf)
0050   1005           00109 bcf porta,0
Warning[203]: Found opcode in column 1. (bcf)
0051   1085           00110 bcf porta,1
Warning[203]: Found opcode in column 1. (bcf)
0052   1105           00111 bcf porta,2
Warning[203]: Found opcode in column 1. (bcf)
0053   1185           00112 bcf porta,3
Warning[203]: Found opcode in column 1. (bcf)
0054   1205           00113 bcf porta,4
                      00114 ;REVISAMOS QUE BITS DE resul ESTÁN ENCENDENDIDOS PARA ARROJAR LA SALIDA
Warning[203]: Found opcode in column 1. (BTFSC)
0055   180E           00115 BTFSC resul,0
Warning[203]: Found opcode in column 1. (bsf)
0056   1405           00116 bsf porta,0
Warning[203]: Found opcode in column 1. (BTFSC)
0057   188E           00117 BTFSC resul,1
Warning[203]: Found opcode in column 1. (bsf)
0058   1485           00118 bsf porta,1
Warning[203]: Found opcode in column 1. (BTFSC)
0059   190E           00119 BTFSC resul,2
Warning[203]: Found opcode in column 1. (bsf)
005A   1505           00120 bsf porta,2
MPASM 5.74                           ALU.ASM   5-5-2023  11:11:56         PAGE  5


LOC  OBJECT CODE     LINE SOURCE TEXT
  VALUE

Warning[203]: Found opcode in column 1. (BTFSC)
005B   198E           00121 BTFSC resul,3
Warning[203]: Found opcode in column 1. (bsf)
005C   1585           00122 bsf porta,3
Warning[203]: Found opcode in column 1. (CLRF)
005D   018E           00123 CLRF resul
                      00124 ;LLAMAMOS AL TIMER
Warning[203]: Found opcode in column 1. (call)
005E   2???           00125 call temp
Warning[203]: Found opcode in column 1. (call)
005F   2???           00126 call temp
0060   2???           00127  call temp
Warning[203]: Found opcode in column 1. (call)
0061   2???           00128 call temp
Warning[203]: Found opcode in column 1. (call)
0062   2???           00129 call temp
Warning[203]: Found opcode in column 1. (call)
0063   2???           00130 call temp
Warning[203]: Found opcode in column 1. (call)
0064   2???           00131 call temp
Warning[203]: Found opcode in column 1. (call)
0065   2???           00132 call temp
                      00133 ;DECREMENTO
Warning[203]: Found opcode in column 1. (DECF)
0066   030C           00134 DECF operador1,0
Warning[203]: Found opcode in column 1. (MOVWF)
0067   008E           00135 MOVWF resul
Warning[203]: Found opcode in column 1. (CLRW)
0068   0103           00136 CLRW
                      00137 ;APAGAMOS LOS LEDS
Warning[203]: Found opcode in column 1. (bcf)
0069   1005           00138 bcf porta,0
Warning[203]: Found opcode in column 1. (bcf)
006A   1085           00139 bcf porta,1
Warning[203]: Found opcode in column 1. (bcf)
006B   1105           00140 bcf porta,2
Warning[203]: Found opcode in column 1. (bcf)
006C   1185           00141 bcf porta,3
Warning[203]: Found opcode in column 1. (bcf)
006D   1205           00142 bcf porta,4
                      00143 ;REVISAMOS QUE BITS DE resul ESTÁN ENCENDENDIDOS PARA ARROJAR LA SALIDA
Warning[203]: Found opcode in column 1. (BTFSC)
006E   180E           00144 BTFSC resul,0
Warning[203]: Found opcode in column 1. (bsf)
006F   1405           00145 bsf porta,0
Warning[203]: Found opcode in column 1. (BTFSC)
0070   188E           00146 BTFSC resul,1
Warning[203]: Found opcode in column 1. (bsf)
0071   1485           00147 bsf porta,1
Warning[203]: Found opcode in column 1. (BTFSC)
0072   190E           00148 BTFSC resul,2
Warning[203]: Found opcode in column 1. (bsf)
0073   1505           00149 bsf porta,2
MPASM 5.74                           ALU.ASM   5-5-2023  11:11:56         PAGE  6


LOC  OBJECT CODE     LINE SOURCE TEXT
  VALUE

Warning[203]: Found opcode in column 1. (BTFSC)
0074   198E           00150 BTFSC resul,3
Warning[203]: Found opcode in column 1. (bsf)
0075   1585           00151 bsf porta,3
Warning[203]: Found opcode in column 1. (CLRF)
0076   018E           00152 CLRF resul
                      00153 ;LLAMAMOS AL TIMER
Warning[203]: Found opcode in column 1. (call)
0077   2???           00154 call temp
Warning[203]: Found opcode in column 1. (call)
0078   2???           00155 call temp
Warning[203]: Found opcode in column 1. (call)
0079   2???           00156 call temp
Warning[203]: Found opcode in column 1. (call)
007A   2???           00157 call temp
Warning[203]: Found opcode in column 1. (call)
007B   2???           00158 call temp
Warning[203]: Found opcode in column 1. (call)
007C   2???           00159 call temp
Warning[203]: Found opcode in column 1. (call)
007D   2???           00160 call temp
Warning[203]: Found opcode in column 1. (call)
007E   2???           00161 call temp
                      00162 ;AND
Warning[203]: Found opcode in column 1. (MOVF)
007F   080D           00163 MOVF operador2,0
Warning[203]: Found opcode in column 1. (ANDWF)
0080   050C           00164 ANDWF operador1,0
Warning[203]: Found opcode in column 1. (MOVWF)
0081   008E           00165 MOVWF resul
Warning[203]: Found opcode in column 1. (CLRW)
0082   0103           00166 CLRW
                      00167  ;APAGAMOS LOS LEDS
Warning[203]: Found opcode in column 1. (bcf)
0083   1005           00168 bcf porta,0
Warning[203]: Found opcode in column 1. (bcf)
0084   1085           00169 bcf porta,1
Warning[203]: Found opcode in column 1. (bcf)
0085   1105           00170 bcf porta,2
Warning[203]: Found opcode in column 1. (bcf)
0086   1185           00171 bcf porta,3
Warning[203]: Found opcode in column 1. (bcf)
0087   1205           00172 bcf porta,4
                      00173 ;REVISAMOS QUE BITS DE resul ESTÁN ENCENDENDIDOS PARA ARROJAR LA SALIDA
Warning[203]: Found opcode in column 1. (BTFSC)
0088   180E           00174 BTFSC resul,0
Warning[203]: Found opcode in column 1. (bsf)
0089   1405           00175 bsf porta,0
Warning[203]: Found opcode in column 1. (BTFSC)
008A   188E           00176 BTFSC resul,1
Warning[203]: Found opcode in column 1. (bsf)
008B   1485           00177 bsf porta,1
Warning[203]: Found opcode in column 1. (BTFSC)
MPASM 5.74                           ALU.ASM   5-5-2023  11:11:56         PAGE  7


LOC  OBJECT CODE     LINE SOURCE TEXT
  VALUE

008C   190E           00178 BTFSC resul,2
Warning[203]: Found opcode in column 1. (bsf)
008D   1505           00179 bsf porta,2
Warning[203]: Found opcode in column 1. (BTFSC)
008E   198E           00180 BTFSC resul,3
Warning[203]: Found opcode in column 1. (bsf)
008F   1585           00181 bsf porta,3
Warning[203]: Found opcode in column 1. (CLRF)
0090   018E           00182 CLRF resul
                      00183 ;LLAMAMOS AL TIMER
Warning[203]: Found opcode in column 1. (call)
0091   2???           00184 call temp
Warning[203]: Found opcode in column 1. (call)
0092   2???           00185 call temp
Warning[203]: Found opcode in column 1. (call)
0093   2???           00186 call temp
Warning[203]: Found opcode in column 1. (call)
0094   2???           00187 call temp
Warning[203]: Found opcode in column 1. (call)
0095   2???           00188 call temp
Warning[203]: Found opcode in column 1. (call)
0096   2???           00189 call temp
Warning[203]: Found opcode in column 1. (call)
0097   2???           00190 call temp
Warning[203]: Found opcode in column 1. (call)
0098   2???           00191 call temp
                      00192 ;OR
Warning[203]: Found opcode in column 1. (MOVF)
0099   080D           00193 MOVF operador2,0
Warning[203]: Found opcode in column 1. (IORWF)
009A   040C           00194 IORWF operador1,0
Warning[203]: Found opcode in column 1. (MOVWF)
009B   008E           00195 MOVWF resul
Warning[203]: Found opcode in column 1. (CLRW)
009C   0103           00196 CLRW
                      00197 ;APAGAMOS LOS LEDS
Warning[203]: Found opcode in column 1. (bcf)
009D   1005           00198 bcf porta,0
Warning[203]: Found opcode in column 1. (bcf)
009E   1085           00199 bcf porta,1
Warning[203]: Found opcode in column 1. (bcf)
009F   1105           00200 bcf porta,2
Warning[203]: Found opcode in column 1. (bcf)
00A0   1185           00201 bcf porta,3
Warning[203]: Found opcode in column 1. (bcf)
00A1   1205           00202 bcf porta,4
                      00203 ;REVISAMOS QUE BITS DE resul ESTÁN ENCENDENDIDOS PARA ARROJAR LA SALIDA
Warning[203]: Found opcode in column 1. (BTFSC)
00A2   180E           00204 BTFSC resul,0
Warning[203]: Found opcode in column 1. (bsf)
00A3   1405           00205 bsf porta,0
Warning[203]: Found opcode in column 1. (BTFSC)
00A4   188E           00206 BTFSC resul,1
MPASM 5.74                           ALU.ASM   5-5-2023  11:11:56         PAGE  8


LOC  OBJECT CODE     LINE SOURCE TEXT
  VALUE

00A5   1485           00207  bsf porta,1
Warning[203]: Found opcode in column 1. (BTFSC)
00A6   190E           00208 BTFSC resul,2
Warning[203]: Found opcode in column 1. (bsf)
00A7   1505           00209 bsf porta,2
Warning[203]: Found opcode in column 1. (BTFSC)
00A8   198E           00210 BTFSC resul,3
Warning[203]: Found opcode in column 1. (bsf)
00A9   1585           00211 bsf porta,3
Warning[203]: Found opcode in column 1. (CLRF)
00AA   018E           00212 CLRF resul
                      00213 ;LLAMAMOS AL TIMER
Warning[203]: Found opcode in column 1. (call)
00AB   2???           00214 call temp
Warning[203]: Found opcode in column 1. (call)
00AC   2???           00215 call temp
Warning[203]: Found opcode in column 1. (call)
00AD   2???           00216 call temp
Warning[203]: Found opcode in column 1. (call)
00AE   2???           00217 call temp
Warning[203]: Found opcode in column 1. (call)
00AF   2???           00218 call temp
Warning[203]: Found opcode in column 1. (call)
00B0   2???           00219 call temp
Warning[203]: Found opcode in column 1. (call)
00B1   2???           00220 call temp
Warning[203]: Found opcode in column 1. (call)
00B2   2???           00221 call temp
                      00222 ;XOR
Warning[203]: Found opcode in column 1. (MOVF)
00B3   080D           00223 MOVF operador2,0
Warning[203]: Found opcode in column 1. (XORWF)
00B4   060C           00224 XORWF operador1,0
Warning[203]: Found opcode in column 1. (MOVWF)
00B5   008E           00225 MOVWF resul
Warning[203]: Found opcode in column 1. (CLRW)
00B6   0103           00226 CLRW
                      00227 ;APAGAMOS LOS LEDS
Warning[203]: Found opcode in column 1. (bcf)
00B7   1005           00228 bcf porta,0
Warning[203]: Found opcode in column 1. (bcf)
00B8   1085           00229 bcf porta,1
Warning[203]: Found opcode in column 1. (bcf)
00B9   1105           00230 bcf porta,2
Warning[203]: Found opcode in column 1. (bcf)
00BA   1185           00231 bcf porta,3
Warning[203]: Found opcode in column 1. (bcf)
00BB   1205           00232 bcf porta,4
                      00233 ;REVISAMOS QUE BITS DE resul ESTÁN ENCENDENDIDOS PARA ARROJAR LA SALIDA
Warning[203]: Found opcode in column 1. (BTFSC)
00BC   180E           00234 BTFSC resul,0
Warning[203]: Found opcode in column 1. (bsf)
00BD   1405           00235 bsf porta,0
MPASM 5.74                           ALU.ASM   5-5-2023  11:11:56         PAGE  9


LOC  OBJECT CODE     LINE SOURCE TEXT
  VALUE

Warning[203]: Found opcode in column 1. (BTFSC)
00BE   188E           00236 BTFSC resul,1
Warning[203]: Found opcode in column 1. (bsf)
00BF   1485           00237 bsf porta,1
Warning[203]: Found opcode in column 1. (BTFSC)
00C0   190E           00238 BTFSC resul,2
Warning[203]: Found opcode in column 1. (bsf)
00C1   1505           00239 bsf porta,2
Warning[203]: Found opcode in column 1. (BTFSC)
00C2   198E           00240 BTFSC resul,3
Warning[203]: Found opcode in column 1. (bsf)
00C3   1585           00241 bsf porta,3
Warning[203]: Found opcode in column 1. (CLRF)
00C4   018E           00242 CLRF resul
                      00243 ;LLAMAMOS AL TIMER
Warning[203]: Found opcode in column 1. (call)
00C5   2???           00244 call temp
Warning[203]: Found opcode in column 1. (call)
00C6   2???           00245 call temp
Warning[203]: Found opcode in column 1. (call)
00C7   2???           00246 call temp
00C8   2???           00247  call temp
Warning[203]: Found opcode in column 1. (call)
00C9   2???           00248 call temp
Warning[203]: Found opcode in column 1. (call)
00CA   2???           00249 call temp
Warning[203]: Found opcode in column 1. (call)
00CB   2???           00250 call temp
Warning[203]: Found opcode in column 1. (call)
00CC   2???           00251 call temp
                      00252 ;NOT
Warning[203]: Found opcode in column 1. (COMF)
00CD   090C           00253 COMF operador1,0
Warning[203]: Found opcode in column 1. (MOVWF)
00CE   008E           00254 MOVWF resul
Warning[203]: Found opcode in column 1. (CLRW)
00CF   0103           00255 CLRW
                      00256 ;APAGAMOS LOS LEDS
Warning[203]: Found opcode in column 1. (bcf)
00D0   1005           00257 bcf porta,0
Warning[203]: Found opcode in column 1. (bcf)
00D1   1085           00258 bcf porta,1
Warning[203]: Found opcode in column 1. (bcf)
00D2   1105           00259 bcf porta,2
Warning[203]: Found opcode in column 1. (bcf)
00D3   1185           00260 bcf porta,3
Warning[203]: Found opcode in column 1. (bcf)
00D4   1205           00261 bcf porta,4
                      00262 ;REVISAMOS QUE BITS DE resul ESTÁN ENCENDENDIDOS PARA ARROJAR LA SALIDA
Warning[203]: Found opcode in column 1. (BTFSC)
00D5   180E           00263 BTFSC resul,0
Warning[203]: Found opcode in column 1. (bsf)
00D6   1405           00264 bsf porta,0
MPASM 5.74                           ALU.ASM   5-5-2023  11:11:56         PAGE 10


LOC  OBJECT CODE     LINE SOURCE TEXT
  VALUE

Warning[203]: Found opcode in column 1. (BTFSC)
00D7   188E           00265 BTFSC resul,1
Warning[203]: Found opcode in column 1. (bsf)
00D8   1485           00266 bsf porta,1
Warning[203]: Found opcode in column 1. (BTFSC)
00D9   190E           00267 BTFSC resul,2
Warning[203]: Found opcode in column 1. (bsf)
00DA   1505           00268 bsf porta,2
Warning[203]: Found opcode in column 1. (BTFSC)
00DB   198E           00269 BTFSC resul,3
Warning[203]: Found opcode in column 1. (bsf)
00DC   1585           00270 bsf porta,3
Warning[203]: Found opcode in column 1. (CLRF)
00DD   018E           00271 CLRF resul
                      00272 ;LLAMAMOS AL TIMER
Warning[203]: Found opcode in column 1. (call)
00DE   2???           00273 call temp
Warning[203]: Found opcode in column 1. (call)
00DF   2???           00274 call temp
Warning[203]: Found opcode in column 1. (call)
00E0   2???           00275 call temp
Warning[203]: Found opcode in column 1. (call)
00E1   2???           00276 call temp
Warning[203]: Found opcode in column 1. (call)
00E2   2???           00277 call temp
Warning[203]: Found opcode in column 1. (call)
00E3   2???           00278 call temp
Warning[203]: Found opcode in column 1. (call)
00E4   2???           00279 call temp
Warning[203]: Found opcode in column 1. (call)
00E5   2???           00280 call temp
Warning[203]: Found opcode in column 1. (CLRF)
00E6   018E           00281 CLRF resul
                      00282 ;ROTACIÒN IZQ
Warning[203]: Found opcode in column 1. (CLRW)
00E7   0103           00283 CLRW
Warning[203]: Found opcode in column 1. (RLF)
00E8   0D0C           00284 RLF operador1,0
Warning[203]: Found opcode in column 1. (MOVWF)
00E9   008E           00285 MOVWF resul
Warning[203]: Found opcode in column 1. (CLRW)
00EA   0103           00286 CLRW
                      00287  ;APAGAMOS LOS LEDS
Warning[203]: Found opcode in column 1. (bcf)
00EB   1005           00288 bcf porta,0
Warning[203]: Found opcode in column 1. (bcf)
00EC   1085           00289 bcf porta,1
Warning[203]: Found opcode in column 1. (bcf)
00ED   1105           00290 bcf porta,2
Warning[203]: Found opcode in column 1. (bcf)
00EE   1185           00291 bcf porta,3
Warning[203]: Found opcode in column 1. (bcf)
00EF   1205           00292 bcf porta,4
MPASM 5.74                           ALU.ASM   5-5-2023  11:11:56         PAGE 11


LOC  OBJECT CODE     LINE SOURCE TEXT
  VALUE

                      00293 ;REVISAMOS QUE BITS DE resul ESTÁN ENCENDENDIDOS PARA ARROJAR LA SALIDA
Warning[203]: Found opcode in column 1. (bcf)
00F0   1005           00294 bcf porta,0
Warning[203]: Found opcode in column 1. (BTFSC)
00F1   1A0E           00295 BTFSC resul,4
Warning[203]: Found opcode in column 1. (bsf)
00F2   1405           00296 bsf porta,0
Warning[203]: Found opcode in column 1. (BTFSC)
00F3   188E           00297 BTFSC resul,1
Warning[203]: Found opcode in column 1. (bsf)
00F4   1485           00298 bsf porta,1
Warning[203]: Found opcode in column 1. (BTFSC)
00F5   190E           00299 BTFSC resul,2
Warning[203]: Found opcode in column 1. (bsf)
00F6   1505           00300 bsf porta,2
Warning[203]: Found opcode in column 1. (BTFSC)
00F7   198E           00301 BTFSC resul,3
Warning[203]: Found opcode in column 1. (bsf)
00F8   1585           00302 bsf porta,3
Warning[203]: Found opcode in column 1. (CLRF)
00F9   018E           00303 CLRF resul
                      00304 ;LLAMAMOS AL TIMER
Warning[203]: Found opcode in column 1. (call)
00FA   2???           00305 call temp
Warning[203]: Found opcode in column 1. (call)
00FB   2???           00306 call temp
Warning[203]: Found opcode in column 1. (call)
00FC   2???           00307 call temp
Warning[203]: Found opcode in column 1. (call)
00FD   2???           00308 call temp
Warning[203]: Found opcode in column 1. (call)
00FE   2???           00309 call temp
Warning[203]: Found opcode in column 1. (call)
00FF   2???           00310 call temp
Warning[203]: Found opcode in column 1. (call)
0100   2???           00311 call temp
Warning[203]: Found opcode in column 1. (call)
0101   2???           00312 call temp
                      00313 ;ROTACIÒN DER
Warning[203]: Found opcode in column 1. (CLRW)
0102   0103           00314 CLRW
Warning[203]: Found opcode in column 1. (RRF)
0103   0C0C           00315 RRF operador1,0
Warning[203]: Found opcode in column 1. (MOVWF)
0104   008E           00316 MOVWF resul
Warning[203]: Found opcode in column 1. (CLRW)
0105   0103           00317 CLRW
                      00318 ;APAGAMOS LOS LEDS
Warning[203]: Found opcode in column 1. (bcf)
0106   1005           00319 bcf porta,0
Warning[203]: Found opcode in column 1. (bcf)
0107   1085           00320 bcf porta,1
Warning[203]: Found opcode in column 1. (bcf)
MPASM 5.74                           ALU.ASM   5-5-2023  11:11:56         PAGE 12


LOC  OBJECT CODE     LINE SOURCE TEXT
  VALUE

0108   1105           00321 bcf porta,2
Warning[203]: Found opcode in column 1. (bcf)
0109   1185           00322 bcf porta,3
Warning[203]: Found opcode in column 1. (bcf)
010A   1205           00323 bcf porta,4
                      00324 ;REVISAMOS QUE BITS DE resul ESTÁN ENCENDENDIDOS PARA ARROJAR LA SALIDA
Warning[203]: Found opcode in column 1. (BTFSC)
010B   1803           00325 BTFSC estatus,0
010C   1585           00326  bsf porta,3
Warning[203]: Found opcode in column 1. (BTFSC)
010D   180E           00327 BTFSC resul,0
Warning[203]: Found opcode in column 1. (bsf)
010E   1405           00328 bsf porta,0
Warning[203]: Found opcode in column 1. (BTFSC)
010F   188E           00329 BTFSC resul,1
Warning[203]: Found opcode in column 1. (bsf)
0110   1485           00330 bsf porta,1
Warning[203]: Found opcode in column 1. (BTFSC)
0111   190E           00331 BTFSC resul,2
Warning[203]: Found opcode in column 1. (bsf)
0112   1505           00332 bsf porta,2
Warning[203]: Found opcode in column 1. (CLRF)
0113   018E           00333 CLRF resul
                      00334 ;LLAMAMOS AL TIMER
Warning[203]: Found opcode in column 1. (call)
0114   2???           00335 call temp
Warning[203]: Found opcode in column 1. (call)
0115   2???           00336 call temp
Warning[203]: Found opcode in column 1. (call)
0116   2???           00337 call temp
Warning[203]: Found opcode in column 1. (call)
0117   2???           00338 call temp
Warning[203]: Found opcode in column 1. (call)
0118   2???           00339 call temp
Warning[203]: Found opcode in column 1. (call)
0119   2???           00340 call temp
Warning[203]: Found opcode in column 1. (call)
011A   2???           00341 call temp
Warning[203]: Found opcode in column 1. (call)
011B   2???           00342 call temp
                      00343 ;MULTIPLICACIÓN
Warning[203]: Found opcode in column 1. (CLRW)
011C   0103           00344 CLRW
Warning[203]: Found opcode in column 1. (movf)
011D   080D           00345 movf operador2,0
Warning[203]: Found opcode in column 1. (movwf)
011E   008F           00346 movwf cont
Warning[203]: Found opcode in column 1. (movf)
011F   080C           00347 movf operador1,0
                      00348 ;HACEMOS UN CICLO PARA SUMAR operador1 CON operador2 VECES
0120                  00349 multiplicacion
Warning[203]: Found opcode in column 1. (addwf)
0120   070C           00350 addwf operador1,0
MPASM 5.74                           ALU.ASM   5-5-2023  11:11:56         PAGE 13


LOC  OBJECT CODE     LINE SOURCE TEXT
  VALUE

Warning[203]: Found opcode in column 1. (decf)
0121   038F           00351 decf cont,1
Warning[203]: Found opcode in column 1. (btfsc)
0122   188F           00352 btfsc cont,1
Warning[203]: Found opcode in column 1. (goto)
0123   2???           00353 goto multiplicacion
Warning[203]: Found opcode in column 1. (movwf)
0124   008E           00354 movwf resul
                      00355 ;APAGAMOS TODOS LOS LEDS
Warning[203]: Found opcode in column 1. (bcf)
0125   1005           00356 bcf porta,0
Warning[203]: Found opcode in column 1. (bcf)
0126   1085           00357 bcf porta,1
Warning[203]: Found opcode in column 1. (bcf)
0127   1105           00358 bcf porta,2
Warning[203]: Found opcode in column 1. (bcf)
0128   1185           00359 bcf porta,3
Warning[203]: Found opcode in column 1. (bcf)
0129   1205           00360 bcf porta,4
                      00361 ;REVISAMOS QUE BITS DE resul ESTÁN ENCENDENDIDOS PARA ARROJAR LA SALIDA
Warning[203]: Found opcode in column 1. (BTFSC)
012A   180E           00362 BTFSC resul,0
Warning[203]: Found opcode in column 1. (bsf)
012B   1405           00363 bsf porta,0
Warning[203]: Found opcode in column 1. (BTFSC)
012C   188E           00364 BTFSC resul,1
Warning[203]: Found opcode in column 1. (bsf)
012D   1485           00365 bsf porta,1
012E   190E           00366  BTFSC resul,2
Warning[203]: Found opcode in column 1. (bsf)
012F   1505           00367 bsf porta,2
Warning[203]: Found opcode in column 1. (BTFSC)
0130   198E           00368 BTFSC resul,3
Warning[203]: Found opcode in column 1. (bsf)
0131   1585           00369 bsf porta,3
Warning[203]: Found opcode in column 1. (CLRF)
0132   018E           00370 CLRF resul
                      00371 ;LLAMAMOS AL TIMER
Warning[203]: Found opcode in column 1. (call)
0133   2???           00372 call temp
Warning[203]: Found opcode in column 1. (call)
0134   2???           00373 call temp
Warning[203]: Found opcode in column 1. (call)
0135   2???           00374 call temp
Warning[203]: Found opcode in column 1. (call)
0136   2???           00375 call temp
Warning[203]: Found opcode in column 1. (call)
0137   2???           00376 call temp
Warning[203]: Found opcode in column 1. (call)
0138   2???           00377 call temp
Warning[203]: Found opcode in column 1. (call)
0139   2???           00378 call temp
Warning[203]: Found opcode in column 1. (call)
MPASM 5.74                           ALU.ASM   5-5-2023  11:11:56         PAGE 14


LOC  OBJECT CODE     LINE SOURCE TEXT
  VALUE

013A   2???           00379 call temp
                      00380 ;DIVISIÓN
Warning[203]: Found opcode in column 1. (clrw)
013B   0103           00381 clrw
                      00382 ;ASIGNAMOS operador1 COMO dividendo
Warning[203]: Found opcode in column 1. (movf)
013C   080C           00383 movf operador1,0
Warning[203]: Found opcode in column 1. (movwf)
013D   00A1           00384 movwf dividendo
                      00385 ;ASIGNAMOS operador2 COMO divisor
Warning[203]: Found opcode in column 1. (movf)
013E   080D           00386 movf operador2,0
Warning[203]: Found opcode in column 1. (movwf)
013F   00A2           00387 movwf divisor
Warning[203]: Found opcode in column 1. (CLRF)
0140   018F           00388 CLRF cont
                      00389 ;CICLO DE EVALUACIÓN
0141                  00390 division
Warning[203]: Found opcode in column 1. (MOVF)
0141   0821           00391 MOVF dividendo,0
Warning[203]: Found opcode in column 1. (MOVWF)
0142   00A0           00392 MOVWF residuo
Warning[203]: Found opcode in column 1. (MOVF)
0143   0822           00393 MOVF divisor,0
Warning[203]: Found opcode in column 1. (INCF)
0144   0A8F           00394 INCF cont,1
Warning[203]: Found opcode in column 1. (SUBWF)
0145   02A1           00395 SUBWF dividendo,1
Warning[203]: Found opcode in column 1. (BTFSC)
0146   1803           00396 BTFSC estatus,0
Warning[203]: Found opcode in column 1. (GOTO)
0147   2???           00397 GOTO division
Warning[203]: Found opcode in column 1. (DECF)
0148   038F           00398 DECF cont,1
Warning[203]: Found opcode in column 1. (MOVF)
0149   080F           00399 MOVF cont,0
Warning[203]: Found opcode in column 1. (MOVWF)
014A   008E           00400 MOVWF resul
                      00401 ;APAGAMOS TODOS LOS LEDS
Warning[203]: Found opcode in column 1. (bcf)
014B   1005           00402 bcf porta,0
Warning[203]: Found opcode in column 1. (bcf)
014C   1085           00403 bcf porta,1
Warning[203]: Found opcode in column 1. (bcf)
014D   1105           00404 bcf porta,2
014E   1185           00405  bcf porta,3
Warning[203]: Found opcode in column 1. (bcf)
014F   1205           00406 bcf porta,4
                      00407 ;REVISAMOS QUE BITS DE resul ESTÁN ENCENDENDIDOS PARA ARROJAR LA SALIDA
Warning[203]: Found opcode in column 1. (BTFSC)
0150   180E           00408 BTFSC resul,0
Warning[203]: Found opcode in column 1. (bsf)
0151   1405           00409 bsf porta,0
MPASM 5.74                           ALU.ASM   5-5-2023  11:11:56         PAGE 15


LOC  OBJECT CODE     LINE SOURCE TEXT
  VALUE

Warning[203]: Found opcode in column 1. (BTFSC)
0152   188E           00410 BTFSC resul,1
Warning[203]: Found opcode in column 1. (bsf)
0153   1485           00411 bsf porta,1
Warning[203]: Found opcode in column 1. (BTFSC)
0154   190E           00412 BTFSC resul,2
Warning[203]: Found opcode in column 1. (bsf)
0155   1505           00413 bsf porta,2
Warning[203]: Found opcode in column 1. (BTFSC)
0156   198E           00414 BTFSC resul,3
Warning[203]: Found opcode in column 1. (bsf)
0157   1585           00415 bsf porta,3
Warning[203]: Found opcode in column 1. (CLRF)
0158   018E           00416 CLRF resul
                      00417 ;LLAMAMOS AL TIMER
Warning[203]: Found opcode in column 1. (call)
0159   2???           00418 call temp
Warning[203]: Found opcode in column 1. (call)
015A   2???           00419 call temp
Warning[203]: Found opcode in column 1. (call)
015B   2???           00420 call temp
Warning[203]: Found opcode in column 1. (call)
015C   2???           00421 call temp
Warning[203]: Found opcode in column 1. (call)
015D   2???           00422 call temp
Warning[203]: Found opcode in column 1. (call)
015E   2???           00423 call temp
Warning[203]: Found opcode in column 1. (call)
015F   2???           00424 call temp
Warning[203]: Found opcode in column 1. (call)
0160   2???           00425 call temp
Warning[203]: Found opcode in column 1. (call)
0161   2???           00426 call final
                      00427 ;RUTINA DE TEMPORIZACIÓN
0162   0181           00428 temp clrf timer
0163   1F81           00429 bucle btfss timer,7
Warning[203]: Found opcode in column 1. (goto)
0164   2???           00430 goto bucle
Warning[203]: Found opcode in column 1. (return)
0165   0008           00431 return
0166                  00432 final
Warning[205]: Found directive in column 1. (END)
                      00433 END
MPASM 5.74                           ALU.ASM   5-5-2023  11:11:56         PAGE 16


SYMBOL TABLE
  LABEL                             VALUE 

__16F84A                          00000001
bucle                             00000163
cont                              0000000F
dividendo                         00000021
division                          00000141
divisor                           00000022
estatus                           00000003
final                             00000166
multiplicacion                    00000120
operador1                         0000000C
operador2                         0000000D
porta                             00000005
portb                             00000006
residuo                           00000020
resul                             0000000E
temp                              00000162
timer                             00000001

Errors   :     0
Warnings :   352 reported,     0 suppressed
Messages :     0 reported,     0 suppressed

