Warning[205] C:\SP_PROGRAMAS_UNIDAD4\ALU\ALU.X\ALU.ASM 1 : Found directive in column 1. (ORG)
Warning[205] C:\SP_PROGRAMAS_UNIDAD4\ALU\ALU.X\ALU.ASM 7 : Found directive in column 1. (list)
Warning[207] C:\SP_PROGRAMAS_UNIDAD4\ALU\ALU.X\ALU.ASM 8 : Found label after column 1. (portb)
Warning[203] C:\SP_PROGRAMAS_UNIDAD4\ALU\ALU.X\ALU.ASM 16 : Found opcode in column 1. (bsf)
Warning[203] C:\SP_PROGRAMAS_UNIDAD4\ALU\ALU.X\ALU.ASM 17 : Found opcode in column 1. (movlw)
Warning[203] C:\SP_PROGRAMAS_UNIDAD4\ALU\ALU.X\ALU.ASM 18 : Found opcode in column 1. (movwf)
Warning[203] C:\SP_PROGRAMAS_UNIDAD4\ALU\ALU.X\ALU.ASM 19 : Found opcode in column 1. (movlw)
Warning[203] C:\SP_PROGRAMAS_UNIDAD4\ALU\ALU.X\ALU.ASM 20 : Found opcode in column 1. (movwf)
Warning[203] C:\SP_PROGRAMAS_UNIDAD4\ALU\ALU.X\ALU.ASM 21 : Found opcode in column 1. (movlw)
Warning[203] C:\SP_PROGRAMAS_UNIDAD4\ALU\ALU.X\ALU.ASM 22 : Found opcode in column 1. (movwf)
Warning[203] C:\SP_PROGRAMAS_UNIDAD4\ALU\ALU.X\ALU.ASM 23 : Found opcode in column 1. (bcf)
Warning[203] C:\SP_PROGRAMAS_UNIDAD4\ALU\ALU.X\ALU.ASM 24 : Found opcode in column 1. (clrf)
Warning[203] C:\SP_PROGRAMAS_UNIDAD4\ALU\ALU.X\ALU.ASM 27 : Found opcode in column 1. (BTFSS)
Warning[203] C:\SP_PROGRAMAS_UNIDAD4\ALU\ALU.X\ALU.ASM 28 : Found opcode in column 1. (bsf)
Warning[203] C:\SP_PROGRAMAS_UNIDAD4\ALU\ALU.X\ALU.ASM 29 : Found opcode in column 1. (BTFSS)
Warning[203] C:\SP_PROGRAMAS_UNIDAD4\ALU\ALU.X\ALU.ASM 30 : Found opcode in column 1. (bsf)
Warning[203] C:\SP_PROGRAMAS_UNIDAD4\ALU\ALU.X\ALU.ASM 31 : Found opcode in column 1. (BTFSS)
Warning[203] C:\SP_PROGRAMAS_UNIDAD4\ALU\ALU.X\ALU.ASM 32 : Found opcode in column 1. (bsf)
Warning[203] C:\SP_PROGRAMAS_UNIDAD4\ALU\ALU.X\ALU.ASM 33 : Found opcode in column 1. (BTFSS)
Warning[203] C:\SP_PROGRAMAS_UNIDAD4\ALU\ALU.X\ALU.ASM 34 : Found opcode in column 1. (bsf)
Warning[203] C:\SP_PROGRAMAS_UNIDAD4\ALU\ALU.X\ALU.ASM 36 : Found opcode in column 1. (BTFSS)
Warning[203] C:\SP_PROGRAMAS_UNIDAD4\ALU\ALU.X\ALU.ASM 37 : Found opcode in column 1. (bsf)
Warning[203] C:\SP_PROGRAMAS_UNIDAD4\ALU\ALU.X\ALU.ASM 38 : Found opcode in column 1. (BTFSS)
Warning[203] C:\SP_PROGRAMAS_UNIDAD4\ALU\ALU.X\ALU.ASM 39 : Found opcode in column 1. (bsf)
Warning[203] C:\SP_PROGRAMAS_UNIDAD4\ALU\ALU.X\ALU.ASM 40 : Found opcode in column 1. (BTFSS)
Warning[203] C:\SP_PROGRAMAS_UNIDAD4\ALU\ALU.X\ALU.ASM 41 : Found opcode in column 1. (bsf)
Warning[203] C:\SP_PROGRAMAS_UNIDAD4\ALU\ALU.X\ALU.ASM 42 : Found opcode in column 1. (BTFSS)
Warning[203] C:\SP_PROGRAMAS_UNIDAD4\ALU\ALU.X\ALU.ASM 43 : Found opcode in column 1. (bsf)
Warning[203] C:\SP_PROGRAMAS_UNIDAD4\ALU\ALU.X\ALU.ASM 45 : Found opcode in column 1. (MOVF)
Warning[203] C:\SP_PROGRAMAS_UNIDAD4\ALU\ALU.X\ALU.ASM 46 : Found opcode in column 1. (ADDWF)
Warning[203] C:\SP_PROGRAMAS_UNIDAD4\ALU\ALU.X\ALU.ASM 48 : Found opcode in column 1. (CLRW)
Warning[203] C:\SP_PROGRAMAS_UNIDAD4\ALU\ALU.X\ALU.ASM 50 : Found opcode in column 1. (bcf)
Warning[203] C:\SP_PROGRAMAS_UNIDAD4\ALU\ALU.X\ALU.ASM 51 : Found opcode in column 1. (bcf)
Warning[203] C:\SP_PROGRAMAS_UNIDAD4\ALU\ALU.X\ALU.ASM 52 : Found opcode in column 1. (bcf)
Warning[203] C:\SP_PROGRAMAS_UNIDAD4\ALU\ALU.X\ALU.ASM 53 : Found opcode in column 1. (bcf)
Warning[203] C:\SP_PROGRAMAS_UNIDAD4\ALU\ALU.X\ALU.ASM 54 : Found opcode in column 1. (bcf)
Warning[203] C:\SP_PROGRAMAS_UNIDAD4\ALU\ALU.X\ALU.ASM 56 : Found opcode in column 1. (BTFSC)
Warning[203] C:\SP_PROGRAMAS_UNIDAD4\ALU\ALU.X\ALU.ASM 57 : Found opcode in column 1. (bsf)
Warning[203] C:\SP_PROGRAMAS_UNIDAD4\ALU\ALU.X\ALU.ASM 58 : Found opcode in column 1. (BTFSC)
Warning[203] C:\SP_PROGRAMAS_UNIDAD4\ALU\ALU.X\ALU.ASM 59 : Found opcode in column 1. (bsf)
Warning[203] C:\SP_PROGRAMAS_UNIDAD4\ALU\ALU.X\ALU.ASM 60 : Found opcode in column 1. (BTFSC)
Warning[203] C:\SP_PROGRAMAS_UNIDAD4\ALU\ALU.X\ALU.ASM 61 : Found opcode in column 1. (bsf)
Warning[203] C:\SP_PROGRAMAS_UNIDAD4\ALU\ALU.X\ALU.ASM 62 : Found opcode in column 1. (BTFSC)
Warning[203] C:\SP_PROGRAMAS_UNIDAD4\ALU\ALU.X\ALU.ASM 63 : Found opcode in column 1. (bsf)
Warning[203] C:\SP_PROGRAMAS_UNIDAD4\ALU\ALU.X\ALU.ASM 64 : Found opcode in column 1. (CLRF)
Warning[203] C:\SP_PROGRAMAS_UNIDAD4\ALU\ALU.X\ALU.ASM 66 : Found opcode in column 1. (call)
Warning[203] C:\SP_PROGRAMAS_UNIDAD4\ALU\ALU.X\ALU.ASM 67 : Found opcode in column 1. (call)
Warning[203] C:\SP_PROGRAMAS_UNIDAD4\ALU\ALU.X\ALU.ASM 68 : Found opcode in column 1. (call)
Warning[203] C:\SP_PROGRAMAS_UNIDAD4\ALU\ALU.X\ALU.ASM 69 : Found opcode in column 1. (call)
Warning[203] C:\SP_PROGRAMAS_UNIDAD4\ALU\ALU.X\ALU.ASM 70 : Found opcode in column 1. (call)
Warning[203] C:\SP_PROGRAMAS_UNIDAD4\ALU\ALU.X\ALU.ASM 71 : Found opcode in column 1. (call)
Warning[203] C:\SP_PROGRAMAS_UNIDAD4\ALU\ALU.X\ALU.ASM 72 : Found opcode in column 1. (call)
Warning[203] C:\SP_PROGRAMAS_UNIDAD4\ALU\ALU.X\ALU.ASM 73 : Found opcode in column 1. (call)
Warning[203] C:\SP_PROGRAMAS_UNIDAD4\ALU\ALU.X\ALU.ASM 75 : Found opcode in column 1. (MOVF)
Warning[203] C:\SP_PROGRAMAS_UNIDAD4\ALU\ALU.X\ALU.ASM 76 : Found opcode in column 1. (SUBWF)
Warning[203] C:\SP_PROGRAMAS_UNIDAD4\ALU\ALU.X\ALU.ASM 77 : Found opcode in column 1. (MOVWF)
Warning[203] C:\SP_PROGRAMAS_UNIDAD4\ALU\ALU.X\ALU.ASM 78 : Found opcode in column 1. (CLRW)
Warning[203] C:\SP_PROGRAMAS_UNIDAD4\ALU\ALU.X\ALU.ASM 80 : Found opcode in column 1. (bcf)
Warning[203] C:\SP_PROGRAMAS_UNIDAD4\ALU\ALU.X\ALU.ASM 81 : Found opcode in column 1. (bcf)
Warning[203] C:\SP_PROGRAMAS_UNIDAD4\ALU\ALU.X\ALU.ASM 82 : Found opcode in column 1. (bcf)
Warning[203] C:\SP_PROGRAMAS_UNIDAD4\ALU\ALU.X\ALU.ASM 83 : Found opcode in column 1. (bcf)
Warning[203] C:\SP_PROGRAMAS_UNIDAD4\ALU\ALU.X\ALU.ASM 84 : Found opcode in column 1. (bcf)
Warning[203] C:\SP_PROGRAMAS_UNIDAD4\ALU\ALU.X\ALU.ASM 86 : Found opcode in column 1. (BTFSC)
Warning[203] C:\SP_PROGRAMAS_UNIDAD4\ALU\ALU.X\ALU.ASM 88 : Found opcode in column 1. (BTFSC)
Warning[203] C:\SP_PROGRAMAS_UNIDAD4\ALU\ALU.X\ALU.ASM 89 : Found opcode in column 1. (bsf)
Warning[203] C:\SP_PROGRAMAS_UNIDAD4\ALU\ALU.X\ALU.ASM 90 : Found opcode in column 1. (BTFSC)
Warning[203] C:\SP_PROGRAMAS_UNIDAD4\ALU\ALU.X\ALU.ASM 91 : Found opcode in column 1. (bsf)
Warning[203] C:\SP_PROGRAMAS_UNIDAD4\ALU\ALU.X\ALU.ASM 92 : Found opcode in column 1. (BTFSC)
Warning[203] C:\SP_PROGRAMAS_UNIDAD4\ALU\ALU.X\ALU.ASM 93 : Found opcode in column 1. (bsf)
Warning[203] C:\SP_PROGRAMAS_UNIDAD4\ALU\ALU.X\ALU.ASM 94 : Found opcode in column 1. (CLRF)
Warning[203] C:\SP_PROGRAMAS_UNIDAD4\ALU\ALU.X\ALU.ASM 96 : Found opcode in column 1. (call)
Warning[203] C:\SP_PROGRAMAS_UNIDAD4\ALU\ALU.X\ALU.ASM 97 : Found opcode in column 1. (call)
Warning[203] C:\SP_PROGRAMAS_UNIDAD4\ALU\ALU.X\ALU.ASM 98 : Found opcode in column 1. (call)
Warning[203] C:\SP_PROGRAMAS_UNIDAD4\ALU\ALU.X\ALU.ASM 99 : Found opcode in column 1. (call)
Warning[203] C:\SP_PROGRAMAS_UNIDAD4\ALU\ALU.X\ALU.ASM 100 : Found opcode in column 1. (call)
Warning[203] C:\SP_PROGRAMAS_UNIDAD4\ALU\ALU.X\ALU.ASM 101 : Found opcode in column 1. (call)
Warning[203] C:\SP_PROGRAMAS_UNIDAD4\ALU\ALU.X\ALU.ASM 102 : Found opcode in column 1. (call)
Warning[203] C:\SP_PROGRAMAS_UNIDAD4\ALU\ALU.X\ALU.ASM 103 : Found opcode in column 1. (call)
Warning[203] C:\SP_PROGRAMAS_UNIDAD4\ALU\ALU.X\ALU.ASM 105 : Found opcode in column 1. (INCF)
Warning[203] C:\SP_PROGRAMAS_UNIDAD4\ALU\ALU.X\ALU.ASM 106 : Found opcode in column 1. (MOVWF)
Warning[203] C:\SP_PROGRAMAS_UNIDAD4\ALU\ALU.X\ALU.ASM 107 : Found opcode in column 1. (CLRW)
Warning[203] C:\SP_PROGRAMAS_UNIDAD4\ALU\ALU.X\ALU.ASM 109 : Found opcode in column 1. (bcf)
Warning[203] C:\SP_PROGRAMAS_UNIDAD4\ALU\ALU.X\ALU.ASM 110 : Found opcode in column 1. (bcf)
Warning[203] C:\SP_PROGRAMAS_UNIDAD4\ALU\ALU.X\ALU.ASM 111 : Found opcode in column 1. (bcf)
Warning[203] C:\SP_PROGRAMAS_UNIDAD4\ALU\ALU.X\ALU.ASM 112 : Found opcode in column 1. (bcf)
Warning[203] C:\SP_PROGRAMAS_UNIDAD4\ALU\ALU.X\ALU.ASM 113 : Found opcode in column 1. (bcf)
Warning[203] C:\SP_PROGRAMAS_UNIDAD4\ALU\ALU.X\ALU.ASM 115 : Found opcode in column 1. (BTFSC)
Warning[203] C:\SP_PROGRAMAS_UNIDAD4\ALU\ALU.X\ALU.ASM 116 : Found opcode in column 1. (bsf)
Warning[203] C:\SP_PROGRAMAS_UNIDAD4\ALU\ALU.X\ALU.ASM 117 : Found opcode in column 1. (BTFSC)
Warning[203] C:\SP_PROGRAMAS_UNIDAD4\ALU\ALU.X\ALU.ASM 118 : Found opcode in column 1. (bsf)
Warning[203] C:\SP_PROGRAMAS_UNIDAD4\ALU\ALU.X\ALU.ASM 119 : Found opcode in column 1. (BTFSC)
Warning[203] C:\SP_PROGRAMAS_UNIDAD4\ALU\ALU.X\ALU.ASM 120 : Found opcode in column 1. (bsf)
Warning[203] C:\SP_PROGRAMAS_UNIDAD4\ALU\ALU.X\ALU.ASM 121 : Found opcode in column 1. (BTFSC)
Warning[203] C:\SP_PROGRAMAS_UNIDAD4\ALU\ALU.X\ALU.ASM 122 : Found opcode in column 1. (bsf)
Warning[203] C:\SP_PROGRAMAS_UNIDAD4\ALU\ALU.X\ALU.ASM 123 : Found opcode in column 1. (CLRF)
Warning[203] C:\SP_PROGRAMAS_UNIDAD4\ALU\ALU.X\ALU.ASM 125 : Found opcode in column 1. (call)
Warning[203] C:\SP_PROGRAMAS_UNIDAD4\ALU\ALU.X\ALU.ASM 126 : Found opcode in column 1. (call)
Warning[203] C:\SP_PROGRAMAS_UNIDAD4\ALU\ALU.X\ALU.ASM 128 : Found opcode in column 1. (call)
Warning[203] C:\SP_PROGRAMAS_UNIDAD4\ALU\ALU.X\ALU.ASM 129 : Found opcode in column 1. (call)
Warning[203] C:\SP_PROGRAMAS_UNIDAD4\ALU\ALU.X\ALU.ASM 130 : Found opcode in column 1. (call)
Warning[203] C:\SP_PROGRAMAS_UNIDAD4\ALU\ALU.X\ALU.ASM 131 : Found opcode in column 1. (call)
Warning[203] C:\SP_PROGRAMAS_UNIDAD4\ALU\ALU.X\ALU.ASM 132 : Found opcode in column 1. (call)
Warning[203] C:\SP_PROGRAMAS_UNIDAD4\ALU\ALU.X\ALU.ASM 134 : Found opcode in column 1. (DECF)
Warning[203] C:\SP_PROGRAMAS_UNIDAD4\ALU\ALU.X\ALU.ASM 135 : Found opcode in column 1. (MOVWF)
Warning[203] C:\SP_PROGRAMAS_UNIDAD4\ALU\ALU.X\ALU.ASM 136 : Found opcode in column 1. (CLRW)
Warning[203] C:\SP_PROGRAMAS_UNIDAD4\ALU\ALU.X\ALU.ASM 138 : Found opcode in column 1. (bcf)
Warning[203] C:\SP_PROGRAMAS_UNIDAD4\ALU\ALU.X\ALU.ASM 139 : Found opcode in column 1. (bcf)
Warning[203] C:\SP_PROGRAMAS_UNIDAD4\ALU\ALU.X\ALU.ASM 140 : Found opcode in column 1. (bcf)
Warning[203] C:\SP_PROGRAMAS_UNIDAD4\ALU\ALU.X\ALU.ASM 141 : Found opcode in column 1. (bcf)
Warning[203] C:\SP_PROGRAMAS_UNIDAD4\ALU\ALU.X\ALU.ASM 142 : Found opcode in column 1. (bcf)
Warning[203] C:\SP_PROGRAMAS_UNIDAD4\ALU\ALU.X\ALU.ASM 144 : Found opcode in column 1. (BTFSC)
Warning[203] C:\SP_PROGRAMAS_UNIDAD4\ALU\ALU.X\ALU.ASM 145 : Found opcode in column 1. (bsf)
Warning[203] C:\SP_PROGRAMAS_UNIDAD4\ALU\ALU.X\ALU.ASM 146 : Found opcode in column 1. (BTFSC)
Warning[203] C:\SP_PROGRAMAS_UNIDAD4\ALU\ALU.X\ALU.ASM 147 : Found opcode in column 1. (bsf)
Warning[203] C:\SP_PROGRAMAS_UNIDAD4\ALU\ALU.X\ALU.ASM 148 : Found opcode in column 1. (BTFSC)
Warning[203] C:\SP_PROGRAMAS_UNIDAD4\ALU\ALU.X\ALU.ASM 149 : Found opcode in column 1. (bsf)
Warning[203] C:\SP_PROGRAMAS_UNIDAD4\ALU\ALU.X\ALU.ASM 150 : Found opcode in column 1. (BTFSC)
Warning[203] C:\SP_PROGRAMAS_UNIDAD4\ALU\ALU.X\ALU.ASM 151 : Found opcode in column 1. (bsf)
Warning[203] C:\SP_PROGRAMAS_UNIDAD4\ALU\ALU.X\ALU.ASM 152 : Found opcode in column 1. (CLRF)
Warning[203] C:\SP_PROGRAMAS_UNIDAD4\ALU\ALU.X\ALU.ASM 154 : Found opcode in column 1. (call)
Warning[203] C:\SP_PROGRAMAS_UNIDAD4\ALU\ALU.X\ALU.ASM 155 : Found opcode in column 1. (call)
Warning[203] C:\SP_PROGRAMAS_UNIDAD4\ALU\ALU.X\ALU.ASM 156 : Found opcode in column 1. (call)
Warning[203] C:\SP_PROGRAMAS_UNIDAD4\ALU\ALU.X\ALU.ASM 157 : Found opcode in column 1. (call)
Warning[203] C:\SP_PROGRAMAS_UNIDAD4\ALU\ALU.X\ALU.ASM 158 : Found opcode in column 1. (call)
Warning[203] C:\SP_PROGRAMAS_UNIDAD4\ALU\ALU.X\ALU.ASM 159 : Found opcode in column 1. (call)
Warning[203] C:\SP_PROGRAMAS_UNIDAD4\ALU\ALU.X\ALU.ASM 160 : Found opcode in column 1. (call)
Warning[203] C:\SP_PROGRAMAS_UNIDAD4\ALU\ALU.X\ALU.ASM 161 : Found opcode in column 1. (call)
Warning[203] C:\SP_PROGRAMAS_UNIDAD4\ALU\ALU.X\ALU.ASM 163 : Found opcode in column 1. (MOVF)
Warning[203] C:\SP_PROGRAMAS_UNIDAD4\ALU\ALU.X\ALU.ASM 164 : Found opcode in column 1. (ANDWF)
Warning[203] C:\SP_PROGRAMAS_UNIDAD4\ALU\ALU.X\ALU.ASM 165 : Found opcode in column 1. (MOVWF)
Warning[203] C:\SP_PROGRAMAS_UNIDAD4\ALU\ALU.X\ALU.ASM 166 : Found opcode in column 1. (CLRW)
Warning[203] C:\SP_PROGRAMAS_UNIDAD4\ALU\ALU.X\ALU.ASM 168 : Found opcode in column 1. (bcf)
Warning[203] C:\SP_PROGRAMAS_UNIDAD4\ALU\ALU.X\ALU.ASM 169 : Found opcode in column 1. (bcf)
Warning[203] C:\SP_PROGRAMAS_UNIDAD4\ALU\ALU.X\ALU.ASM 170 : Found opcode in column 1. (bcf)
Warning[203] C:\SP_PROGRAMAS_UNIDAD4\ALU\ALU.X\ALU.ASM 171 : Found opcode in column 1. (bcf)
Warning[203] C:\SP_PROGRAMAS_UNIDAD4\ALU\ALU.X\ALU.ASM 172 : Found opcode in column 1. (bcf)
Warning[203] C:\SP_PROGRAMAS_UNIDAD4\ALU\ALU.X\ALU.ASM 174 : Found opcode in column 1. (BTFSC)
Warning[203] C:\SP_PROGRAMAS_UNIDAD4\ALU\ALU.X\ALU.ASM 175 : Found opcode in column 1. (bsf)
Warning[203] C:\SP_PROGRAMAS_UNIDAD4\ALU\ALU.X\ALU.ASM 176 : Found opcode in column 1. (BTFSC)
Warning[203] C:\SP_PROGRAMAS_UNIDAD4\ALU\ALU.X\ALU.ASM 177 : Found opcode in column 1. (bsf)
Warning[203] C:\SP_PROGRAMAS_UNIDAD4\ALU\ALU.X\ALU.ASM 178 : Found opcode in column 1. (BTFSC)
Warning[203] C:\SP_PROGRAMAS_UNIDAD4\ALU\ALU.X\ALU.ASM 179 : Found opcode in column 1. (bsf)
Warning[203] C:\SP_PROGRAMAS_UNIDAD4\ALU\ALU.X\ALU.ASM 180 : Found opcode in column 1. (BTFSC)
Warning[203] C:\SP_PROGRAMAS_UNIDAD4\ALU\ALU.X\ALU.ASM 181 : Found opcode in column 1. (bsf)
Warning[203] C:\SP_PROGRAMAS_UNIDAD4\ALU\ALU.X\ALU.ASM 182 : Found opcode in column 1. (CLRF)
Warning[203] C:\SP_PROGRAMAS_UNIDAD4\ALU\ALU.X\ALU.ASM 184 : Found opcode in column 1. (call)
Warning[203] C:\SP_PROGRAMAS_UNIDAD4\ALU\ALU.X\ALU.ASM 185 : Found opcode in column 1. (call)
Warning[203] C:\SP_PROGRAMAS_UNIDAD4\ALU\ALU.X\ALU.ASM 186 : Found opcode in column 1. (call)
Warning[203] C:\SP_PROGRAMAS_UNIDAD4\ALU\ALU.X\ALU.ASM 187 : Found opcode in column 1. (call)
Warning[203] C:\SP_PROGRAMAS_UNIDAD4\ALU\ALU.X\ALU.ASM 188 : Found opcode in column 1. (call)
Warning[203] C:\SP_PROGRAMAS_UNIDAD4\ALU\ALU.X\ALU.ASM 189 : Found opcode in column 1. (call)
Warning[203] C:\SP_PROGRAMAS_UNIDAD4\ALU\ALU.X\ALU.ASM 190 : Found opcode in column 1. (call)
Warning[203] C:\SP_PROGRAMAS_UNIDAD4\ALU\ALU.X\ALU.ASM 191 : Found opcode in column 1. (call)
Warning[203] C:\SP_PROGRAMAS_UNIDAD4\ALU\ALU.X\ALU.ASM 193 : Found opcode in column 1. (MOVF)
Warning[203] C:\SP_PROGRAMAS_UNIDAD4\ALU\ALU.X\ALU.ASM 194 : Found opcode in column 1. (IORWF)
Warning[203] C:\SP_PROGRAMAS_UNIDAD4\ALU\ALU.X\ALU.ASM 195 : Found opcode in column 1. (MOVWF)
Warning[203] C:\SP_PROGRAMAS_UNIDAD4\ALU\ALU.X\ALU.ASM 196 : Found opcode in column 1. (CLRW)
Warning[203] C:\SP_PROGRAMAS_UNIDAD4\ALU\ALU.X\ALU.ASM 198 : Found opcode in column 1. (bcf)
Warning[203] C:\SP_PROGRAMAS_UNIDAD4\ALU\ALU.X\ALU.ASM 199 : Found opcode in column 1. (bcf)
Warning[203] C:\SP_PROGRAMAS_UNIDAD4\ALU\ALU.X\ALU.ASM 200 : Found opcode in column 1. (bcf)
Warning[203] C:\SP_PROGRAMAS_UNIDAD4\ALU\ALU.X\ALU.ASM 201 : Found opcode in column 1. (bcf)
Warning[203] C:\SP_PROGRAMAS_UNIDAD4\ALU\ALU.X\ALU.ASM 202 : Found opcode in column 1. (bcf)
Warning[203] C:\SP_PROGRAMAS_UNIDAD4\ALU\ALU.X\ALU.ASM 204 : Found opcode in column 1. (BTFSC)
Warning[203] C:\SP_PROGRAMAS_UNIDAD4\ALU\ALU.X\ALU.ASM 205 : Found opcode in column 1. (bsf)
Warning[203] C:\SP_PROGRAMAS_UNIDAD4\ALU\ALU.X\ALU.ASM 206 : Found opcode in column 1. (BTFSC)
Warning[203] C:\SP_PROGRAMAS_UNIDAD4\ALU\ALU.X\ALU.ASM 208 : Found opcode in column 1. (BTFSC)
Warning[203] C:\SP_PROGRAMAS_UNIDAD4\ALU\ALU.X\ALU.ASM 209 : Found opcode in column 1. (bsf)
Warning[203] C:\SP_PROGRAMAS_UNIDAD4\ALU\ALU.X\ALU.ASM 210 : Found opcode in column 1. (BTFSC)
Warning[203] C:\SP_PROGRAMAS_UNIDAD4\ALU\ALU.X\ALU.ASM 211 : Found opcode in column 1. (bsf)
Warning[203] C:\SP_PROGRAMAS_UNIDAD4\ALU\ALU.X\ALU.ASM 212 : Found opcode in column 1. (CLRF)
Warning[203] C:\SP_PROGRAMAS_UNIDAD4\ALU\ALU.X\ALU.ASM 214 : Found opcode in column 1. (call)
Warning[203] C:\SP_PROGRAMAS_UNIDAD4\ALU\ALU.X\ALU.ASM 215 : Found opcode in column 1. (call)
Warning[203] C:\SP_PROGRAMAS_UNIDAD4\ALU\ALU.X\ALU.ASM 216 : Found opcode in column 1. (call)
Warning[203] C:\SP_PROGRAMAS_UNIDAD4\ALU\ALU.X\ALU.ASM 217 : Found opcode in column 1. (call)
Warning[203] C:\SP_PROGRAMAS_UNIDAD4\ALU\ALU.X\ALU.ASM 218 : Found opcode in column 1. (call)
Warning[203] C:\SP_PROGRAMAS_UNIDAD4\ALU\ALU.X\ALU.ASM 219 : Found opcode in column 1. (call)
Warning[203] C:\SP_PROGRAMAS_UNIDAD4\ALU\ALU.X\ALU.ASM 220 : Found opcode in column 1. (call)
Warning[203] C:\SP_PROGRAMAS_UNIDAD4\ALU\ALU.X\ALU.ASM 221 : Found opcode in column 1. (call)
Warning[203] C:\SP_PROGRAMAS_UNIDAD4\ALU\ALU.X\ALU.ASM 223 : Found opcode in column 1. (MOVF)
Warning[203] C:\SP_PROGRAMAS_UNIDAD4\ALU\ALU.X\ALU.ASM 224 : Found opcode in column 1. (XORWF)
Warning[203] C:\SP_PROGRAMAS_UNIDAD4\ALU\ALU.X\ALU.ASM 225 : Found opcode in column 1. (MOVWF)
Warning[203] C:\SP_PROGRAMAS_UNIDAD4\ALU\ALU.X\ALU.ASM 226 : Found opcode in column 1. (CLRW)
Warning[203] C:\SP_PROGRAMAS_UNIDAD4\ALU\ALU.X\ALU.ASM 228 : Found opcode in column 1. (bcf)
Warning[203] C:\SP_PROGRAMAS_UNIDAD4\ALU\ALU.X\ALU.ASM 229 : Found opcode in column 1. (bcf)
Warning[203] C:\SP_PROGRAMAS_UNIDAD4\ALU\ALU.X\ALU.ASM 230 : Found opcode in column 1. (bcf)
Warning[203] C:\SP_PROGRAMAS_UNIDAD4\ALU\ALU.X\ALU.ASM 231 : Found opcode in column 1. (bcf)
Warning[203] C:\SP_PROGRAMAS_UNIDAD4\ALU\ALU.X\ALU.ASM 232 : Found opcode in column 1. (bcf)
Warning[203] C:\SP_PROGRAMAS_UNIDAD4\ALU\ALU.X\ALU.ASM 234 : Found opcode in column 1. (BTFSC)
Warning[203] C:\SP_PROGRAMAS_UNIDAD4\ALU\ALU.X\ALU.ASM 235 : Found opcode in column 1. (bsf)
Warning[203] C:\SP_PROGRAMAS_UNIDAD4\ALU\ALU.X\ALU.ASM 236 : Found opcode in column 1. (BTFSC)
Warning[203] C:\SP_PROGRAMAS_UNIDAD4\ALU\ALU.X\ALU.ASM 237 : Found opcode in column 1. (bsf)
Warning[203] C:\SP_PROGRAMAS_UNIDAD4\ALU\ALU.X\ALU.ASM 238 : Found opcode in column 1. (BTFSC)
Warning[203] C:\SP_PROGRAMAS_UNIDAD4\ALU\ALU.X\ALU.ASM 239 : Found opcode in column 1. (bsf)
Warning[203] C:\SP_PROGRAMAS_UNIDAD4\ALU\ALU.X\ALU.ASM 240 : Found opcode in column 1. (BTFSC)
Warning[203] C:\SP_PROGRAMAS_UNIDAD4\ALU\ALU.X\ALU.ASM 241 : Found opcode in column 1. (bsf)
Warning[203] C:\SP_PROGRAMAS_UNIDAD4\ALU\ALU.X\ALU.ASM 242 : Found opcode in column 1. (CLRF)
Warning[203] C:\SP_PROGRAMAS_UNIDAD4\ALU\ALU.X\ALU.ASM 244 : Found opcode in column 1. (call)
Warning[203] C:\SP_PROGRAMAS_UNIDAD4\ALU\ALU.X\ALU.ASM 245 : Found opcode in column 1. (call)
Warning[203] C:\SP_PROGRAMAS_UNIDAD4\ALU\ALU.X\ALU.ASM 246 : Found opcode in column 1. (call)
Warning[203] C:\SP_PROGRAMAS_UNIDAD4\ALU\ALU.X\ALU.ASM 248 : Found opcode in column 1. (call)
Warning[203] C:\SP_PROGRAMAS_UNIDAD4\ALU\ALU.X\ALU.ASM 249 : Found opcode in column 1. (call)
Warning[203] C:\SP_PROGRAMAS_UNIDAD4\ALU\ALU.X\ALU.ASM 250 : Found opcode in column 1. (call)
Warning[203] C:\SP_PROGRAMAS_UNIDAD4\ALU\ALU.X\ALU.ASM 251 : Found opcode in column 1. (call)
Warning[203] C:\SP_PROGRAMAS_UNIDAD4\ALU\ALU.X\ALU.ASM 253 : Found opcode in column 1. (COMF)
Warning[203] C:\SP_PROGRAMAS_UNIDAD4\ALU\ALU.X\ALU.ASM 254 : Found opcode in column 1. (MOVWF)
Warning[203] C:\SP_PROGRAMAS_UNIDAD4\ALU\ALU.X\ALU.ASM 255 : Found opcode in column 1. (CLRW)
Warning[203] C:\SP_PROGRAMAS_UNIDAD4\ALU\ALU.X\ALU.ASM 257 : Found opcode in column 1. (bcf)
Warning[203] C:\SP_PROGRAMAS_UNIDAD4\ALU\ALU.X\ALU.ASM 258 : Found opcode in column 1. (bcf)
Warning[203] C:\SP_PROGRAMAS_UNIDAD4\ALU\ALU.X\ALU.ASM 259 : Found opcode in column 1. (bcf)
Warning[203] C:\SP_PROGRAMAS_UNIDAD4\ALU\ALU.X\ALU.ASM 260 : Found opcode in column 1. (bcf)
Warning[203] C:\SP_PROGRAMAS_UNIDAD4\ALU\ALU.X\ALU.ASM 261 : Found opcode in column 1. (bcf)
Warning[203] C:\SP_PROGRAMAS_UNIDAD4\ALU\ALU.X\ALU.ASM 263 : Found opcode in column 1. (BTFSC)
Warning[203] C:\SP_PROGRAMAS_UNIDAD4\ALU\ALU.X\ALU.ASM 264 : Found opcode in column 1. (bsf)
Warning[203] C:\SP_PROGRAMAS_UNIDAD4\ALU\ALU.X\ALU.ASM 265 : Found opcode in column 1. (BTFSC)
Warning[203] C:\SP_PROGRAMAS_UNIDAD4\ALU\ALU.X\ALU.ASM 266 : Found opcode in column 1. (bsf)
Warning[203] C:\SP_PROGRAMAS_UNIDAD4\ALU\ALU.X\ALU.ASM 267 : Found opcode in column 1. (BTFSC)
Warning[203] C:\SP_PROGRAMAS_UNIDAD4\ALU\ALU.X\ALU.ASM 268 : Found opcode in column 1. (bsf)
Warning[203] C:\SP_PROGRAMAS_UNIDAD4\ALU\ALU.X\ALU.ASM 269 : Found opcode in column 1. (BTFSC)
Warning[203] C:\SP_PROGRAMAS_UNIDAD4\ALU\ALU.X\ALU.ASM 270 : Found opcode in column 1. (bsf)
Warning[203] C:\SP_PROGRAMAS_UNIDAD4\ALU\ALU.X\ALU.ASM 271 : Found opcode in column 1. (CLRF)
Warning[203] C:\SP_PROGRAMAS_UNIDAD4\ALU\ALU.X\ALU.ASM 273 : Found opcode in column 1. (call)
Warning[203] C:\SP_PROGRAMAS_UNIDAD4\ALU\ALU.X\ALU.ASM 274 : Found opcode in column 1. (call)
Warning[203] C:\SP_PROGRAMAS_UNIDAD4\ALU\ALU.X\ALU.ASM 275 : Found opcode in column 1. (call)
Warning[203] C:\SP_PROGRAMAS_UNIDAD4\ALU\ALU.X\ALU.ASM 276 : Found opcode in column 1. (call)
Warning[203] C:\SP_PROGRAMAS_UNIDAD4\ALU\ALU.X\ALU.ASM 277 : Found opcode in column 1. (call)
Warning[203] C:\SP_PROGRAMAS_UNIDAD4\ALU\ALU.X\ALU.ASM 278 : Found opcode in column 1. (call)
Warning[203] C:\SP_PROGRAMAS_UNIDAD4\ALU\ALU.X\ALU.ASM 279 : Found opcode in column 1. (call)
Warning[203] C:\SP_PROGRAMAS_UNIDAD4\ALU\ALU.X\ALU.ASM 280 : Found opcode in column 1. (call)
Warning[203] C:\SP_PROGRAMAS_UNIDAD4\ALU\ALU.X\ALU.ASM 281 : Found opcode in column 1. (CLRF)
Warning[203] C:\SP_PROGRAMAS_UNIDAD4\ALU\ALU.X\ALU.ASM 283 : Found opcode in column 1. (CLRW)
Warning[203] C:\SP_PROGRAMAS_UNIDAD4\ALU\ALU.X\ALU.ASM 284 : Found opcode in column 1. (RLF)
Warning[203] C:\SP_PROGRAMAS_UNIDAD4\ALU\ALU.X\ALU.ASM 285 : Found opcode in column 1. (MOVWF)
Warning[203] C:\SP_PROGRAMAS_UNIDAD4\ALU\ALU.X\ALU.ASM 286 : Found opcode in column 1. (CLRW)
Warning[203] C:\SP_PROGRAMAS_UNIDAD4\ALU\ALU.X\ALU.ASM 288 : Found opcode in column 1. (bcf)
Warning[203] C:\SP_PROGRAMAS_UNIDAD4\ALU\ALU.X\ALU.ASM 289 : Found opcode in column 1. (bcf)
Warning[203] C:\SP_PROGRAMAS_UNIDAD4\ALU\ALU.X\ALU.ASM 290 : Found opcode in column 1. (bcf)
Warning[203] C:\SP_PROGRAMAS_UNIDAD4\ALU\ALU.X\ALU.ASM 291 : Found opcode in column 1. (bcf)
Warning[203] C:\SP_PROGRAMAS_UNIDAD4\ALU\ALU.X\ALU.ASM 292 : Found opcode in column 1. (bcf)
Warning[203] C:\SP_PROGRAMAS_UNIDAD4\ALU\ALU.X\ALU.ASM 294 : Found opcode in column 1. (bcf)
Warning[203] C:\SP_PROGRAMAS_UNIDAD4\ALU\ALU.X\ALU.ASM 295 : Found opcode in column 1. (BTFSC)
Warning[203] C:\SP_PROGRAMAS_UNIDAD4\ALU\ALU.X\ALU.ASM 296 : Found opcode in column 1. (bsf)
Warning[203] C:\SP_PROGRAMAS_UNIDAD4\ALU\ALU.X\ALU.ASM 297 : Found opcode in column 1. (BTFSC)
Warning[203] C:\SP_PROGRAMAS_UNIDAD4\ALU\ALU.X\ALU.ASM 298 : Found opcode in column 1. (bsf)
Warning[203] C:\SP_PROGRAMAS_UNIDAD4\ALU\ALU.X\ALU.ASM 299 : Found opcode in column 1. (BTFSC)
Warning[203] C:\SP_PROGRAMAS_UNIDAD4\ALU\ALU.X\ALU.ASM 300 : Found opcode in column 1. (bsf)
Warning[203] C:\SP_PROGRAMAS_UNIDAD4\ALU\ALU.X\ALU.ASM 301 : Found opcode in column 1. (BTFSC)
Warning[203] C:\SP_PROGRAMAS_UNIDAD4\ALU\ALU.X\ALU.ASM 302 : Found opcode in column 1. (bsf)
Warning[203] C:\SP_PROGRAMAS_UNIDAD4\ALU\ALU.X\ALU.ASM 303 : Found opcode in column 1. (CLRF)
Warning[203] C:\SP_PROGRAMAS_UNIDAD4\ALU\ALU.X\ALU.ASM 305 : Found opcode in column 1. (call)
Warning[203] C:\SP_PROGRAMAS_UNIDAD4\ALU\ALU.X\ALU.ASM 306 : Found opcode in column 1. (call)
Warning[203] C:\SP_PROGRAMAS_UNIDAD4\ALU\ALU.X\ALU.ASM 307 : Found opcode in column 1. (call)
Warning[203] C:\SP_PROGRAMAS_UNIDAD4\ALU\ALU.X\ALU.ASM 308 : Found opcode in column 1. (call)
Warning[203] C:\SP_PROGRAMAS_UNIDAD4\ALU\ALU.X\ALU.ASM 309 : Found opcode in column 1. (call)
Warning[203] C:\SP_PROGRAMAS_UNIDAD4\ALU\ALU.X\ALU.ASM 310 : Found opcode in column 1. (call)
Warning[203] C:\SP_PROGRAMAS_UNIDAD4\ALU\ALU.X\ALU.ASM 311 : Found opcode in column 1. (call)
Warning[203] C:\SP_PROGRAMAS_UNIDAD4\ALU\ALU.X\ALU.ASM 312 : Found opcode in column 1. (call)
Warning[203] C:\SP_PROGRAMAS_UNIDAD4\ALU\ALU.X\ALU.ASM 314 : Found opcode in column 1. (CLRW)
Warning[203] C:\SP_PROGRAMAS_UNIDAD4\ALU\ALU.X\ALU.ASM 315 : Found opcode in column 1. (RRF)
Warning[203] C:\SP_PROGRAMAS_UNIDAD4\ALU\ALU.X\ALU.ASM 316 : Found opcode in column 1. (MOVWF)
Warning[203] C:\SP_PROGRAMAS_UNIDAD4\ALU\ALU.X\ALU.ASM 317 : Found opcode in column 1. (CLRW)
Warning[203] C:\SP_PROGRAMAS_UNIDAD4\ALU\ALU.X\ALU.ASM 319 : Found opcode in column 1. (bcf)
Warning[203] C:\SP_PROGRAMAS_UNIDAD4\ALU\ALU.X\ALU.ASM 320 : Found opcode in column 1. (bcf)
Warning[203] C:\SP_PROGRAMAS_UNIDAD4\ALU\ALU.X\ALU.ASM 321 : Found opcode in column 1. (bcf)
Warning[203] C:\SP_PROGRAMAS_UNIDAD4\ALU\ALU.X\ALU.ASM 322 : Found opcode in column 1. (bcf)
Warning[203] C:\SP_PROGRAMAS_UNIDAD4\ALU\ALU.X\ALU.ASM 323 : Found opcode in column 1. (bcf)
Warning[203] C:\SP_PROGRAMAS_UNIDAD4\ALU\ALU.X\ALU.ASM 325 : Found opcode in column 1. (BTFSC)
Warning[203] C:\SP_PROGRAMAS_UNIDAD4\ALU\ALU.X\ALU.ASM 327 : Found opcode in column 1. (BTFSC)
Warning[203] C:\SP_PROGRAMAS_UNIDAD4\ALU\ALU.X\ALU.ASM 328 : Found opcode in column 1. (bsf)
Warning[203] C:\SP_PROGRAMAS_UNIDAD4\ALU\ALU.X\ALU.ASM 329 : Found opcode in column 1. (BTFSC)
Warning[203] C:\SP_PROGRAMAS_UNIDAD4\ALU\ALU.X\ALU.ASM 330 : Found opcode in column 1. (bsf)
Warning[203] C:\SP_PROGRAMAS_UNIDAD4\ALU\ALU.X\ALU.ASM 331 : Found opcode in column 1. (BTFSC)
Warning[203] C:\SP_PROGRAMAS_UNIDAD4\ALU\ALU.X\ALU.ASM 332 : Found opcode in column 1. (bsf)
Warning[203] C:\SP_PROGRAMAS_UNIDAD4\ALU\ALU.X\ALU.ASM 333 : Found opcode in column 1. (CLRF)
Warning[203] C:\SP_PROGRAMAS_UNIDAD4\ALU\ALU.X\ALU.ASM 335 : Found opcode in column 1. (call)
Warning[203] C:\SP_PROGRAMAS_UNIDAD4\ALU\ALU.X\ALU.ASM 336 : Found opcode in column 1. (call)
Warning[203] C:\SP_PROGRAMAS_UNIDAD4\ALU\ALU.X\ALU.ASM 337 : Found opcode in column 1. (call)
Warning[203] C:\SP_PROGRAMAS_UNIDAD4\ALU\ALU.X\ALU.ASM 338 : Found opcode in column 1. (call)
Warning[203] C:\SP_PROGRAMAS_UNIDAD4\ALU\ALU.X\ALU.ASM 339 : Found opcode in column 1. (call)
Warning[203] C:\SP_PROGRAMAS_UNIDAD4\ALU\ALU.X\ALU.ASM 340 : Found opcode in column 1. (call)
Warning[203] C:\SP_PROGRAMAS_UNIDAD4\ALU\ALU.X\ALU.ASM 341 : Found opcode in column 1. (call)
Warning[203] C:\SP_PROGRAMAS_UNIDAD4\ALU\ALU.X\ALU.ASM 342 : Found opcode in column 1. (call)
Warning[203] C:\SP_PROGRAMAS_UNIDAD4\ALU\ALU.X\ALU.ASM 344 : Found opcode in column 1. (CLRW)
Warning[203] C:\SP_PROGRAMAS_UNIDAD4\ALU\ALU.X\ALU.ASM 345 : Found opcode in column 1. (movf)
Warning[203] C:\SP_PROGRAMAS_UNIDAD4\ALU\ALU.X\ALU.ASM 346 : Found opcode in column 1. (movwf)
Warning[203] C:\SP_PROGRAMAS_UNIDAD4\ALU\ALU.X\ALU.ASM 347 : Found opcode in column 1. (movf)
Warning[203] C:\SP_PROGRAMAS_UNIDAD4\ALU\ALU.X\ALU.ASM 350 : Found opcode in column 1. (addwf)
Warning[203] C:\SP_PROGRAMAS_UNIDAD4\ALU\ALU.X\ALU.ASM 351 : Found opcode in column 1. (decf)
Warning[203] C:\SP_PROGRAMAS_UNIDAD4\ALU\ALU.X\ALU.ASM 352 : Found opcode in column 1. (btfsc)
Warning[203] C:\SP_PROGRAMAS_UNIDAD4\ALU\ALU.X\ALU.ASM 353 : Found opcode in column 1. (goto)
Warning[203] C:\SP_PROGRAMAS_UNIDAD4\ALU\ALU.X\ALU.ASM 354 : Found opcode in column 1. (movwf)
Warning[203] C:\SP_PROGRAMAS_UNIDAD4\ALU\ALU.X\ALU.ASM 356 : Found opcode in column 1. (bcf)
Warning[203] C:\SP_PROGRAMAS_UNIDAD4\ALU\ALU.X\ALU.ASM 357 : Found opcode in column 1. (bcf)
Warning[203] C:\SP_PROGRAMAS_UNIDAD4\ALU\ALU.X\ALU.ASM 358 : Found opcode in column 1. (bcf)
Warning[203] C:\SP_PROGRAMAS_UNIDAD4\ALU\ALU.X\ALU.ASM 359 : Found opcode in column 1. (bcf)
Warning[203] C:\SP_PROGRAMAS_UNIDAD4\ALU\ALU.X\ALU.ASM 360 : Found opcode in column 1. (bcf)
Warning[203] C:\SP_PROGRAMAS_UNIDAD4\ALU\ALU.X\ALU.ASM 362 : Found opcode in column 1. (BTFSC)
Warning[203] C:\SP_PROGRAMAS_UNIDAD4\ALU\ALU.X\ALU.ASM 363 : Found opcode in column 1. (bsf)
Warning[203] C:\SP_PROGRAMAS_UNIDAD4\ALU\ALU.X\ALU.ASM 364 : Found opcode in column 1. (BTFSC)
Warning[203] C:\SP_PROGRAMAS_UNIDAD4\ALU\ALU.X\ALU.ASM 365 : Found opcode in column 1. (bsf)
Warning[203] C:\SP_PROGRAMAS_UNIDAD4\ALU\ALU.X\ALU.ASM 367 : Found opcode in column 1. (bsf)
Warning[203] C:\SP_PROGRAMAS_UNIDAD4\ALU\ALU.X\ALU.ASM 368 : Found opcode in column 1. (BTFSC)
Warning[203] C:\SP_PROGRAMAS_UNIDAD4\ALU\ALU.X\ALU.ASM 369 : Found opcode in column 1. (bsf)
Warning[203] C:\SP_PROGRAMAS_UNIDAD4\ALU\ALU.X\ALU.ASM 370 : Found opcode in column 1. (CLRF)
Warning[203] C:\SP_PROGRAMAS_UNIDAD4\ALU\ALU.X\ALU.ASM 372 : Found opcode in column 1. (call)
Warning[203] C:\SP_PROGRAMAS_UNIDAD4\ALU\ALU.X\ALU.ASM 373 : Found opcode in column 1. (call)
Warning[203] C:\SP_PROGRAMAS_UNIDAD4\ALU\ALU.X\ALU.ASM 374 : Found opcode in column 1. (call)
Warning[203] C:\SP_PROGRAMAS_UNIDAD4\ALU\ALU.X\ALU.ASM 375 : Found opcode in column 1. (call)
Warning[203] C:\SP_PROGRAMAS_UNIDAD4\ALU\ALU.X\ALU.ASM 376 : Found opcode in column 1. (call)
Warning[203] C:\SP_PROGRAMAS_UNIDAD4\ALU\ALU.X\ALU.ASM 377 : Found opcode in column 1. (call)
Warning[203] C:\SP_PROGRAMAS_UNIDAD4\ALU\ALU.X\ALU.ASM 378 : Found opcode in column 1. (call)
Warning[203] C:\SP_PROGRAMAS_UNIDAD4\ALU\ALU.X\ALU.ASM 379 : Found opcode in column 1. (call)
Warning[203] C:\SP_PROGRAMAS_UNIDAD4\ALU\ALU.X\ALU.ASM 381 : Found opcode in column 1. (clrw)
Warning[203] C:\SP_PROGRAMAS_UNIDAD4\ALU\ALU.X\ALU.ASM 383 : Found opcode in column 1. (movf)
Warning[203] C:\SP_PROGRAMAS_UNIDAD4\ALU\ALU.X\ALU.ASM 384 : Found opcode in column 1. (movwf)
Warning[203] C:\SP_PROGRAMAS_UNIDAD4\ALU\ALU.X\ALU.ASM 386 : Found opcode in column 1. (movf)
Warning[203] C:\SP_PROGRAMAS_UNIDAD4\ALU\ALU.X\ALU.ASM 387 : Found opcode in column 1. (movwf)
Warning[203] C:\SP_PROGRAMAS_UNIDAD4\ALU\ALU.X\ALU.ASM 388 : Found opcode in column 1. (CLRF)
Warning[203] C:\SP_PROGRAMAS_UNIDAD4\ALU\ALU.X\ALU.ASM 391 : Found opcode in column 1. (MOVF)
Warning[203] C:\SP_PROGRAMAS_UNIDAD4\ALU\ALU.X\ALU.ASM 392 : Found opcode in column 1. (MOVWF)
Warning[203] C:\SP_PROGRAMAS_UNIDAD4\ALU\ALU.X\ALU.ASM 393 : Found opcode in column 1. (MOVF)
Warning[203] C:\SP_PROGRAMAS_UNIDAD4\ALU\ALU.X\ALU.ASM 394 : Found opcode in column 1. (INCF)
Warning[203] C:\SP_PROGRAMAS_UNIDAD4\ALU\ALU.X\ALU.ASM 395 : Found opcode in column 1. (SUBWF)
Warning[203] C:\SP_PROGRAMAS_UNIDAD4\ALU\ALU.X\ALU.ASM 396 : Found opcode in column 1. (BTFSC)
Warning[203] C:\SP_PROGRAMAS_UNIDAD4\ALU\ALU.X\ALU.ASM 397 : Found opcode in column 1. (GOTO)
Warning[203] C:\SP_PROGRAMAS_UNIDAD4\ALU\ALU.X\ALU.ASM 398 : Found opcode in column 1. (DECF)
Warning[203] C:\SP_PROGRAMAS_UNIDAD4\ALU\ALU.X\ALU.ASM 399 : Found opcode in column 1. (MOVF)
Warning[203] C:\SP_PROGRAMAS_UNIDAD4\ALU\ALU.X\ALU.ASM 400 : Found opcode in column 1. (MOVWF)
Warning[203] C:\SP_PROGRAMAS_UNIDAD4\ALU\ALU.X\ALU.ASM 402 : Found opcode in column 1. (bcf)
Warning[203] C:\SP_PROGRAMAS_UNIDAD4\ALU\ALU.X\ALU.ASM 403 : Found opcode in column 1. (bcf)
Warning[203] C:\SP_PROGRAMAS_UNIDAD4\ALU\ALU.X\ALU.ASM 404 : Found opcode in column 1. (bcf)
Warning[203] C:\SP_PROGRAMAS_UNIDAD4\ALU\ALU.X\ALU.ASM 406 : Found opcode in column 1. (bcf)
Warning[203] C:\SP_PROGRAMAS_UNIDAD4\ALU\ALU.X\ALU.ASM 408 : Found opcode in column 1. (BTFSC)
Warning[203] C:\SP_PROGRAMAS_UNIDAD4\ALU\ALU.X\ALU.ASM 409 : Found opcode in column 1. (bsf)
Warning[203] C:\SP_PROGRAMAS_UNIDAD4\ALU\ALU.X\ALU.ASM 410 : Found opcode in column 1. (BTFSC)
Warning[203] C:\SP_PROGRAMAS_UNIDAD4\ALU\ALU.X\ALU.ASM 411 : Found opcode in column 1. (bsf)
Warning[203] C:\SP_PROGRAMAS_UNIDAD4\ALU\ALU.X\ALU.ASM 412 : Found opcode in column 1. (BTFSC)
Warning[203] C:\SP_PROGRAMAS_UNIDAD4\ALU\ALU.X\ALU.ASM 413 : Found opcode in column 1. (bsf)
Warning[203] C:\SP_PROGRAMAS_UNIDAD4\ALU\ALU.X\ALU.ASM 414 : Found opcode in column 1. (BTFSC)
Warning[203] C:\SP_PROGRAMAS_UNIDAD4\ALU\ALU.X\ALU.ASM 415 : Found opcode in column 1. (bsf)
Warning[203] C:\SP_PROGRAMAS_UNIDAD4\ALU\ALU.X\ALU.ASM 416 : Found opcode in column 1. (CLRF)
Warning[203] C:\SP_PROGRAMAS_UNIDAD4\ALU\ALU.X\ALU.ASM 418 : Found opcode in column 1. (call)
Warning[203] C:\SP_PROGRAMAS_UNIDAD4\ALU\ALU.X\ALU.ASM 419 : Found opcode in column 1. (call)
Warning[203] C:\SP_PROGRAMAS_UNIDAD4\ALU\ALU.X\ALU.ASM 420 : Found opcode in column 1. (call)
Warning[203] C:\SP_PROGRAMAS_UNIDAD4\ALU\ALU.X\ALU.ASM 421 : Found opcode in column 1. (call)
Warning[203] C:\SP_PROGRAMAS_UNIDAD4\ALU\ALU.X\ALU.ASM 422 : Found opcode in column 1. (call)
Warning[203] C:\SP_PROGRAMAS_UNIDAD4\ALU\ALU.X\ALU.ASM 423 : Found opcode in column 1. (call)
Warning[203] C:\SP_PROGRAMAS_UNIDAD4\ALU\ALU.X\ALU.ASM 424 : Found opcode in column 1. (call)
Warning[203] C:\SP_PROGRAMAS_UNIDAD4\ALU\ALU.X\ALU.ASM 425 : Found opcode in column 1. (call)
Warning[203] C:\SP_PROGRAMAS_UNIDAD4\ALU\ALU.X\ALU.ASM 426 : Found opcode in column 1. (call)
Warning[203] C:\SP_PROGRAMAS_UNIDAD4\ALU\ALU.X\ALU.ASM 430 : Found opcode in column 1. (goto)
Warning[203] C:\SP_PROGRAMAS_UNIDAD4\ALU\ALU.X\ALU.ASM 431 : Found opcode in column 1. (return)
Warning[205] C:\SP_PROGRAMAS_UNIDAD4\ALU\ALU.X\ALU.ASM 433 : Found directive in column 1. (END)
