MPASM 5.74                SERVO_MOTOR_DC.ASM   5-15-2023  19:26:57         PAGE  1


LOC  OBJECT CODE     LINE SOURCE TEXT
  VALUE

                      00001 ;;**************** WELS THEORY ******************
                      00002 ;Descripci?n: Control de 2 Motores DC con el L293D
                      00003 ;Los motores pueden avanzar, retroceder, girar a la izquierda, derecha
                      00004 ;o detenerse.
                      00005 ; 
                      00006 ; Autor:           Wels (@soywels) 
                      00007 ; 
                      00008 ; Copyright:       Wels Theory 2018
                      00009 ;
                      00010 ; Fecha            28 de Febrero del 2018
                      00011 ;  
                      00012 ; Facebook:        https://www.facebook.com/welstheory
                      00013 ; 
                      00014 ; Youtube:         https://www.youtube.com/wels_theory
                      00015 ; 
                      00016 ; Instagram:       https://www.instagram.com/wels_theory/  
                      00017 ;
                      00018 ; CONFIG
                      00019 ; __config 0xFFF1
Warning[205]: Found directive in column 1. (__CONFIG)
2007   3FF1           00020 __CONFIG _FOSC_XT & _WDTE_OFF & _PWRTE_ON & _CP_OFF
Warning[205]: Found directive in column 1. (LIST)
                      00021 LIST P=16F84A
Warning[205]: Found directive in column 1. (INCLUDE)
                      00022 INCLUDE <P16F84A.INC>
                      00001         LIST
                      00002 
                      00003 ;==========================================================================
                      00004 ; Build date : May 17 2017
                      00005 ;  MPASM PIC16F84A processor include
                      00006 ; 
                      00007 ;  (c) Copyright 1999-2017 Microchip Technology, All rights reserved
                      00008 ;==========================================================================
                      00009 
                      00209         LIST
                      00023         ;SERVO
Warning[205]: Found directive in column 1. (CBLOCK)
                      00024 CBLOCK 0X0C
Warning[205]: Found directive in column 1. (ENDC)
                      00025 ENDC
                      00026         ;FIN SERVO
                      00027         
                      00028 ;STOP
                      00029 #DEFINE STOP PORTA,3    
                      00030 ;Motor 1
                      00031 #DEFINE MOTOR1 PORTA,0
                      00032 ;Motor 2
                      00033 #DEFINE MOTOR2 PORTA,1
                      00034 ;
                      00035 ;
                      00036 ;SI STOP = 1 -> MODULOS HABILITADOS
                      00037 ; MOTOR1 - MOTOR2 = SALIDA
                      00038 ;   0    -   0    = RETROCESO
MPASM 5.74                SERVO_MOTOR_DC.ASM   5-15-2023  19:26:57         PAGE  2


LOC  OBJECT CODE     LINE SOURCE TEXT
  VALUE

                      00039 ;   0    -   1    = IZQUIERDA
                      00040 ;   1    -   0    = DERECHA
                      00041 ;   1    -   1    = ADELANTE
                      00042 ;
                      00043 ;SI STOP = 0 -> MODULOS DESHABILITADOS
                      00044 ;
                      00045 ;
                      00046 ;RB0 = Enable 1 -> RB2 y RB3 controlan el giro Motor1
                      00047 ;RB7 = Enable 2 -> RB4 y RB5 controlan el giro Motor2
                      00048 ;
                      00049 ; ZONA DE C?DIGOS ********************************************************************
                      00050         ORG     0
0000                  00051 INICIO
0000   1683           00052         BSF     STATUS,RP0
0001   1585           00053         BSF     STOP        ;ENTRADA
0002   1405           00054         BSF     MOTOR1
0003   1485           00055         BSF     MOTOR2
                      00056         ;SERVO
Message[302]: Register in operand not in bank 0.  Ensure that bank bits are correct.
0004   1505           00057         BSF     TRISA,2
Message[302]: Register in operand not in bank 0.  Ensure that bank bits are correct.
0005   1605           00058         BSF     TRISA,4
                      00059         
                      00060     ;TIMER 0 ASIGNACION DE PRESCALER DE 64
0006   3005           00061         MOVLW   B'00000101'
Message[302]: Register in operand not in bank 0.  Ensure that bank bits are correct.
0007   0081           00062         MOVWF   OPTION_REG
                      00063         ;FIN SERVO
0008   0186           00064         CLRF    PORTB       ;SALIDA
0009   1283           00065         BCF     STATUS,RP0
000A                  00066 START
000A   1D85           00067         BTFSS   STOP        ;STOP = 1?
000B   2???           00068         GOTO    DETENER     ;STOP = 0
000C   1805           00069         BTFSC   MOTOR1      ;MOTOR1 = 0?
000D   2???           00070         GOTO    DIRECCION   ;MOTOR1 = 1
000E   1885           00071         BTFSC   MOTOR2      ;MOTOR2 = 0?
000F   2???           00072         GOTO    IZQUIERDA   ;MOTOR1 = 0 - MOTOR2 = 1
0010   2???           00073         GOTO    ATRAS       ;MOTOR1 = 0 - MOTOR2 = 0
                      00074         ;SERVO
                      00075         
                      00076 ;**** TIEMPOS **
                      00077 ;** 0.5 MS
                      00078 
  000000F8            00079 TIME_500US      EQU     D'248'
                      00080 
0011   30F8           00081 TIMEOF_500US    MOVLW   TIME_500US
0012   0081           00082                                 MOVWF   TMR0
0013   110B           00083                                 BCF             INTCON,T0IF
0014   1D0B           00084 TIME_REB                BTFSS   INTCON,T0IF;DETECTA SI SE DESBORDO EL TEMPORIZADOR
0015   2???           00085                                 GOTO    TIME_REB
0016   0008           00086                                 RETURN
                      00087 
                      00088 ;*** 1MS ****
MPASM 5.74                SERVO_MOTOR_DC.ASM   5-15-2023  19:26:57         PAGE  3


LOC  OBJECT CODE     LINE SOURCE TEXT
  VALUE

                      00089 
  000000F0            00090 TIME_1MS        EQU     D'240'
                      00091 
0017   30F0           00092 TIMEOF_1MS              MOVLW   TIME_1MS
0018   0081           00093                                 MOVWF   TMR0
0019   110B           00094                                 BCF             INTCON,T0IF
001A   1D0B           00095 TIME_REB2               BTFSS   INTCON,T0IF
001B   2???           00096                                 GOTO    TIME_REB2
001C   0008           00097                                 RETURN
                      00098 
                      00099 ;*** 2MS ****
                      00100 
  000000E1            00101 TIME_2MS        EQU     D'225'
                      00102 
001D   30E1           00103 TIMEOF_2MS      MOVLW   TIME_2MS
001E   0081           00104                         MOVWF   TMR0
001F   110B           00105                         BCF             INTCON,T0IF
0020   1D0B           00106 TIME_REB3       BTFSS   INTCON,T0IF
0021   2???           00107                         GOTO    TIME_REB3
0022   0008           00108                         RETURN
                      00109 
                      00110 ;*** 4MS ****
                      00111 
  000000C1            00112 TIME_4MS        EQU     D'193'
                      00113 
0023   30C1           00114 TIMEOF_4MS      MOVLW   TIME_4MS
0024   0081           00115                         MOVWF   TMR0
0025   110B           00116                         BCF             INTCON,T0IF
0026   1D0B           00117 TIME_REB4       BTFSS   INTCON,T0IF
0027   2???           00118                         GOTO    TIME_REB4
0028   0008           00119                         RETURN
                      00120 
                      00121 ; *** 15 MS ****
                      00122 
  00000015            00123 TIME_15MS       EQU D'21'
                      00124 
0029   3015           00125 TIMEOF_15MS     MOVLW   TIME_15MS
002A   0081           00126                         MOVWF   TMR0
002B   110B           00127                         BCF             INTCON,T0IF
002C   1D0B           00128 TIME_REB5       BTFSS   INTCON,T0IF
002D   2???           00129                         GOTO    TIME_REB5
002E   0008           00130                         RETURN
                      00131 
                      00132 ;*** 16 MS ***
                      00133 
  00000006            00134 TIME_16MS       EQU     D'6'
                      00135 
002F   3006           00136 TIMEOF_16MS     MOVLW   TIME_16MS
0030   0081           00137                         MOVWF   TMR0
0031   110B           00138                         BCF             INTCON,T0IF
0032   1D0B           00139 TIME_REB6       BTFSS   INTCON,T0IF
0033   2???           00140                         GOTO    TIME_REB6
0034   0008           00141                         RETURN
MPASM 5.74                SERVO_MOTOR_DC.ASM   5-15-2023  19:26:57         PAGE  4


LOC  OBJECT CODE     LINE SOURCE TEXT
  VALUE

                      00142 
                      00143                         ;FIN SERVO
                      00144         
                      00145         
0035                  00146 IZQUIERDA
0035   3091           00147         MOVLW   B'10010001'
0036   2???           00148         GOTO    SALIDA
0037                  00149 DERECHA
0037   3089           00150         MOVLW   B'10001001'
0038   2???           00151         GOTO    SALIDA
                      00152 
0039                  00153 ATRAS
0039   30A5           00154         MOVLW   B'10100101'
003A   2???           00155         GOTO    SALIDA
                      00156         
003B                  00157 DETENER
003B   0103           00158         CLRW                ;W = 0
003C   2???           00159         GOTO    SALIDA
                      00160         
003D                  00161 DIRECCION
003D   1C85           00162         BTFSS   MOTOR2      ;MOTOR2=1?
003E   2???           00163         GOTO    DERECHA     ;MOTOR1 = 1 - MOTOR2 =0
003F   3099           00164         MOVLW   B'10011001' ;MOTOR1 = 1 - MOTOR2 = 1
0040                  00165 SALIDA                      ;RB7 - RB0 
0040   0086           00166         MOVWF   PORTB
                      00167         ;SERVO
Warning[207]: Found label after column 1. (HOME)
0041                  00168         HOME
0041   1D05           00169                 BTFSS   PORTA,2
0042   2???           00170                 GOTO    HOME_2
0043   1706           00171 ZER             BSF             PORTB,6
0044   2???           00172                 CALL    TIMEOF_500US
0045   1306           00173                 BCF             PORTB,6
0046   2???           00174                 CALL    TIMEOF_15MS
0047   2???           00175                 CALL    TIMEOF_4MS
0048   2???           00176                 CALL    TIMEOF_500US
0049   1E05           00177 HOME_2  BTFSS   PORTA,4
004A   2???           00178                 GOTO    HOME
                      00179 ;NOVENTA GRADOS
                      00180 
004B   1706           00181 NOV             BSF             PORTB,6
004C   2???           00182                 CALL    TIMEOF_1MS
004D   2???           00183                 CALL    TIMEOF_500US
004E   1306           00184                 BCF             PORTB,6
004F   2???           00185                 CALL    TIMEOF_16MS
0050   2???           00186                 CALL    TIMEOF_2MS
0051   2???           00187                 CALL    TIMEOF_500US
                      00188                 
                      00189 
                      00190 
                      00191                 ;FIN SERVO
0052   2???           00192         GOTO    START
3FF1                  00193         END
MPASM 5.74                SERVO_MOTOR_DC.ASM   5-15-2023  19:26:57         PAGE  5


SYMBOL TABLE
  LABEL                             VALUE 

ATRAS                             00000039
C                                 00000000
DC                                00000001
DERECHA                           00000037
DETENER                           0000003B
DIRECCION                         0000003D
EEADR                             00000009
EECON1                            00000088
EECON2                            00000089
EEDATA                            00000008
EEIE                              00000006
EEIF                              00000004
F                                 00000001
FSR                               00000004
GIE                               00000007
HOME                              00000041
HOME_2                            00000049
INDF                              00000000
INICIO                            00000000
INTCON                            0000000B
INTE                              00000004
INTEDG                            00000006
INTF                              00000001
IRP                               00000007
IZQUIERDA                         00000035
MOTOR1                            PORTA,0
MOTOR2                            PORTA,1
NOT_PD                            00000003
NOT_RBPU                          00000007
NOT_TO                            00000004
NOV                               0000004B
OPTION_REG                        00000081
PCL                               00000002
PCLATH                            0000000A
PORTA                             00000005
PORTB                             00000006
PS0                               00000000
PS1                               00000001
PS2                               00000002
PSA                               00000003
RA0                               00000000
RA1                               00000001
RA2                               00000002
RA3                               00000003
RA4                               00000004
RB0                               00000000
RB1                               00000001
RB2                               00000002
RB3                               00000003
RB4                               00000004
RB5                               00000005
RB6                               00000006
RB7                               00000007
MPASM 5.74                SERVO_MOTOR_DC.ASM   5-15-2023  19:26:57         PAGE  6


SYMBOL TABLE
  LABEL                             VALUE 

RBIE                              00000003
RBIF                              00000000
RD                                00000000
RP0                               00000005
RP1                               00000006
SALIDA                            00000040
START                             0000000A
STATUS                            00000003
STOP                              PORTA,3
T0CS                              00000005
T0IE                              00000005
T0IF                              00000002
T0SE                              00000004
TIMEOF_15MS                       00000029
TIMEOF_16MS                       0000002F
TIMEOF_1MS                        00000017
TIMEOF_2MS                        0000001D
TIMEOF_4MS                        00000023
TIMEOF_500US                      00000011
TIME_15MS                         00000015
TIME_16MS                         00000006
TIME_1MS                          000000F0
TIME_2MS                          000000E1
TIME_4MS                          000000C1
TIME_500US                        000000F8
TIME_REB                          00000014
TIME_REB2                         0000001A
TIME_REB3                         00000020
TIME_REB4                         00000026
TIME_REB5                         0000002C
TIME_REB6                         00000032
TMR0                              00000001
TMR0IE                            00000005
TMR0IF                            00000002
TRISA                             00000085
TRISA0                            00000000
TRISA1                            00000001
TRISA2                            00000002
TRISA3                            00000003
TRISA4                            00000004
TRISB                             00000086
TRISB0                            00000000
TRISB1                            00000001
TRISB2                            00000002
TRISB3                            00000003
TRISB4                            00000004
TRISB5                            00000005
TRISB6                            00000006
TRISB7                            00000007
W                                 00000000
WR                                00000001
WREN                              00000002
WRERR                             00000003
MPASM 5.74                SERVO_MOTOR_DC.ASM   5-15-2023  19:26:57         PAGE  7


SYMBOL TABLE
  LABEL                             VALUE 

Z                                 00000002
ZER                               00000043
_CONFIG                           00002007
_CP_OFF                           00003FFF
_CP_ON                            0000000F
_DEVID1                           00002006
_FOSC_EXTRC                       00003FFF
_FOSC_HS                          00003FFE
_FOSC_LP                          00003FFC
_FOSC_XT                          00003FFD
_HS_OSC                           00003FFE
_IDLOC0                           00002000
_IDLOC1                           00002001
_IDLOC2                           00002002
_IDLOC3                           00002003
_LP_OSC                           00003FFC
_PWRTE_OFF                        00003FFF
_PWRTE_ON                         00003FF7
_RC_OSC                           00003FFF
_WDTE_OFF                         00003FFB
_WDTE_ON                          00003FFF
_WDT_OFF                          00003FFB
_WDT_ON                           00003FFF
_XT_OSC                           00003FFD
__16F84A                          00000001

Errors   :     0
Warnings :     6 reported,     0 suppressed
Messages :     3 reported,     0 suppressed

