MPASM 5.74                   EJERCICIO13.ASM   5-1-2023  16:51:59         PAGE  1


LOC  OBJECT CODE     LINE SOURCE TEXT
  VALUE

                      00001 ;CONTADOR INFINITO
                      00002   LIST P=16F84
                      00003 #include "p16f84a.inc" ;Incluye las librerias 
                      00001         LIST
                      00002 
                      00003 ;==========================================================================
                      00004 ; Build date : May 17 2017
                      00005 ;  MPASM PIC16F84A processor include
                      00006 ; 
                      00007 ;  (c) Copyright 1999-2017 Microchip Technology, All rights reserved
                      00008 ;==========================================================================
                      00009 
                      00209         LIST
                      00004   ORG 0
Warning[207]: Found label after column 1. (CONTA)
  000000A0            00005   CONTA EQU H'A0'
                      00006   
0000   1683           00007   BSF STATUS,RP0;BANCO1
0001   3000           00008   MOVLW B'00000000'
0002   0086           00009   MOVWF PORTB;PORTB COMO SALIDA
0003   1283           00010   BCF STATUS,RP0;BANCO1
                      00011   
Warning[207]: Found label after column 1. (INICIO)
0004                  00012   INICIO
0004   3000           00013   MOVLW B'00000000';PONEMOS A CERO CONTA
Message[302]: Register in operand not in bank 0.  Ensure that bank bits are correct.
0005   00A0           00014   MOVWF CONTA;REGISTRO CONTADOR
0006   0086           00015   MOVWF PORTB
                      00016   
                      00017   ;inicia contador
Warning[207]: Found label after column 1. (CONTAR)
0007                  00018   CONTAR
Message[302]: Register in operand not in bank 0.  Ensure that bank bits are correct.
0007   0FA0           00019   INCFSZ CONTA,1;SI ES IGUAL A 0 POR DESBORDAMIENTO, SALTA UNA INSTRUCCION
0008   2???           00020   GOTO CONTAR
0009   30FF           00021   MOVLW B'11111111';SI ES CERO POR DESBORAMIENTO
000A   0086           00022   MOVWF PORTB
000B   2???           00023   GOTO INICIO
                      00024   END
MPASM 5.74                   EJERCICIO13.ASM   5-1-2023  16:51:59         PAGE  2


SYMBOL TABLE
  LABEL                             VALUE 

C                                 00000000
CONTA                             000000A0
CONTAR                            00000007
DC                                00000001
EEADR                             00000009
EECON1                            00000088
EECON2                            00000089
EEDATA                            00000008
EEIE                              00000006
EEIF                              00000004
F                                 00000001
FSR                               00000004
GIE                               00000007
INDF                              00000000
INICIO                            00000004
INTCON                            0000000B
INTE                              00000004
INTEDG                            00000006
INTF                              00000001
IRP                               00000007
NOT_PD                            00000003
NOT_RBPU                          00000007
NOT_TO                            00000004
OPTION_REG                        00000081
PCL                               00000002
PCLATH                            0000000A
PORTA                             00000005
PORTB                             00000006
PS0                               00000000
PS1                               00000001
PS2                               00000002
PSA                               00000003
RA0                               00000000
RA1                               00000001
RA2                               00000002
RA3                               00000003
RA4                               00000004
RB0                               00000000
RB1                               00000001
RB2                               00000002
RB3                               00000003
RB4                               00000004
RB5                               00000005
RB6                               00000006
RB7                               00000007
RBIE                              00000003
RBIF                              00000000
RD                                00000000
RP0                               00000005
RP1                               00000006
STATUS                            00000003
T0CS                              00000005
T0IE                              00000005
MPASM 5.74                   EJERCICIO13.ASM   5-1-2023  16:51:59         PAGE  3


SYMBOL TABLE
  LABEL                             VALUE 

T0IF                              00000002
T0SE                              00000004
TMR0                              00000001
TMR0IE                            00000005
TMR0IF                            00000002
TRISA                             00000085
TRISA0                            00000000
TRISA1                            00000001
TRISA2                            00000002
TRISA3                            00000003
TRISA4                            00000004
TRISB                             00000086
TRISB0                            00000000
TRISB1                            00000001
TRISB2                            00000002
TRISB3                            00000003
TRISB4                            00000004
TRISB5                            00000005
TRISB6                            00000006
TRISB7                            00000007
W                                 00000000
WR                                00000001
WREN                              00000002
WRERR                             00000003
Z                                 00000002
_CONFIG                           00002007
_CP_OFF                           00003FFF
_CP_ON                            0000000F
_DEVID1                           00002006
_FOSC_EXTRC                       00003FFF
_FOSC_HS                          00003FFE
_FOSC_LP                          00003FFC
_FOSC_XT                          00003FFD
_HS_OSC                           00003FFE
_IDLOC0                           00002000
_IDLOC1                           00002001
_IDLOC2                           00002002
_IDLOC3                           00002003
_LP_OSC                           00003FFC
_PWRTE_OFF                        00003FFF
_PWRTE_ON                         00003FF7
_RC_OSC                           00003FFF
_WDTE_OFF                         00003FFB
_WDTE_ON                          00003FFF
_WDT_OFF                          00003FFB
_WDT_ON                           00003FFF
_XT_OSC                           00003FFD
__16F84A                          00000001

Errors   :     0
Warnings :     3 reported,     0 suppressed
Messages :     2 reported,     0 suppressed

