
ROM used:   83/1024 (8%)
            83/1024 (8%) including unused fragments

            0.2 Average locations per line
            5.2 Average locations per statement

RAM used:   5/68 (7%) at main() level
            6/68 (9%) worst case

Stack used: 1 worst case (1 in main + 0 for interrupts)
Stack size: 8

Lines Stmts  %   Files
----- ----- ---  -----
   37    16 100  main.c
  404     0   0  ..\..\..\..\Program Files (x86)\PICC\Devices\16F84A.h
----- -----
  441    16 Total

Page ROM  %  RAM   Vol Diff  Functions:
---- --- --- ---   --- ----  ----------
0     20  24    1             @delay_ms1
0     59  71    1   308  3.3  main
 Inline         0             @cinit1

Program metrics:
    Functions               1
    Statements              16
    Comments                79
    Volume (V)              313
    Difficulty (D)          3.0
    Effort to implement (E) 948
    Time to implement (T)   1 minutes
    Est Delivered Bugs (B)  0
    Cyclomatic Complexity   1
    Maintainability (MI)    143

 Segment     Used  Free
-----------  ----  ----
00000-00003     4  0  
00004-003FF    79  941  



