MPASM 5.74            PROGRAMA_PRINCIPAL.ASM   4-27-2023  16:41:54         PAGE  1


LOC  OBJECT CODE     LINE SOURCE TEXT
  VALUE

                      00001 ;**************** THE WELS THEORY ******************
                      00002 ;Descripci?n: Visualizar en un Display de 7 Segmentos
                      00003 ;Las cantidad del Puerto A.
                      00004 ; PORTA = 1010 -> A
                      00005 ;Para m?s informaci?n visita: www.thewelstheory.com
                      00006 ;Y sigueme en www.facebook.com/WelsTheory
                      00007 
Warning[205]: Found directive in column 1. (List)
                      00008 List P=16F84A ; Procesador PIC16f84A
                      00009 #include "p16f84a.inc" ;Incluye las librerias 
                      00001         LIST
                      00002 
                      00003 ;==========================================================================
                      00004 ; Build date : May 17 2017
                      00005 ;  MPASM PIC16F84A processor include
                      00006 ; 
                      00007 ;  (c) Copyright 1999-2017 Microchip Technology, All rights reserved
                      00008 ;==========================================================================
                      00009 
                      00209         LIST
                      00010     
                      00011 ; CONFIGURACION DEL PIC16F84A
2007   3FF1           00012  __CONFIG _FOSC_XT & _WDTE_OFF & _PWRTE_ON & _CP_OFF
                      00013  
                      00014 ;CODIGO
                      00015 
                      00016     ORG     0
0000                  00017 INICIO
0000   1683           00018     BSF     STATUS,RP0
Message[302]: Register in operand not in bank 0.  Ensure that bank bits are correct.
0001   0186           00019     CLRF    TRISB       ;PORTB todo como salida
0002   301F           00020     MOVLW   B'00011111' ;CONFIGURAMOS TRIS A COMO ENTRADA
Message[302]: Register in operand not in bank 0.  Ensure that bank bits are correct.
0003   0085           00021     MOVWF   TRISA       ; PORTA todo como entrada
0004   1283           00022     BCF     STATUS,RP0
                      00023 
0005                  00024 START
0005   0805           00025     MOVF    PORTA,W     ;LEER PORTA -> W }// 5
0006   390F           00026     ANDLW   B'00001111' ;MULTIPLICAR MASCARA
                      00027                         ;PARA OBTENER LOS 4 BITS MENOS SIGNIFICATIVOS DEL VALOR LEIDO
                      00028                         ;Esto se hace para tener solo los dígitos hexadecimales que 
                      00029                         ;se pueden mostrar en el display de 7 segmentos
0007   2???           00030     CALL    DISPLAY
0008   0086           00031     MOVWF   PORTB   ;GUARDAMOS EL VALOR OBTENIDO DE LA LLAMADA A LA SUBRUTINA DISPLAY
0009   2???           00032     GOTO    START
                      00033     
000A                  00034 DISPLAY
000A   0782           00035     ADDWF   PCL,F 
                      00036     ;DT 0x3F,0x06,0x5B,0x4F,0x66,0x6D,0x7D,0x07,0x7F,0x67,0x77,0x7C,0x39,0x5E,0x79,0x71
000B   343F           00037     RETLW   3FH         ;0
000C   3406           00038     RETLW   06H         ;1
000D   345B           00039     RETLW   5BH         ;2
000E   344F           00040     RETLW   4FH         ;3
MPASM 5.74            PROGRAMA_PRINCIPAL.ASM   4-27-2023  16:41:54         PAGE  2


LOC  OBJECT CODE     LINE SOURCE TEXT
  VALUE

000F   3466           00041     RETLW   66H         ;4
0010   346D           00042     RETLW   6DH         ;5
0011   347D           00043     RETLW   7DH         ;6
0012   3407           00044     RETLW   07H         ;7
0013   347F           00045     RETLW   7FH         ;8
0014   3467           00046     RETLW   67H         ;9
0015   3477           00047     RETLW   77H         ;A
0016   347C           00048     RETLW   7CH         ;B
0017   3439           00049     RETLW   39H         ;C
0018   345E           00050     RETLW   5EH         ;D
0019   3479           00051     RETLW   79H         ;E
001A   3471           00052     RETLW   71H         ;F 
3FF1                  00053     END
MPASM 5.74            PROGRAMA_PRINCIPAL.ASM   4-27-2023  16:41:54         PAGE  3


SYMBOL TABLE
  LABEL                             VALUE 

C                                 00000000
DC                                00000001
DISPLAY                           0000000A
EEADR                             00000009
EECON1                            00000088
EECON2                            00000089
EEDATA                            00000008
EEIE                              00000006
EEIF                              00000004
F                                 00000001
FSR                               00000004
GIE                               00000007
INDF                              00000000
INICIO                            00000000
INTCON                            0000000B
INTE                              00000004
INTEDG                            00000006
INTF                              00000001
IRP                               00000007
NOT_PD                            00000003
NOT_RBPU                          00000007
NOT_TO                            00000004
OPTION_REG                        00000081
PCL                               00000002
PCLATH                            0000000A
PORTA                             00000005
PORTB                             00000006
PS0                               00000000
PS1                               00000001
PS2                               00000002
PSA                               00000003
RA0                               00000000
RA1                               00000001
RA2                               00000002
RA3                               00000003
RA4                               00000004
RB0                               00000000
RB1                               00000001
RB2                               00000002
RB3                               00000003
RB4                               00000004
RB5                               00000005
RB6                               00000006
RB7                               00000007
RBIE                              00000003
RBIF                              00000000
RD                                00000000
RP0                               00000005
RP1                               00000006
START                             00000005
STATUS                            00000003
T0CS                              00000005
T0IE                              00000005
MPASM 5.74            PROGRAMA_PRINCIPAL.ASM   4-27-2023  16:41:54         PAGE  4


SYMBOL TABLE
  LABEL                             VALUE 

T0IF                              00000002
T0SE                              00000004
TMR0                              00000001
TMR0IE                            00000005
TMR0IF                            00000002
TRISA                             00000085
TRISA0                            00000000
TRISA1                            00000001
TRISA2                            00000002
TRISA3                            00000003
TRISA4                            00000004
TRISB                             00000086
TRISB0                            00000000
TRISB1                            00000001
TRISB2                            00000002
TRISB3                            00000003
TRISB4                            00000004
TRISB5                            00000005
TRISB6                            00000006
TRISB7                            00000007
W                                 00000000
WR                                00000001
WREN                              00000002
WRERR                             00000003
Z                                 00000002
_CONFIG                           00002007
_CP_OFF                           00003FFF
_CP_ON                            0000000F
_DEVID1                           00002006
_FOSC_EXTRC                       00003FFF
_FOSC_HS                          00003FFE
_FOSC_LP                          00003FFC
_FOSC_XT                          00003FFD
_HS_OSC                           00003FFE
_IDLOC0                           00002000
_IDLOC1                           00002001
_IDLOC2                           00002002
_IDLOC3                           00002003
_LP_OSC                           00003FFC
_PWRTE_OFF                        00003FFF
_PWRTE_ON                         00003FF7
_RC_OSC                           00003FFF
_WDTE_OFF                         00003FFB
_WDTE_ON                          00003FFF
_WDT_OFF                          00003FFB
_WDT_ON                           00003FFF
_XT_OSC                           00003FFD
__16F84A                          00000001

Errors   :     0
Warnings :     1 reported,     0 suppressed
Messages :     2 reported,     0 suppressed

