MPASM 5.74                 EJERCICIO_5_4.ASM   5-3-2023  17:44:44         PAGE  1


LOC  OBJECT CODE     LINE SOURCE TEXT
  VALUE

                      00001 ; Programa que guarda las entradas de RB0 a RB3 en la variable "entrada"
                      00002 ; y las entradas de RB4 a RB7 en la variable "entrada2".
                      00003 ; Luego realiza una operación AND entre "entrada" y "entrada2" y muestra el resultado en PORTA.
                      00004 
                      00005     LIST P=16F84A      ; Procesador PIC16F84A
                      00006     INCLUDE "P16F84A.INC"  ; Incluye las librerías
                      00001         LIST
                      00002 
                      00003 ;==========================================================================
                      00004 ; Build date : May 17 2017
                      00005 ;  MPASM PIC16F84A processor include
                      00006 ; 
                      00007 ;  (c) Copyright 1999-2017 Microchip Technology, All rights reserved
                      00008 ;==========================================================================
                      00009 
                      00209         LIST
                      00007 
                      00008 ; CONFIGURACIÓN DEL PIC16F84A
2007   3FF1           00009     __CONFIG _FOSC_XT & _WDTE_OFF & _PWRTE_ON & _CP_OFF
                      00010 
                      00011 ; Variables
                      00012     CBLOCK 0x0C
  0000000C            00013         entrada     ; Variable para almacenar las entradas de RB0 a RB3
  0000000D            00014         entrada2    ; Variable para almacenar las entradas de RB4 a RB7
  0000000E            00015         salida      ; Variable para almacenar el resultado de la operación AND
                      00016     ENDC
                      00017 
                      00018 ; Código
                      00019     ORG 0x00
                      00020 
0000                  00021 START
0000   1683           00022     BSF STATUS, RP0     ; Cambiar a Banco 1
Message[302]: Register in operand not in bank 0.  Ensure that bank bits are correct.
0001   0185           00023     CLRF TRISA          ; Configurar todos los pines de PORTA como salida
0002   30FF           00024     MOVLW B'11111111'
Message[302]: Register in operand not in bank 0.  Ensure that bank bits are correct.
0003   0086           00025     MOVWF TRISB         ; Configurar los pines RB0-RB3 como entrada
                      00026 
0004   1283           00027     BCF STATUS, RP0     ; Cambiar a Banco 0
                      00028 
                      00029 ; Leer los valores de entrada en RB0-RB3 y guardarlos en la variable "entrada"
0005   0806           00030     MOVF PORTB, W       ; Leer el valor de PORTB
0006   390F           00031     ANDLW B'00001111'   ; Aplicar una máscara para obtener los bits RB0-RB3
0007   008C           00032     MOVWF entrada       ; Guardar los bits RB0-RB3 en la variable "entrada"
                      00033 
                      00034 ; Leer los valores de entrada en RB4-RB7 y guardarlos en la variable "entrada2"
0008   0806           00035     MOVFW PORTB
0009   0E06           00036     SWAPF PORTB, W      ; Intercambiar los nibbles del valor de PORTB
000A   390F           00037     ANDLW B'00001111'   ; Aplicar una máscara para obtener los bits RB4-RB7
000B   008D           00038     MOVWF entrada2      ; Guardar los bits RB4-RB7 en la variable "entrada2"
                      00039 
                      00040 ; Realizar operación AND entre "entrada" y "entrada2" y guardar el resultado en "salida"
000C   080C           00041     MOVF entrada, W     ; Cargar el valor de "entrada" en W
MPASM 5.74                 EJERCICIO_5_4.ASM   5-3-2023  17:44:44         PAGE  2


LOC  OBJECT CODE     LINE SOURCE TEXT
  VALUE

000D   050D           00042     ANDWF entrada2, W   ; Realizar la operación AND con "entrada2" y guardar el resultado en W
000E   008E           00043     MOVWF salida        ; Guardar el resultado en la variable "salida"
                      00044 
                      00045 ; Mostrar el contenido de la variable "salida" en los pines de salida del PORTA (RA0 a RA3)
000F   080E           00046     MOVF salida, W      ; Cargar el valor de "salida" en W
0010   0085           00047     MOVWF PORTA         ; Mostrar el contenido de W en los pines de salida del PORTA
                      00048 
                      00049 ; Aquí puedes realizar cualquier operación o manipulación con las variables "entrada", "entrada2" y "sal
                            ida"
                      00050 
0011   2???           00051     GOTO START          ; Volver al inicio
Warning[205]: Found directive in column 1. (end)
3FF1                  00052 end
MPASM 5.74                 EJERCICIO_5_4.ASM   5-3-2023  17:44:44         PAGE  3


SYMBOL TABLE
  LABEL                             VALUE 

C                                 00000000
DC                                00000001
EEADR                             00000009
EECON1                            00000088
EECON2                            00000089
EEDATA                            00000008
EEIE                              00000006
EEIF                              00000004
F                                 00000001
FSR                               00000004
GIE                               00000007
INDF                              00000000
INTCON                            0000000B
INTE                              00000004
INTEDG                            00000006
INTF                              00000001
IRP                               00000007
NOT_PD                            00000003
NOT_RBPU                          00000007
NOT_TO                            00000004
OPTION_REG                        00000081
PCL                               00000002
PCLATH                            0000000A
PORTA                             00000005
PORTB                             00000006
PS0                               00000000
PS1                               00000001
PS2                               00000002
PSA                               00000003
RA0                               00000000
RA1                               00000001
RA2                               00000002
RA3                               00000003
RA4                               00000004
RB0                               00000000
RB1                               00000001
RB2                               00000002
RB3                               00000003
RB4                               00000004
RB5                               00000005
RB6                               00000006
RB7                               00000007
RBIE                              00000003
RBIF                              00000000
RD                                00000000
RP0                               00000005
RP1                               00000006
START                             00000000
STATUS                            00000003
T0CS                              00000005
T0IE                              00000005
T0IF                              00000002
T0SE                              00000004
MPASM 5.74                 EJERCICIO_5_4.ASM   5-3-2023  17:44:44         PAGE  4


SYMBOL TABLE
  LABEL                             VALUE 

TMR0                              00000001
TMR0IE                            00000005
TMR0IF                            00000002
TRISA                             00000085
TRISA0                            00000000
TRISA1                            00000001
TRISA2                            00000002
TRISA3                            00000003
TRISA4                            00000004
TRISB                             00000086
TRISB0                            00000000
TRISB1                            00000001
TRISB2                            00000002
TRISB3                            00000003
TRISB4                            00000004
TRISB5                            00000005
TRISB6                            00000006
TRISB7                            00000007
W                                 00000000
WR                                00000001
WREN                              00000002
WRERR                             00000003
Z                                 00000002
_CONFIG                           00002007
_CP_OFF                           00003FFF
_CP_ON                            0000000F
_DEVID1                           00002006
_FOSC_EXTRC                       00003FFF
_FOSC_HS                          00003FFE
_FOSC_LP                          00003FFC
_FOSC_XT                          00003FFD
_HS_OSC                           00003FFE
_IDLOC0                           00002000
_IDLOC1                           00002001
_IDLOC2                           00002002
_IDLOC3                           00002003
_LP_OSC                           00003FFC
_PWRTE_OFF                        00003FFF
_PWRTE_ON                         00003FF7
_RC_OSC                           00003FFF
_WDTE_OFF                         00003FFB
_WDTE_ON                          00003FFF
_WDT_OFF                          00003FFB
_WDT_ON                           00003FFF
_XT_OSC                           00003FFD
__16F84A                          00000001
entrada                           0000000C
entrada2                          0000000D
salida                            0000000E

MPASM 5.74                 EJERCICIO_5_4.ASM   5-3-2023  17:44:44         PAGE  5





Errors   :     0
Warnings :     1 reported,     0 suppressed
Messages :     2 reported,     0 suppressed

